2019-12-12 16:13:09,312 - Velocimacro :  VM library template macro registration complete.
2019-12-12 16:13:09,313 - Velocimacro : allowInline = true : VMs can be defined inline in templates
2019-12-12 16:13:09,313 - Velocimacro : allowInlineToOverride = false : VMs defined inline may NOT replace previous VM definitions
2019-12-12 16:13:09,313 - Velocimacro : allowInlineLocal = false : VMs defined inline will be  global in scope if allowed.
2019-12-12 16:13:09,313 - Velocimacro : messages on  : VM system will output logging messages
2019-12-12 16:13:09,313 - Velocimacro : autoload off  : VM system will not automatically reload global library macros
2019-12-12 16:13:09,313 - Velocimacro : initialization complete.
2019-12-12 16:13:09,313 - Velocity successfully started.
2019-12-13 19:38:52,759 - SimpleLog4JLogSystem initialized using logfile 'velocity.log'
2019-12-13 19:38:52,760 - ************************************************************** 
2019-12-13 19:38:52,760 - Starting Jakarta Velocity v1.4
2019-12-13 19:38:52,760 - RuntimeInstance initializing.
2019-12-13 19:38:52,760 - Default Properties File: org/apache/velocity/runtime/defaults/velocity.properties
2019-12-13 19:38:52,760 - Trying to use logger class org.apache.velocity.runtime.log.SimpleLog4JLogSystem
2019-12-13 19:38:52,760 - Using logger class org.apache.velocity.runtime.log.SimpleLog4JLogSystem
2019-12-13 19:38:52,762 - Default ResourceManager initializing. (class org.apache.velocity.runtime.resource.ResourceManagerImpl)
2019-12-13 19:38:52,763 - Resource Loader Instantiated: org.apache.velocity.runtime.resource.loader.ClasspathResourceLoader
2019-12-13 19:38:52,763 - ClasspathResourceLoader : initialization starting.
2019-12-13 19:38:52,763 - ClasspathResourceLoader : initialization complete.
2019-12-13 19:38:52,764 - ResourceCache : initialized. (class org.apache.velocity.runtime.resource.ResourceCacheImpl)
2019-12-13 19:38:52,764 - Default ResourceManager initialization complete.
2019-12-13 19:38:52,765 - Loaded System Directive: org.apache.velocity.runtime.directive.Literal
2019-12-13 19:38:52,766 - Loaded System Directive: org.apache.velocity.runtime.directive.Macro
2019-12-13 19:38:52,768 - Loaded System Directive: org.apache.velocity.runtime.directive.Parse
2019-12-13 19:38:52,769 - Loaded System Directive: org.apache.velocity.runtime.directive.Include
2019-12-13 19:38:52,769 - Loaded System Directive: org.apache.velocity.runtime.directive.Foreach
2019-12-13 19:38:52,787 - Created: 20 parsers.
2019-12-13 19:38:52,790 - Velocimacro : initialization starting.
2019-12-13 19:38:52,790 - Velocimacro : adding VMs from VM library template : VM_global_library.vm
2019-12-13 19:38:52,792 - ResourceManager : unable to find resource 'VM_global_library.vm' in any resource loader.
2019-12-13 19:38:52,793 - Velocimacro : error using  VM library template VM_global_library.vm : org.apache.velocity.exception.ResourceNotFoundException: Unable to find resource 'VM_global_library.vm'
2019-12-13 19:38:52,793 - Velocimacro :  VM library template macro registration complete.
2019-12-13 19:38:52,793 - Velocimacro : allowInline = true : VMs can be defined inline in templates
2019-12-13 19:38:52,793 - Velocimacro : allowInlineToOverride = false : VMs defined inline may NOT replace previous VM definitions
2019-12-13 19:38:52,793 - Velocimacro : allowInlineLocal = false : VMs defined inline will be  global in scope if allowed.
2019-12-13 19:38:52,793 - Velocimacro : messages on  : VM system will output logging messages
2019-12-13 19:38:52,793 - Velocimacro : autoload off  : VM system will not automatically reload global library macros
2019-12-13 19:38:52,793 - Velocimacro : initialization complete.
2019-12-13 19:38:52,793 - Velocity successfully started.
2019-12-13 19:50:57,386 - SimpleLog4JLogSystem initialized using logfile 'velocity.log'
2019-12-13 19:50:57,387 - ************************************************************** 
2019-12-13 19:50:57,387 - Starting Jakarta Velocity v1.4
2019-12-13 19:50:57,387 - RuntimeInstance initializing.
2019-12-13 19:50:57,387 - Default Properties File: org/apache/velocity/runtime/defaults/velocity.properties
2019-12-13 19:50:57,387 - Trying to use logger class org.apache.velocity.runtime.log.SimpleLog4JLogSystem
2019-12-13 19:50:57,387 - Using logger class org.apache.velocity.runtime.log.SimpleLog4JLogSystem
2019-12-13 19:50:57,389 - Default ResourceManager initializing. (class org.apache.velocity.runtime.resource.ResourceManagerImpl)
2019-12-13 19:50:57,390 - Resource Loader Instantiated: org.apache.velocity.runtime.resource.loader.ClasspathResourceLoader
2019-12-13 19:50:57,390 - ClasspathResourceLoader : initialization starting.
2019-12-13 19:50:57,390 - ClasspathResourceLoader : initialization complete.
2019-12-13 19:50:57,390 - ResourceCache : initialized. (class org.apache.velocity.runtime.resource.ResourceCacheImpl)
2019-12-13 19:50:57,390 - Default ResourceManager initialization complete.
2019-12-13 19:50:57,391 - Loaded System Directive: org.apache.velocity.runtime.directive.Literal
2019-12-13 19:50:57,392 - Loaded System Directive: org.apache.velocity.runtime.directive.Macro
2019-12-13 19:50:57,393 - Loaded System Directive: org.apache.velocity.runtime.directive.Parse
2019-12-13 19:50:57,394 - Loaded System Directive: org.apache.velocity.runtime.directive.Include
2019-12-13 19:50:57,395 - Loaded System Directive: org.apache.velocity.runtime.directive.Foreach
2019-12-13 19:50:57,413 - Created: 20 parsers.
2019-12-13 19:50:57,416 - Velocimacro : initialization starting.
2019-12-13 19:50:57,416 - Velocimacro : adding VMs from VM library template : VM_global_library.vm
2019-12-13 19:50:57,417 - ResourceManager : unable to find resource 'VM_global_library.vm' in any resource loader.
2019-12-13 19:50:57,417 - Velocimacro : error using  VM library template VM_global_library.vm : org.apache.velocity.exception.ResourceNotFoundException: Unable to find resource 'VM_global_library.vm'
2019-12-13 19:50:57,417 - Velocimacro :  VM library template macro registration complete.
2019-12-13 19:50:57,417 - Velocimacro : allowInline = true : VMs can be defined inline in templates
2019-12-13 19:50:57,417 - Velocimacro : allowInlineToOverride = false : VMs defined inline may NOT replace previous VM definitions
2019-12-13 19:50:57,417 - Velocimacro : allowInlineLocal = false : VMs defined inline will be  global in scope if allowed.
2019-12-13 19:50:57,418 - Velocimacro : messages on  : VM system will output logging messages
2019-12-13 19:50:57,418 - Velocimacro : autoload off  : VM system will not automatically reload global library macros
2019-12-13 19:50:57,418 - Velocimacro : initialization complete.
2019-12-13 19:50:57,418 - Velocity successfully started.
2019-12-13 20:32:16,632 - SimpleLog4JLogSystem initialized using logfile 'velocity.log'
2019-12-13 20:32:16,634 - ************************************************************** 
2019-12-13 20:32:16,634 - Starting Jakarta Velocity v1.4
2019-12-13 20:32:16,634 - RuntimeInstance initializing.
2019-12-13 20:32:16,634 - Default Properties File: org/apache/velocity/runtime/defaults/velocity.properties
2019-12-13 20:32:16,634 - Trying to use logger class org.apache.velocity.runtime.log.SimpleLog4JLogSystem
2019-12-13 20:32:16,634 - Using logger class org.apache.velocity.runtime.log.SimpleLog4JLogSystem
2019-12-13 20:32:16,638 - Default ResourceManager initializing. (class org.apache.velocity.runtime.resource.ResourceManagerImpl)
2019-12-13 20:32:16,640 - Resource Loader Instantiated: org.apache.velocity.runtime.resource.loader.ClasspathResourceLoader
2019-12-13 20:32:16,640 - ClasspathResourceLoader : initialization starting.
2019-12-13 20:32:16,640 - ClasspathResourceLoader : initialization complete.
2019-12-13 20:32:16,641 - ResourceCache : initialized. (class org.apache.velocity.runtime.resource.ResourceCacheImpl)
2019-12-13 20:32:16,641 - Default ResourceManager initialization complete.
2019-12-13 20:32:16,646 - Loaded System Directive: org.apache.velocity.runtime.directive.Literal
2019-12-13 20:32:16,648 - Loaded System Directive: org.apache.velocity.runtime.directive.Macro
2019-12-13 20:32:16,652 - Loaded System Directive: org.apache.velocity.runtime.directive.Parse
2019-12-13 20:32:16,655 - Loaded System Directive: org.apache.velocity.runtime.directive.Include
2019-12-13 20:32:16,657 - Loaded System Directive: org.apache.velocity.runtime.directive.Foreach
2019-12-13 20:32:16,693 - Created: 20 parsers.
2019-12-13 20:32:16,699 - Velocimacro : initialization starting.
2019-12-13 20:32:16,699 - Velocimacro : adding VMs from VM library template : VM_global_library.vm
2019-12-13 20:32:16,707 - ResourceManager : unable to find resource 'VM_global_library.vm' in any resource loader.
2019-12-13 20:32:16,707 - Velocimacro : error using  VM library template VM_global_library.vm : org.apache.velocity.exception.ResourceNotFoundException: Unable to find resource 'VM_global_library.vm'
2019-12-13 20:32:16,708 - Velocimacro :  VM library template macro registration complete.
2019-12-13 20:32:16,708 - Velocimacro : allowInline = true : VMs can be defined inline in templates
2019-12-13 20:32:16,708 - Velocimacro : allowInlineToOverride = false : VMs defined inline may NOT replace previous VM definitions
2019-12-13 20:32:16,708 - Velocimacro : allowInlineLocal = false : VMs defined inline will be  global in scope if allowed.
2019-12-13 20:32:16,708 - Velocimacro : messages on  : VM system will output logging messages
2019-12-13 20:32:16,708 - Velocimacro : autoload off  : VM system will not automatically reload global library macros
2019-12-13 20:32:16,709 - Velocimacro : initialization complete.
2019-12-13 20:32:16,709 - Velocity successfully started.
2019-12-13 20:32:30,268 - SimpleLog4JLogSystem initialized using logfile 'velocity.log'
2019-12-13 20:32:30,269 - ************************************************************** 
2019-12-13 20:32:30,269 - Starting Jakarta Velocity v1.4
2019-12-13 20:32:30,269 - RuntimeInstance initializing.
2019-12-13 20:32:30,269 - Default Properties File: org/apache/velocity/runtime/defaults/velocity.properties
2019-12-13 20:32:30,269 - Trying to use logger class org.apache.velocity.runtime.log.SimpleLog4JLogSystem
2019-12-13 20:32:30,269 - Using logger class org.apache.velocity.runtime.log.SimpleLog4JLogSystem
2019-12-13 20:32:30,270 - Default ResourceManager initializing. (class org.apache.velocity.runtime.resource.ResourceManagerImpl)
2019-12-13 20:32:30,271 - Resource Loader Instantiated: org.apache.velocity.runtime.resource.loader.ClasspathResourceLoader
2019-12-13 20:32:30,271 - ClasspathResourceLoader : initialization starting.
2019-12-13 20:32:30,271 - ClasspathResourceLoader : initialization complete.
2019-12-13 20:32:30,272 - ResourceCache : initialized. (class org.apache.velocity.runtime.resource.ResourceCacheImpl)
2019-12-13 20:32:30,272 - Default ResourceManager initialization complete.
2019-12-13 20:32:30,273 - Loaded System Directive: org.apache.velocity.runtime.directive.Literal
2019-12-13 20:32:30,274 - Loaded System Directive: org.apache.velocity.runtime.directive.Macro
2019-12-13 20:32:30,276 - Loaded System Directive: org.apache.velocity.runtime.directive.Parse
2019-12-13 20:32:30,276 - Loaded System Directive: org.apache.velocity.runtime.directive.Include
2019-12-13 20:32:30,277 - Loaded System Directive: org.apache.velocity.runtime.directive.Foreach
2019-12-13 20:32:30,293 - Created: 20 parsers.
2019-12-13 20:32:30,296 - Velocimacro : initialization starting.
2019-12-13 20:32:30,296 - Velocimacro : adding VMs from VM library template : VM_global_library.vm
2019-12-13 20:32:30,297 - ResourceManager : unable to find resource 'VM_global_library.vm' in any resource loader.
2019-12-13 20:32:30,297 - Velocimacro : error using  VM library template VM_global_library.vm : org.apache.velocity.exception.ResourceNotFoundException: Unable to find resource 'VM_global_library.vm'
2019-12-13 20:32:30,297 - Velocimacro :  VM library template macro registration complete.
2019-12-13 20:32:30,298 - Velocimacro : allowInline = true : VMs can be defined inline in templates
2019-12-13 20:32:30,298 - Velocimacro : allowInlineToOverride = false : VMs defined inline may NOT replace previous VM definitions
2019-12-13 20:32:30,298 - Velocimacro : allowInlineLocal = false : VMs defined inline will be  global in scope if allowed.
2019-12-13 20:32:30,298 - Velocimacro : messages on  : VM system will output logging messages
2019-12-13 20:32:30,298 - Velocimacro : autoload off  : VM system will not automatically reload global library macros
2019-12-13 20:32:30,298 - Velocimacro : initialization complete.
2019-12-13 20:32:30,298 - Velocity successfully started.
2019-12-14 01:52:53,230 - SimpleLog4JLogSystem initialized using logfile 'velocity.log'
2019-12-14 01:52:53,230 - ************************************************************** 
2019-12-14 01:52:53,230 - Starting Jakarta Velocity v1.4
2019-12-14 01:52:53,230 - RuntimeInstance initializing.
2019-12-14 01:52:53,230 - Default Properties File: org/apache/velocity/runtime/defaults/velocity.properties
2019-12-14 01:52:53,230 - Trying to use logger class org.apache.velocity.runtime.log.SimpleLog4JLogSystem
2019-12-14 01:52:53,230 - Using logger class org.apache.velocity.runtime.log.SimpleLog4JLogSystem
2019-12-14 01:52:53,232 - Default ResourceManager initializing. (class org.apache.velocity.runtime.resource.ResourceManagerImpl)
2019-12-14 01:52:53,233 - Resource Loader Instantiated: org.apache.velocity.runtime.resource.loader.ClasspathResourceLoader
2019-12-14 01:52:53,233 - ClasspathResourceLoader : initialization starting.
2019-12-14 01:52:53,233 - ClasspathResourceLoader : initialization complete.
2019-12-14 01:52:53,234 - ResourceCache : initialized. (class org.apache.velocity.runtime.resource.ResourceCacheImpl)
2019-12-14 01:52:53,234 - Default ResourceManager initialization complete.
2019-12-14 01:52:53,235 - Loaded System Directive: org.apache.velocity.runtime.directive.Literal
2019-12-14 01:52:53,236 - Loaded System Directive: org.apache.velocity.runtime.directive.Macro
2019-12-14 01:52:53,238 - Loaded System Directive: org.apache.velocity.runtime.directive.Parse
2019-12-14 01:52:53,239 - Loaded System Directive: org.apache.velocity.runtime.directive.Include
2019-12-14 01:52:53,239 - Loaded System Directive: org.apache.velocity.runtime.directive.Foreach
2019-12-14 01:52:53,256 - Created: 20 parsers.
2019-12-14 01:52:53,259 - Velocimacro : initialization starting.
2019-12-14 01:52:53,259 - Velocimacro : adding VMs from VM library template : VM_global_library.vm
2019-12-14 01:52:53,261 - ResourceManager : unable to find resource 'VM_global_library.vm' in any resource loader.
2019-12-14 01:52:53,261 - Velocimacro : error using  VM library template VM_global_library.vm : org.apache.velocity.exception.ResourceNotFoundException: Unable to find resource 'VM_global_library.vm'
2019-12-14 01:52:53,261 - Velocimacro :  VM library template macro registration complete.
2019-12-14 01:52:53,261 - Velocimacro : allowInline = true : VMs can be defined inline in templates
2019-12-14 01:52:53,261 - Velocimacro : allowInlineToOverride = false : VMs defined inline may NOT replace previous VM definitions
2019-12-14 01:52:53,261 - Velocimacro : allowInlineLocal = false : VMs defined inline will be  global in scope if allowed.
2019-12-14 01:52:53,262 - Velocimacro : messages on  : VM system will output logging messages
2019-12-14 01:52:53,262 - Velocimacro : autoload off  : VM system will not automatically reload global library macros
2019-12-14 01:52:53,262 - Velocimacro : initialization complete.
2019-12-14 01:52:53,262 - Velocity successfully started.
2019-12-15 17:59:04,671 - SimpleLog4JLogSystem initialized using logfile 'velocity.log'
2019-12-15 17:59:04,672 - ************************************************************** 
2019-12-15 17:59:04,672 - Starting Jakarta Velocity v1.4
2019-12-15 17:59:04,672 - RuntimeInstance initializing.
2019-12-15 17:59:04,672 - Default Properties File: org/apache/velocity/runtime/defaults/velocity.properties
2019-12-15 17:59:04,672 - Trying to use logger class org.apache.velocity.runtime.log.SimpleLog4JLogSystem
2019-12-15 17:59:04,672 - Using logger class org.apache.velocity.runtime.log.SimpleLog4JLogSystem
2019-12-15 17:59:04,674 - Default ResourceManager initializing. (class org.apache.velocity.runtime.resource.ResourceManagerImpl)
2019-12-15 17:59:04,676 - Resource Loader Instantiated: org.apache.velocity.runtime.resource.loader.ClasspathResourceLoader
2019-12-15 17:59:04,676 - ClasspathResourceLoader : initialization starting.
2019-12-15 17:59:04,676 - ClasspathResourceLoader : initialization complete.
2019-12-15 17:59:04,677 - ResourceCache : initialized. (class org.apache.velocity.runtime.resource.ResourceCacheImpl)
2019-12-15 17:59:04,678 - Default ResourceManager initialization complete.
2019-12-15 17:59:04,679 - Loaded System Directive: org.apache.velocity.runtime.directive.Literal
2019-12-15 17:59:04,680 - Loaded System Directive: org.apache.velocity.runtime.directive.Macro
2019-12-15 17:59:04,682 - Loaded System Directive: org.apache.velocity.runtime.directive.Parse
2019-12-15 17:59:04,684 - Loaded System Directive: org.apache.velocity.runtime.directive.Include
2019-12-15 17:59:04,684 - Loaded System Directive: org.apache.velocity.runtime.directive.Foreach
2019-12-15 17:59:04,714 - Created: 20 parsers.
2019-12-15 17:59:04,717 - Velocimacro : initialization starting.
2019-12-15 17:59:04,718 - Velocimacro : adding VMs from VM library template : VM_global_library.vm
2019-12-15 17:59:04,720 - ResourceManager : unable to find resource 'VM_global_library.vm' in any resource loader.
2019-12-15 17:59:04,720 - Velocimacro : error using  VM library template VM_global_library.vm : org.apache.velocity.exception.ResourceNotFoundException: Unable to find resource 'VM_global_library.vm'
2019-12-15 17:59:04,720 - Velocimacro :  VM library template macro registration complete.
2019-12-15 17:59:04,720 - Velocimacro : allowInline = true : VMs can be defined inline in templates
2019-12-15 17:59:04,720 - Velocimacro : allowInlineToOverride = false : VMs defined inline may NOT replace previous VM definitions
2019-12-15 17:59:04,720 - Velocimacro : allowInlineLocal = false : VMs defined inline will be  global in scope if allowed.
2019-12-15 17:59:04,720 - Velocimacro : messages on  : VM system will output logging messages
2019-12-15 17:59:04,720 - Velocimacro : autoload off  : VM system will not automatically reload global library macros
2019-12-15 17:59:04,720 - Velocimacro : initialization complete.
2019-12-15 17:59:04,720 - Velocity successfully started.
2019-12-16 16:17:35,216 - SimpleLog4JLogSystem initialized using logfile 'velocity.log'
2019-12-16 16:17:35,221 - ************************************************************** 
2019-12-16 16:17:35,222 - Starting Jakarta Velocity v1.4
2019-12-16 16:17:35,223 - RuntimeInstance initializing.
2019-12-16 16:17:35,223 - Default Properties File: org/apache/velocity/runtime/defaults/velocity.properties
2019-12-16 16:17:35,223 - Trying to use logger class org.apache.velocity.runtime.log.SimpleLog4JLogSystem
2019-12-16 16:17:35,223 - Using logger class org.apache.velocity.runtime.log.SimpleLog4JLogSystem
2019-12-16 16:17:35,237 - Default ResourceManager initializing. (class org.apache.velocity.runtime.resource.ResourceManagerImpl)
2019-12-16 16:17:35,239 - Resource Loader Instantiated: org.apache.velocity.runtime.resource.loader.ClasspathResourceLoader
2019-12-16 16:17:35,239 - ClasspathResourceLoader : initialization starting.
2019-12-16 16:17:35,239 - ClasspathResourceLoader : initialization complete.
2019-12-16 16:17:35,240 - ResourceCache : initialized. (class org.apache.velocity.runtime.resource.ResourceCacheImpl)
2019-12-16 16:17:35,240 - Default ResourceManager initialization complete.
2019-12-16 16:17:35,245 - Loaded System Directive: org.apache.velocity.runtime.directive.Literal
2019-12-16 16:17:35,246 - Loaded System Directive: org.apache.velocity.runtime.directive.Macro
2019-12-16 16:17:35,247 - Loaded System Directive: org.apache.velocity.runtime.directive.Parse
2019-12-16 16:17:35,253 - Loaded System Directive: org.apache.velocity.runtime.directive.Include
2019-12-16 16:17:35,254 - Loaded System Directive: org.apache.velocity.runtime.directive.Foreach
2019-12-16 16:17:35,309 - Created: 20 parsers.
2019-12-16 16:17:35,323 - Velocimacro : initialization starting.
2019-12-16 16:17:35,323 - Velocimacro : adding VMs from VM library template : VM_global_library.vm
2019-12-16 16:17:35,327 - ResourceManager : unable to find resource 'VM_global_library.vm' in any resource loader.
2019-12-16 16:17:35,327 - Velocimacro : error using  VM library template VM_global_library.vm : org.apache.velocity.exception.ResourceNotFoundException: Unable to find resource 'VM_global_library.vm'
2019-12-16 16:17:35,327 - Velocimacro :  VM library template macro registration complete.
2019-12-16 16:17:35,327 - Velocimacro : allowInline = true : VMs can be defined inline in templates
2019-12-16 16:17:35,328 - Velocimacro : allowInlineToOverride = false : VMs defined inline may NOT replace previous VM definitions
2019-12-16 16:17:35,328 - Velocimacro : allowInlineLocal = false : VMs defined inline will be  global in scope if allowed.
2019-12-16 16:17:35,328 - Velocimacro : messages on  : VM system will output logging messages
2019-12-16 16:17:35,328 - Velocimacro : autoload off  : VM system will not automatically reload global library macros
2019-12-16 16:17:35,328 - Velocimacro : initialization complete.
2019-12-16 16:17:35,334 - Velocity successfully started.
2019-12-16 16:17:40,075 - SimpleLog4JLogSystem initialized using logfile 'velocity.log'
2019-12-16 16:17:40,076 - ************************************************************** 
2019-12-16 16:17:40,076 - Starting Jakarta Velocity v1.4
2019-12-16 16:17:40,076 - RuntimeInstance initializing.
2019-12-16 16:17:40,076 - Default Properties File: org/apache/velocity/runtime/defaults/velocity.properties
2019-12-16 16:17:40,076 - Trying to use logger class org.apache.velocity.runtime.log.SimpleLog4JLogSystem
2019-12-16 16:17:40,076 - Using logger class org.apache.velocity.runtime.log.SimpleLog4JLogSystem
2019-12-16 16:17:40,078 - Default ResourceManager initializing. (class org.apache.velocity.runtime.resource.ResourceManagerImpl)
2019-12-16 16:17:40,089 - Resource Loader Instantiated: org.apache.velocity.runtime.resource.loader.ClasspathResourceLoader
2019-12-16 16:17:40,090 - ClasspathResourceLoader : initialization starting.
2019-12-16 16:17:40,090 - ClasspathResourceLoader : initialization complete.
2019-12-16 16:17:40,094 - ResourceCache : initialized. (class org.apache.velocity.runtime.resource.ResourceCacheImpl)
2019-12-16 16:17:40,094 - Default ResourceManager initialization complete.
2019-12-16 16:17:40,098 - Loaded System Directive: org.apache.velocity.runtime.directive.Literal
2019-12-16 16:17:40,103 - Loaded System Directive: org.apache.velocity.runtime.directive.Macro
2019-12-16 16:17:40,107 - Loaded System Directive: org.apache.velocity.runtime.directive.Parse
2019-12-16 16:17:40,112 - Loaded System Directive: org.apache.velocity.runtime.directive.Include
2019-12-16 16:17:40,118 - Loaded System Directive: org.apache.velocity.runtime.directive.Foreach
2019-12-16 16:17:40,183 - Created: 20 parsers.
2019-12-16 16:17:40,194 - Velocimacro : initialization starting.
2019-12-16 16:17:40,194 - Velocimacro : adding VMs from VM library template : VM_global_library.vm
2019-12-16 16:17:40,202 - ResourceManager : unable to find resource 'VM_global_library.vm' in any resource loader.
2019-12-16 16:17:40,202 - Velocimacro : error using  VM library template VM_global_library.vm : org.apache.velocity.exception.ResourceNotFoundException: Unable to find resource 'VM_global_library.vm'
2019-12-16 16:17:40,202 - Velocimacro :  VM library template macro registration complete.
2019-12-16 16:17:40,202 - Velocimacro : allowInline = true : VMs can be defined inline in templates
2019-12-16 16:17:40,202 - Velocimacro : allowInlineToOverride = false : VMs defined inline may NOT replace previous VM definitions
2019-12-16 16:17:40,202 - Velocimacro : allowInlineLocal = false : VMs defined inline will be  global in scope if allowed.
2019-12-16 16:17:40,202 - Velocimacro : messages on  : VM system will output logging messages
2019-12-16 16:17:40,203 - Velocimacro : autoload off  : VM system will not automatically reload global library macros
2019-12-16 16:17:40,203 - Velocimacro : initialization complete.
2019-12-16 16:17:40,203 - Velocity successfully started.
2019-12-16 16:17:55,285 - SimpleLog4JLogSystem initialized using logfile 'velocity.log'
2019-12-16 16:17:55,285 - ************************************************************** 
2019-12-16 16:17:55,285 - Starting Jakarta Velocity v1.4
2019-12-16 16:17:55,285 - RuntimeInstance initializing.
2019-12-16 16:17:55,285 - Default Properties File: org/apache/velocity/runtime/defaults/velocity.properties
2019-12-16 16:17:55,285 - Trying to use logger class org.apache.velocity.runtime.log.SimpleLog4JLogSystem
2019-12-16 16:17:55,285 - Using logger class org.apache.velocity.runtime.log.SimpleLog4JLogSystem
2019-12-16 16:17:55,287 - Default ResourceManager initializing. (class org.apache.velocity.runtime.resource.ResourceManagerImpl)
2019-12-16 16:17:55,288 - Resource Loader Instantiated: org.apache.velocity.runtime.resource.loader.ClasspathResourceLoader
2019-12-16 16:17:55,288 - ClasspathResourceLoader : initialization starting.
2019-12-16 16:17:55,288 - ClasspathResourceLoader : initialization complete.
2019-12-16 16:17:55,289 - ResourceCache : initialized. (class org.apache.velocity.runtime.resource.ResourceCacheImpl)
2019-12-16 16:17:55,289 - Default ResourceManager initialization complete.
2019-12-16 16:17:55,290 - Loaded System Directive: org.apache.velocity.runtime.directive.Literal
2019-12-16 16:17:55,291 - Loaded System Directive: org.apache.velocity.runtime.directive.Macro
2019-12-16 16:17:55,293 - Loaded System Directive: org.apache.velocity.runtime.directive.Parse
2019-12-16 16:17:55,294 - Loaded System Directive: org.apache.velocity.runtime.directive.Include
2019-12-16 16:17:55,295 - Loaded System Directive: org.apache.velocity.runtime.directive.Foreach
2019-12-16 16:17:55,315 - Created: 20 parsers.
2019-12-16 16:17:55,318 - Velocimacro : initialization starting.
2019-12-16 16:17:55,318 - Velocimacro : adding VMs from VM library template : VM_global_library.vm
2019-12-16 16:17:55,320 - ResourceManager : unable to find resource 'VM_global_library.vm' in any resource loader.
2019-12-16 16:17:55,320 - Velocimacro : error using  VM library template VM_global_library.vm : org.apache.velocity.exception.ResourceNotFoundException: Unable to find resource 'VM_global_library.vm'
2019-12-16 16:17:55,320 - Velocimacro :  VM library template macro registration complete.
2019-12-16 16:17:55,320 - Velocimacro : allowInline = true : VMs can be defined inline in templates
2019-12-16 16:17:55,320 - Velocimacro : allowInlineToOverride = false : VMs defined inline may NOT replace previous VM definitions
2019-12-16 16:17:55,320 - Velocimacro : allowInlineLocal = false : VMs defined inline will be  global in scope if allowed.
2019-12-16 16:17:55,320 - Velocimacro : messages on  : VM system will output logging messages
2019-12-16 16:17:55,320 - Velocimacro : autoload off  : VM system will not automatically reload global library macros
2019-12-16 16:17:55,321 - Velocimacro : initialization complete.
2019-12-16 16:17:55,321 - Velocity successfully started.
2019-12-16 16:18:09,779 - SimpleLog4JLogSystem initialized using logfile 'velocity.log'
2019-12-16 16:18:09,780 - ************************************************************** 
2019-12-16 16:18:09,780 - Starting Jakarta Velocity v1.4
2019-12-16 16:18:09,781 - RuntimeInstance initializing.
2019-12-16 16:18:09,781 - Default Properties File: org/apache/velocity/runtime/defaults/velocity.properties
2019-12-16 16:18:09,781 - Trying to use logger class org.apache.velocity.runtime.log.SimpleLog4JLogSystem
2019-12-16 16:18:09,781 - Using logger class org.apache.velocity.runtime.log.SimpleLog4JLogSystem
2019-12-16 16:18:09,783 - Default ResourceManager initializing. (class org.apache.velocity.runtime.resource.ResourceManagerImpl)
2019-12-16 16:18:09,785 - Resource Loader Instantiated: org.apache.velocity.runtime.resource.loader.ClasspathResourceLoader
2019-12-16 16:18:09,785 - ClasspathResourceLoader : initialization starting.
2019-12-16 16:18:09,785 - ClasspathResourceLoader : initialization complete.
2019-12-16 16:18:09,787 - ResourceCache : initialized. (class org.apache.velocity.runtime.resource.ResourceCacheImpl)
2019-12-16 16:18:09,787 - Default ResourceManager initialization complete.
2019-12-16 16:18:09,790 - Loaded System Directive: org.apache.velocity.runtime.directive.Literal
2019-12-16 16:18:09,791 - Loaded System Directive: org.apache.velocity.runtime.directive.Macro
2019-12-16 16:18:09,793 - Loaded System Directive: org.apache.velocity.runtime.directive.Parse
2019-12-16 16:18:09,794 - Loaded System Directive: org.apache.velocity.runtime.directive.Include
2019-12-16 16:18:09,795 - Loaded System Directive: org.apache.velocity.runtime.directive.Foreach
2019-12-16 16:18:09,823 - Created: 20 parsers.
2019-12-16 16:18:09,826 - Velocimacro : initialization starting.
2019-12-16 16:18:09,826 - Velocimacro : adding VMs from VM library template : VM_global_library.vm
2019-12-16 16:18:09,828 - ResourceManager : unable to find resource 'VM_global_library.vm' in any resource loader.
2019-12-16 16:18:09,829 - Velocimacro : error using  VM library template VM_global_library.vm : org.apache.velocity.exception.ResourceNotFoundException: Unable to find resource 'VM_global_library.vm'
2019-12-16 16:18:09,829 - Velocimacro :  VM library template macro registration complete.
2019-12-16 16:18:09,829 - Velocimacro : allowInline = true : VMs can be defined inline in templates
2019-12-16 16:18:09,829 - Velocimacro : allowInlineToOverride = false : VMs defined inline may NOT replace previous VM definitions
2019-12-16 16:18:09,829 - Velocimacro : allowInlineLocal = false : VMs defined inline will be  global in scope if allowed.
2019-12-16 16:18:09,829 - Velocimacro : messages on  : VM system will output logging messages
2019-12-16 16:18:09,829 - Velocimacro : autoload off  : VM system will not automatically reload global library macros
2019-12-16 16:18:09,829 - Velocimacro : initialization complete.
2019-12-16 16:18:09,829 - Velocity successfully started.
2019-12-16 17:13:13,367 - SimpleLog4JLogSystem initialized using logfile 'velocity.log'
2019-12-16 17:13:13,367 - ************************************************************** 
2019-12-16 17:13:13,367 - Starting Jakarta Velocity v1.4
2019-12-16 17:13:13,367 - RuntimeInstance initializing.
2019-12-16 17:13:13,367 - Default Properties File: org/apache/velocity/runtime/defaults/velocity.properties
2019-12-16 17:13:13,367 - Trying to use logger class org.apache.velocity.runtime.log.SimpleLog4JLogSystem
2019-12-16 17:13:13,367 - Using logger class org.apache.velocity.runtime.log.SimpleLog4JLogSystem
2019-12-16 17:13:13,369 - Default ResourceManager initializing. (class org.apache.velocity.runtime.resource.ResourceManagerImpl)
2019-12-16 17:13:13,370 - Resource Loader Instantiated: org.apache.velocity.runtime.resource.loader.ClasspathResourceLoader
2019-12-16 17:13:13,370 - ClasspathResourceLoader : initialization starting.
2019-12-16 17:13:13,370 - ClasspathResourceLoader : initialization complete.
2019-12-16 17:13:13,370 - ResourceCache : initialized. (class org.apache.velocity.runtime.resource.ResourceCacheImpl)
2019-12-16 17:13:13,370 - Default ResourceManager initialization complete.
2019-12-16 17:13:13,371 - Loaded System Directive: org.apache.velocity.runtime.directive.Literal
2019-12-16 17:13:13,372 - Loaded System Directive: org.apache.velocity.runtime.directive.Macro
2019-12-16 17:13:13,373 - Loaded System Directive: org.apache.velocity.runtime.directive.Parse
2019-12-16 17:13:13,374 - Loaded System Directive: org.apache.velocity.runtime.directive.Include
2019-12-16 17:13:13,374 - Loaded System Directive: org.apache.velocity.runtime.directive.Foreach
2019-12-16 17:13:13,391 - Created: 20 parsers.
2019-12-16 17:13:13,393 - Velocimacro : initialization starting.
2019-12-16 17:13:13,393 - Velocimacro : adding VMs from VM library template : VM_global_library.vm
2019-12-16 17:13:13,395 - ResourceManager : unable to find resource 'VM_global_library.vm' in any resource loader.
2019-12-16 17:13:13,395 - Velocimacro : error using  VM library template VM_global_library.vm : org.apache.velocity.exception.ResourceNotFoundException: Unable to find resource 'VM_global_library.vm'
2019-12-16 17:13:13,395 - Velocimacro :  VM library template macro registration complete.
2019-12-16 17:13:13,395 - Velocimacro : allowInline = true : VMs can be defined inline in templates
2019-12-16 17:13:13,395 - Velocimacro : allowInlineToOverride = false : VMs defined inline may NOT replace previous VM definitions
2019-12-16 17:13:13,395 - Velocimacro : allowInlineLocal = false : VMs defined inline will be  global in scope if allowed.
2019-12-16 17:13:13,395 - Velocimacro : messages on  : VM system will output logging messages
2019-12-16 17:13:13,395 - Velocimacro : autoload off  : VM system will not automatically reload global library macros
2019-12-16 17:13:13,395 - Velocimacro : initialization complete.
2019-12-16 17:13:13,395 - Velocity successfully started.
2019-12-16 17:19:40,306 - SimpleLog4JLogSystem initialized using logfile 'velocity.log'
2019-12-16 17:19:40,306 - ************************************************************** 
2019-12-16 17:19:40,306 - Starting Jakarta Velocity v1.4
2019-12-16 17:19:40,306 - RuntimeInstance initializing.
2019-12-16 17:19:40,307 - Default Properties File: org/apache/velocity/runtime/defaults/velocity.properties
2019-12-16 17:19:40,307 - Trying to use logger class org.apache.velocity.runtime.log.SimpleLog4JLogSystem
2019-12-16 17:19:40,307 - Using logger class org.apache.velocity.runtime.log.SimpleLog4JLogSystem
2019-12-16 17:19:40,309 - Default ResourceManager initializing. (class org.apache.velocity.runtime.resource.ResourceManagerImpl)
2019-12-16 17:19:40,310 - Resource Loader Instantiated: org.apache.velocity.runtime.resource.loader.ClasspathResourceLoader
2019-12-16 17:19:40,310 - ClasspathResourceLoader : initialization starting.
2019-12-16 17:19:40,310 - ClasspathResourceLoader : initialization complete.
2019-12-16 17:19:40,311 - ResourceCache : initialized. (class org.apache.velocity.runtime.resource.ResourceCacheImpl)
2019-12-16 17:19:40,311 - Default ResourceManager initialization complete.
2019-12-16 17:19:40,312 - Loaded System Directive: org.apache.velocity.runtime.directive.Literal
2019-12-16 17:19:40,313 - Loaded System Directive: org.apache.velocity.runtime.directive.Macro
2019-12-16 17:19:40,315 - Loaded System Directive: org.apache.velocity.runtime.directive.Parse
2019-12-16 17:19:40,316 - Loaded System Directive: org.apache.velocity.runtime.directive.Include
2019-12-16 17:19:40,317 - Loaded System Directive: org.apache.velocity.runtime.directive.Foreach
2019-12-16 17:19:40,339 - Created: 20 parsers.
2019-12-16 17:19:40,341 - Velocimacro : initialization starting.
2019-12-16 17:19:40,342 - Velocimacro : adding VMs from VM library template : VM_global_library.vm
2019-12-16 17:19:40,343 - ResourceManager : unable to find resource 'VM_global_library.vm' in any resource loader.
2019-12-16 17:19:40,343 - Velocimacro : error using  VM library template VM_global_library.vm : org.apache.velocity.exception.ResourceNotFoundException: Unable to find resource 'VM_global_library.vm'
2019-12-16 17:19:40,343 - Velocimacro :  VM library template macro registration complete.
2019-12-16 17:19:40,343 - Velocimacro : allowInline = true : VMs can be defined inline in templates
2019-12-16 17:19:40,343 - Velocimacro : allowInlineToOverride = false : VMs defined inline may NOT replace previous VM definitions
2019-12-16 17:19:40,343 - Velocimacro : allowInlineLocal = false : VMs defined inline will be  global in scope if allowed.
2019-12-16 17:19:40,343 - Velocimacro : messages on  : VM system will output logging messages
2019-12-16 17:19:40,343 - Velocimacro : autoload off  : VM system will not automatically reload global library macros
2019-12-16 17:19:40,343 - Velocimacro : initialization complete.
2019-12-16 17:19:40,343 - Velocity successfully started.
2019-12-16 17:50:33,449 - SimpleLog4JLogSystem initialized using logfile 'velocity.log'
2019-12-16 17:50:33,450 - ************************************************************** 
2019-12-16 17:50:33,450 - Starting Jakarta Velocity v1.4
2019-12-16 17:50:33,450 - RuntimeInstance initializing.
2019-12-16 17:50:33,450 - Default Properties File: org/apache/velocity/runtime/defaults/velocity.properties
2019-12-16 17:50:33,450 - Trying to use logger class org.apache.velocity.runtime.log.SimpleLog4JLogSystem
2019-12-16 17:50:33,450 - Using logger class org.apache.velocity.runtime.log.SimpleLog4JLogSystem
2019-12-16 17:50:33,452 - Default ResourceManager initializing. (class org.apache.velocity.runtime.resource.ResourceManagerImpl)
2019-12-16 17:50:33,453 - Resource Loader Instantiated: org.apache.velocity.runtime.resource.loader.ClasspathResourceLoader
2019-12-16 17:50:33,453 - ClasspathResourceLoader : initialization starting.
2019-12-16 17:50:33,453 - ClasspathResourceLoader : initialization complete.
2019-12-16 17:50:33,454 - ResourceCache : initialized. (class org.apache.velocity.runtime.resource.ResourceCacheImpl)
2019-12-16 17:50:33,454 - Default ResourceManager initialization complete.
2019-12-16 17:50:33,455 - Loaded System Directive: org.apache.velocity.runtime.directive.Literal
2019-12-16 17:50:33,457 - Loaded System Directive: org.apache.velocity.runtime.directive.Macro
2019-12-16 17:50:33,458 - Loaded System Directive: org.apache.velocity.runtime.directive.Parse
2019-12-16 17:50:33,459 - Loaded System Directive: org.apache.velocity.runtime.directive.Include
2019-12-16 17:50:33,460 - Loaded System Directive: org.apache.velocity.runtime.directive.Foreach
2019-12-16 17:50:33,480 - Created: 20 parsers.
2019-12-16 17:50:33,483 - Velocimacro : initialization starting.
2019-12-16 17:50:33,484 - Velocimacro : adding VMs from VM library template : VM_global_library.vm
2019-12-16 17:50:33,485 - ResourceManager : unable to find resource 'VM_global_library.vm' in any resource loader.
2019-12-16 17:50:33,486 - Velocimacro : error using  VM library template VM_global_library.vm : org.apache.velocity.exception.ResourceNotFoundException: Unable to find resource 'VM_global_library.vm'
2019-12-16 17:50:33,486 - Velocimacro :  VM library template macro registration complete.
2019-12-16 17:50:33,486 - Velocimacro : allowInline = true : VMs can be defined inline in templates
2019-12-16 17:50:33,486 - Velocimacro : allowInlineToOverride = false : VMs defined inline may NOT replace previous VM definitions
2019-12-16 17:50:33,486 - Velocimacro : allowInlineLocal = false : VMs defined inline will be  global in scope if allowed.
2019-12-16 17:50:33,486 - Velocimacro : messages on  : VM system will output logging messages
2019-12-16 17:50:33,486 - Velocimacro : autoload off  : VM system will not automatically reload global library macros
2019-12-16 17:50:33,486 - Velocimacro : initialization complete.
2019-12-16 17:50:33,486 - Velocity successfully started.
2019-12-16 19:58:27,584 - SimpleLog4JLogSystem initialized using logfile 'velocity.log'
2019-12-16 19:58:27,585 - ************************************************************** 
2019-12-16 19:58:27,585 - Starting Jakarta Velocity v1.4
2019-12-16 19:58:27,585 - RuntimeInstance initializing.
2019-12-16 19:58:27,585 - Default Properties File: org/apache/velocity/runtime/defaults/velocity.properties
2019-12-16 19:58:27,585 - Trying to use logger class org.apache.velocity.runtime.log.SimpleLog4JLogSystem
2019-12-16 19:58:27,585 - Using logger class org.apache.velocity.runtime.log.SimpleLog4JLogSystem
2019-12-16 19:58:27,592 - Default ResourceManager initializing. (class org.apache.velocity.runtime.resource.ResourceManagerImpl)
2019-12-16 19:58:27,594 - Resource Loader Instantiated: org.apache.velocity.runtime.resource.loader.ClasspathResourceLoader
2019-12-16 19:58:27,594 - ClasspathResourceLoader : initialization starting.
2019-12-16 19:58:27,594 - ClasspathResourceLoader : initialization complete.
2019-12-16 19:58:27,601 - ResourceCache : initialized. (class org.apache.velocity.runtime.resource.ResourceCacheImpl)
2019-12-16 19:58:27,601 - Default ResourceManager initialization complete.
2019-12-16 19:58:27,603 - Loaded System Directive: org.apache.velocity.runtime.directive.Literal
2019-12-16 19:58:27,605 - Loaded System Directive: org.apache.velocity.runtime.directive.Macro
2019-12-16 19:58:27,607 - Loaded System Directive: org.apache.velocity.runtime.directive.Parse
2019-12-16 19:58:27,610 - Loaded System Directive: org.apache.velocity.runtime.directive.Include
2019-12-16 19:58:27,611 - Loaded System Directive: org.apache.velocity.runtime.directive.Foreach
2019-12-16 19:58:27,646 - Created: 20 parsers.
2019-12-16 19:58:27,652 - Velocimacro : initialization starting.
2019-12-16 19:58:27,652 - Velocimacro : adding VMs from VM library template : VM_global_library.vm
2019-12-16 19:58:27,655 - ResourceManager : unable to find resource 'VM_global_library.vm' in any resource loader.
2019-12-16 19:58:27,655 - Velocimacro : error using  VM library template VM_global_library.vm : org.apache.velocity.exception.ResourceNotFoundException: Unable to find resource 'VM_global_library.vm'
2019-12-16 19:58:27,655 - Velocimacro :  VM library template macro registration complete.
2019-12-16 19:58:27,655 - Velocimacro : allowInline = true : VMs can be defined inline in templates
2019-12-16 19:58:27,655 - Velocimacro : allowInlineToOverride = false : VMs defined inline may NOT replace previous VM definitions
2019-12-16 19:58:27,655 - Velocimacro : allowInlineLocal = false : VMs defined inline will be  global in scope if allowed.
2019-12-16 19:58:27,655 - Velocimacro : messages on  : VM system will output logging messages
2019-12-16 19:58:27,655 - Velocimacro : autoload off  : VM system will not automatically reload global library macros
2019-12-16 19:58:27,656 - Velocimacro : initialization complete.
2019-12-16 19:58:27,656 - Velocity successfully started.
2019-12-16 22:47:10,282 - SimpleLog4JLogSystem initialized using logfile 'velocity.log'
2019-12-16 22:47:10,283 - ************************************************************** 
2019-12-16 22:47:10,283 - Starting Jakarta Velocity v1.4
2019-12-16 22:47:10,283 - RuntimeInstance initializing.
2019-12-16 22:47:10,283 - Default Properties File: org/apache/velocity/runtime/defaults/velocity.properties
2019-12-16 22:47:10,283 - Trying to use logger class org.apache.velocity.runtime.log.SimpleLog4JLogSystem
2019-12-16 22:47:10,283 - Using logger class org.apache.velocity.runtime.log.SimpleLog4JLogSystem
2019-12-16 22:47:10,285 - Default ResourceManager initializing. (class org.apache.velocity.runtime.resource.ResourceManagerImpl)
2019-12-16 22:47:10,287 - Resource Loader Instantiated: org.apache.velocity.runtime.resource.loader.ClasspathResourceLoader
2019-12-16 22:47:10,287 - ClasspathResourceLoader : initialization starting.
2019-12-16 22:47:10,287 - ClasspathResourceLoader : initialization complete.
2019-12-16 22:47:10,288 - ResourceCache : initialized. (class org.apache.velocity.runtime.resource.ResourceCacheImpl)
2019-12-16 22:47:10,288 - Default ResourceManager initialization complete.
2019-12-16 22:47:10,292 - Loaded System Directive: org.apache.velocity.runtime.directive.Literal
2019-12-16 22:47:10,294 - Loaded System Directive: org.apache.velocity.runtime.directive.Macro
2019-12-16 22:47:10,296 - Loaded System Directive: org.apache.velocity.runtime.directive.Parse
2019-12-16 22:47:10,297 - Loaded System Directive: org.apache.velocity.runtime.directive.Include
2019-12-16 22:47:10,298 - Loaded System Directive: org.apache.velocity.runtime.directive.Foreach
2019-12-16 22:47:10,319 - Created: 20 parsers.
2019-12-16 22:47:10,322 - Velocimacro : initialization starting.
2019-12-16 22:47:10,322 - Velocimacro : adding VMs from VM library template : VM_global_library.vm
2019-12-16 22:47:10,324 - ResourceManager : unable to find resource 'VM_global_library.vm' in any resource loader.
2019-12-16 22:47:10,324 - Velocimacro : error using  VM library template VM_global_library.vm : org.apache.velocity.exception.ResourceNotFoundException: Unable to find resource 'VM_global_library.vm'
2019-12-16 22:47:10,324 - Velocimacro :  VM library template macro registration complete.
2019-12-16 22:47:10,324 - Velocimacro : allowInline = true : VMs can be defined inline in templates
2019-12-16 22:47:10,325 - Velocimacro : allowInlineToOverride = false : VMs defined inline may NOT replace previous VM definitions
2019-12-16 22:47:10,325 - Velocimacro : allowInlineLocal = false : VMs defined inline will be  global in scope if allowed.
2019-12-16 22:47:10,325 - Velocimacro : messages on  : VM system will output logging messages
2019-12-16 22:47:10,325 - Velocimacro : autoload off  : VM system will not automatically reload global library macros
2019-12-16 22:47:10,325 - Velocimacro : initialization complete.
2019-12-16 22:47:10,325 - Velocity successfully started.
2019-12-16 23:01:06,740 - SimpleLog4JLogSystem initialized using logfile 'velocity.log'
2019-12-16 23:01:06,740 - ************************************************************** 
2019-12-16 23:01:06,740 - Starting Jakarta Velocity v1.4
2019-12-16 23:01:06,740 - RuntimeInstance initializing.
2019-12-16 23:01:06,740 - Default Properties File: org/apache/velocity/runtime/defaults/velocity.properties
2019-12-16 23:01:06,740 - Trying to use logger class org.apache.velocity.runtime.log.SimpleLog4JLogSystem
2019-12-16 23:01:06,740 - Using logger class org.apache.velocity.runtime.log.SimpleLog4JLogSystem
2019-12-16 23:01:06,742 - Default ResourceManager initializing. (class org.apache.velocity.runtime.resource.ResourceManagerImpl)
2019-12-16 23:01:06,742 - Resource Loader Instantiated: org.apache.velocity.runtime.resource.loader.ClasspathResourceLoader
2019-12-16 23:01:06,743 - ClasspathResourceLoader : initialization starting.
2019-12-16 23:01:06,743 - ClasspathResourceLoader : initialization complete.
2019-12-16 23:01:06,743 - ResourceCache : initialized. (class org.apache.velocity.runtime.resource.ResourceCacheImpl)
2019-12-16 23:01:06,743 - Default ResourceManager initialization complete.
2019-12-16 23:01:06,744 - Loaded System Directive: org.apache.velocity.runtime.directive.Literal
2019-12-16 23:01:06,745 - Loaded System Directive: org.apache.velocity.runtime.directive.Macro
2019-12-16 23:01:06,747 - Loaded System Directive: org.apache.velocity.runtime.directive.Parse
2019-12-16 23:01:06,748 - Loaded System Directive: org.apache.velocity.runtime.directive.Include
2019-12-16 23:01:06,748 - Loaded System Directive: org.apache.velocity.runtime.directive.Foreach
2019-12-16 23:01:06,765 - Created: 20 parsers.
2019-12-16 23:01:06,768 - Velocimacro : initialization starting.
2019-12-16 23:01:06,768 - Velocimacro : adding VMs from VM library template : VM_global_library.vm
2019-12-16 23:01:06,769 - ResourceManager : unable to find resource 'VM_global_library.vm' in any resource loader.
2019-12-16 23:01:06,769 - Velocimacro : error using  VM library template VM_global_library.vm : org.apache.velocity.exception.ResourceNotFoundException: Unable to find resource 'VM_global_library.vm'
2019-12-16 23:01:06,770 - Velocimacro :  VM library template macro registration complete.
2019-12-16 23:01:06,770 - Velocimacro : allowInline = true : VMs can be defined inline in templates
2019-12-16 23:01:06,770 - Velocimacro : allowInlineToOverride = false : VMs defined inline may NOT replace previous VM definitions
2019-12-16 23:01:06,770 - Velocimacro : allowInlineLocal = false : VMs defined inline will be  global in scope if allowed.
2019-12-16 23:01:06,770 - Velocimacro : messages on  : VM system will output logging messages
2019-12-16 23:01:06,770 - Velocimacro : autoload off  : VM system will not automatically reload global library macros
2019-12-16 23:01:06,770 - Velocimacro : initialization complete.
2019-12-16 23:01:06,770 - Velocity successfully started.
2019-12-16 23:43:48,416 - SimpleLog4JLogSystem initialized using logfile 'velocity.log'
2019-12-16 23:43:48,417 - ************************************************************** 
2019-12-16 23:43:48,417 - Starting Jakarta Velocity v1.4
2019-12-16 23:43:48,417 - RuntimeInstance initializing.
2019-12-16 23:43:48,417 - Default Properties File: org/apache/velocity/runtime/defaults/velocity.properties
2019-12-16 23:43:48,417 - Trying to use logger class org.apache.velocity.runtime.log.SimpleLog4JLogSystem
2019-12-16 23:43:48,417 - Using logger class org.apache.velocity.runtime.log.SimpleLog4JLogSystem
2019-12-16 23:43:48,418 - Default ResourceManager initializing. (class org.apache.velocity.runtime.resource.ResourceManagerImpl)
2019-12-16 23:43:48,419 - Resource Loader Instantiated: org.apache.velocity.runtime.resource.loader.ClasspathResourceLoader
2019-12-16 23:43:48,420 - ClasspathResourceLoader : initialization starting.
2019-12-16 23:43:48,420 - ClasspathResourceLoader : initialization complete.
2019-12-16 23:43:48,420 - ResourceCache : initialized. (class org.apache.velocity.runtime.resource.ResourceCacheImpl)
2019-12-16 23:43:48,420 - Default ResourceManager initialization complete.
2019-12-16 23:43:48,421 - Loaded System Directive: org.apache.velocity.runtime.directive.Literal
2019-12-16 23:43:48,422 - Loaded System Directive: org.apache.velocity.runtime.directive.Macro
2019-12-16 23:43:48,423 - Loaded System Directive: org.apache.velocity.runtime.directive.Parse
2019-12-16 23:43:48,424 - Loaded System Directive: org.apache.velocity.runtime.directive.Include
2019-12-16 23:43:48,425 - Loaded System Directive: org.apache.velocity.runtime.directive.Foreach
2019-12-16 23:43:48,444 - Created: 20 parsers.
2019-12-16 23:43:48,447 - Velocimacro : initialization starting.
2019-12-16 23:43:48,447 - Velocimacro : adding VMs from VM library template : VM_global_library.vm
2019-12-16 23:43:48,448 - ResourceManager : unable to find resource 'VM_global_library.vm' in any resource loader.
2019-12-16 23:43:48,448 - Velocimacro : error using  VM library template VM_global_library.vm : org.apache.velocity.exception.ResourceNotFoundException: Unable to find resource 'VM_global_library.vm'
2019-12-16 23:43:48,448 - Velocimacro :  VM library template macro registration complete.
2019-12-16 23:43:48,448 - Velocimacro : allowInline = true : VMs can be defined inline in templates
2019-12-16 23:43:48,448 - Velocimacro : allowInlineToOverride = false : VMs defined inline may NOT replace previous VM definitions
2019-12-16 23:43:48,448 - Velocimacro : allowInlineLocal = false : VMs defined inline will be  global in scope if allowed.
2019-12-16 23:43:48,448 - Velocimacro : messages on  : VM system will output logging messages
2019-12-16 23:43:48,448 - Velocimacro : autoload off  : VM system will not automatically reload global library macros
2019-12-16 23:43:48,449 - Velocimacro : initialization complete.
2019-12-16 23:43:48,449 - Velocity successfully started.
2019-12-16 23:50:35,231 - SimpleLog4JLogSystem initialized using logfile 'velocity.log'
2019-12-16 23:50:35,232 - ************************************************************** 
2019-12-16 23:50:35,232 - Starting Jakarta Velocity v1.4
2019-12-16 23:50:35,232 - RuntimeInstance initializing.
2019-12-16 23:50:35,232 - Default Properties File: org/apache/velocity/runtime/defaults/velocity.properties
2019-12-16 23:50:35,232 - Trying to use logger class org.apache.velocity.runtime.log.SimpleLog4JLogSystem
2019-12-16 23:50:35,232 - Using logger class org.apache.velocity.runtime.log.SimpleLog4JLogSystem
2019-12-16 23:50:35,233 - Default ResourceManager initializing. (class org.apache.velocity.runtime.resource.ResourceManagerImpl)
2019-12-16 23:50:35,234 - Resource Loader Instantiated: org.apache.velocity.runtime.resource.loader.ClasspathResourceLoader
2019-12-16 23:50:35,235 - ClasspathResourceLoader : initialization starting.
2019-12-16 23:50:35,235 - ClasspathResourceLoader : initialization complete.
2019-12-16 23:50:35,235 - ResourceCache : initialized. (class org.apache.velocity.runtime.resource.ResourceCacheImpl)
2019-12-16 23:50:35,235 - Default ResourceManager initialization complete.
2019-12-16 23:50:35,236 - Loaded System Directive: org.apache.velocity.runtime.directive.Literal
2019-12-16 23:50:35,237 - Loaded System Directive: org.apache.velocity.runtime.directive.Macro
2019-12-16 23:50:35,239 - Loaded System Directive: org.apache.velocity.runtime.directive.Parse
2019-12-16 23:50:35,239 - Loaded System Directive: org.apache.velocity.runtime.directive.Include
2019-12-16 23:50:35,240 - Loaded System Directive: org.apache.velocity.runtime.directive.Foreach
2019-12-16 23:50:35,258 - Created: 20 parsers.
2019-12-16 23:50:35,260 - Velocimacro : initialization starting.
2019-12-16 23:50:35,260 - Velocimacro : adding VMs from VM library template : VM_global_library.vm
2019-12-16 23:50:35,262 - ResourceManager : unable to find resource 'VM_global_library.vm' in any resource loader.
2019-12-16 23:50:35,262 - Velocimacro : error using  VM library template VM_global_library.vm : org.apache.velocity.exception.ResourceNotFoundException: Unable to find resource 'VM_global_library.vm'
2019-12-16 23:50:35,262 - Velocimacro :  VM library template macro registration complete.
2019-12-16 23:50:35,262 - Velocimacro : allowInline = true : VMs can be defined inline in templates
2019-12-16 23:50:35,262 - Velocimacro : allowInlineToOverride = false : VMs defined inline may NOT replace previous VM definitions
2019-12-16 23:50:35,263 - Velocimacro : allowInlineLocal = false : VMs defined inline will be  global in scope if allowed.
2019-12-16 23:50:35,263 - Velocimacro : messages on  : VM system will output logging messages
2019-12-16 23:50:35,263 - Velocimacro : autoload off  : VM system will not automatically reload global library macros
2019-12-16 23:50:35,263 - Velocimacro : initialization complete.
2019-12-16 23:50:35,263 - Velocity successfully started.
2019-12-17 00:04:29,656 - SimpleLog4JLogSystem initialized using logfile 'velocity.log'
2019-12-17 00:04:29,656 - ************************************************************** 
2019-12-17 00:04:29,656 - Starting Jakarta Velocity v1.4
2019-12-17 00:04:29,656 - RuntimeInstance initializing.
2019-12-17 00:04:29,656 - Default Properties File: org/apache/velocity/runtime/defaults/velocity.properties
2019-12-17 00:04:29,656 - Trying to use logger class org.apache.velocity.runtime.log.SimpleLog4JLogSystem
2019-12-17 00:04:29,656 - Using logger class org.apache.velocity.runtime.log.SimpleLog4JLogSystem
2019-12-17 00:04:29,659 - Default ResourceManager initializing. (class org.apache.velocity.runtime.resource.ResourceManagerImpl)
2019-12-17 00:04:29,660 - Resource Loader Instantiated: org.apache.velocity.runtime.resource.loader.ClasspathResourceLoader
2019-12-17 00:04:29,660 - ClasspathResourceLoader : initialization starting.
2019-12-17 00:04:29,660 - ClasspathResourceLoader : initialization complete.
2019-12-17 00:04:29,661 - ResourceCache : initialized. (class org.apache.velocity.runtime.resource.ResourceCacheImpl)
2019-12-17 00:04:29,661 - Default ResourceManager initialization complete.
2019-12-17 00:04:29,663 - Loaded System Directive: org.apache.velocity.runtime.directive.Literal
2019-12-17 00:04:29,664 - Loaded System Directive: org.apache.velocity.runtime.directive.Macro
2019-12-17 00:04:29,665 - Loaded System Directive: org.apache.velocity.runtime.directive.Parse
2019-12-17 00:04:29,667 - Loaded System Directive: org.apache.velocity.runtime.directive.Include
2019-12-17 00:04:29,668 - Loaded System Directive: org.apache.velocity.runtime.directive.Foreach
2019-12-17 00:04:29,699 - Created: 20 parsers.
2019-12-17 00:04:29,703 - Velocimacro : initialization starting.
2019-12-17 00:04:29,703 - Velocimacro : adding VMs from VM library template : VM_global_library.vm
2019-12-17 00:04:29,705 - ResourceManager : unable to find resource 'VM_global_library.vm' in any resource loader.
2019-12-17 00:04:29,705 - Velocimacro : error using  VM library template VM_global_library.vm : org.apache.velocity.exception.ResourceNotFoundException: Unable to find resource 'VM_global_library.vm'
2019-12-17 00:04:29,705 - Velocimacro :  VM library template macro registration complete.
2019-12-17 00:04:29,705 - Velocimacro : allowInline = true : VMs can be defined inline in templates
2019-12-17 00:04:29,705 - Velocimacro : allowInlineToOverride = false : VMs defined inline may NOT replace previous VM definitions
2019-12-17 00:04:29,705 - Velocimacro : allowInlineLocal = false : VMs defined inline will be  global in scope if allowed.
2019-12-17 00:04:29,705 - Velocimacro : messages on  : VM system will output logging messages
2019-12-17 00:04:29,705 - Velocimacro : autoload off  : VM system will not automatically reload global library macros
2019-12-17 00:04:29,705 - Velocimacro : initialization complete.
2019-12-17 00:04:29,705 - Velocity successfully started.
2019-12-17 00:16:49,939 - SimpleLog4JLogSystem initialized using logfile 'velocity.log'
2019-12-17 00:16:49,941 - ************************************************************** 
2019-12-17 00:16:49,942 - Starting Jakarta Velocity v1.4
2019-12-17 00:16:49,950 - RuntimeInstance initializing.
2019-12-17 00:16:49,950 - Default Properties File: org/apache/velocity/runtime/defaults/velocity.properties
2019-12-17 00:16:49,950 - Trying to use logger class org.apache.velocity.runtime.log.SimpleLog4JLogSystem
2019-12-17 00:16:49,950 - Using logger class org.apache.velocity.runtime.log.SimpleLog4JLogSystem
2019-12-17 00:16:49,954 - Default ResourceManager initializing. (class org.apache.velocity.runtime.resource.ResourceManagerImpl)
2019-12-17 00:16:49,957 - Resource Loader Instantiated: org.apache.velocity.runtime.resource.loader.ClasspathResourceLoader
2019-12-17 00:16:49,957 - ClasspathResourceLoader : initialization starting.
2019-12-17 00:16:49,957 - ClasspathResourceLoader : initialization complete.
2019-12-17 00:16:49,967 - ResourceCache : initialized. (class org.apache.velocity.runtime.resource.ResourceCacheImpl)
2019-12-17 00:16:49,967 - Default ResourceManager initialization complete.
2019-12-17 00:16:49,972 - Loaded System Directive: org.apache.velocity.runtime.directive.Literal
2019-12-17 00:16:49,974 - Loaded System Directive: org.apache.velocity.runtime.directive.Macro
2019-12-17 00:16:49,978 - Loaded System Directive: org.apache.velocity.runtime.directive.Parse
2019-12-17 00:16:49,979 - Loaded System Directive: org.apache.velocity.runtime.directive.Include
2019-12-17 00:16:49,980 - Loaded System Directive: org.apache.velocity.runtime.directive.Foreach
2019-12-17 00:16:50,000 - Created: 20 parsers.
2019-12-17 00:16:50,003 - Velocimacro : initialization starting.
2019-12-17 00:16:50,004 - Velocimacro : adding VMs from VM library template : VM_global_library.vm
2019-12-17 00:16:50,005 - ResourceManager : unable to find resource 'VM_global_library.vm' in any resource loader.
2019-12-17 00:16:50,006 - Velocimacro : error using  VM library template VM_global_library.vm : org.apache.velocity.exception.ResourceNotFoundException: Unable to find resource 'VM_global_library.vm'
2019-12-17 00:16:50,006 - Velocimacro :  VM library template macro registration complete.
2019-12-17 00:16:50,006 - Velocimacro : allowInline = true : VMs can be defined inline in templates
2019-12-17 00:16:50,006 - Velocimacro : allowInlineToOverride = false : VMs defined inline may NOT replace previous VM definitions
2019-12-17 00:16:50,006 - Velocimacro : allowInlineLocal = false : VMs defined inline will be  global in scope if allowed.
2019-12-17 00:16:50,006 - Velocimacro : messages on  : VM system will output logging messages
2019-12-17 00:16:50,006 - Velocimacro : autoload off  : VM system will not automatically reload global library macros
2019-12-17 00:16:50,006 - Velocimacro : initialization complete.
2019-12-17 00:16:50,006 - Velocity successfully started.
2019-12-17 11:52:13,769 - SimpleLog4JLogSystem initialized using logfile 'velocity.log'
2019-12-17 11:52:13,769 - ************************************************************** 
2019-12-17 11:52:13,769 - Starting Jakarta Velocity v1.4
2019-12-17 11:52:13,769 - RuntimeInstance initializing.
2019-12-17 11:52:13,769 - Default Properties File: org/apache/velocity/runtime/defaults/velocity.properties
2019-12-17 11:52:13,769 - Trying to use logger class org.apache.velocity.runtime.log.SimpleLog4JLogSystem
2019-12-17 11:52:13,769 - Using logger class org.apache.velocity.runtime.log.SimpleLog4JLogSystem
2019-12-17 11:52:13,771 - Default ResourceManager initializing. (class org.apache.velocity.runtime.resource.ResourceManagerImpl)
2019-12-17 11:52:13,772 - Resource Loader Instantiated: org.apache.velocity.runtime.resource.loader.ClasspathResourceLoader
2019-12-17 11:52:13,772 - ClasspathResourceLoader : initialization starting.
2019-12-17 11:52:13,772 - ClasspathResourceLoader : initialization complete.
2019-12-17 11:52:13,773 - ResourceCache : initialized. (class org.apache.velocity.runtime.resource.ResourceCacheImpl)
2019-12-17 11:52:13,773 - Default ResourceManager initialization complete.
2019-12-17 11:52:13,774 - Loaded System Directive: org.apache.velocity.runtime.directive.Literal
2019-12-17 11:52:13,776 - Loaded System Directive: org.apache.velocity.runtime.directive.Macro
2019-12-17 11:52:13,778 - Loaded System Directive: org.apache.velocity.runtime.directive.Parse
2019-12-17 11:52:13,779 - Loaded System Directive: org.apache.velocity.runtime.directive.Include
2019-12-17 11:52:13,780 - Loaded System Directive: org.apache.velocity.runtime.directive.Foreach
2019-12-17 11:52:13,803 - Created: 20 parsers.
2019-12-17 11:52:13,805 - Velocimacro : initialization starting.
2019-12-17 11:52:13,805 - Velocimacro : adding VMs from VM library template : VM_global_library.vm
2019-12-17 11:52:13,807 - ResourceManager : unable to find resource 'VM_global_library.vm' in any resource loader.
2019-12-17 11:52:13,807 - Velocimacro : error using  VM library template VM_global_library.vm : org.apache.velocity.exception.ResourceNotFoundException: Unable to find resource 'VM_global_library.vm'
2019-12-17 11:52:13,807 - Velocimacro :  VM library template macro registration complete.
2019-12-17 11:52:13,807 - Velocimacro : allowInline = true : VMs can be defined inline in templates
2019-12-17 11:52:13,807 - Velocimacro : allowInlineToOverride = false : VMs defined inline may NOT replace previous VM definitions
2019-12-17 11:52:13,807 - Velocimacro : allowInlineLocal = false : VMs defined inline will be  global in scope if allowed.
2019-12-17 11:52:13,807 - Velocimacro : messages on  : VM system will output logging messages
2019-12-17 11:52:13,807 - Velocimacro : autoload off  : VM system will not automatically reload global library macros
2019-12-17 11:52:13,807 - Velocimacro : initialization complete.
2019-12-17 11:52:13,807 - Velocity successfully started.
2019-12-17 11:58:31,260 - SimpleLog4JLogSystem initialized using logfile 'velocity.log'
2019-12-17 11:58:31,261 - ************************************************************** 
2019-12-17 11:58:31,261 - Starting Jakarta Velocity v1.4
2019-12-17 11:58:31,261 - RuntimeInstance initializing.
2019-12-17 11:58:31,261 - Default Properties File: org/apache/velocity/runtime/defaults/velocity.properties
2019-12-17 11:58:31,261 - Trying to use logger class org.apache.velocity.runtime.log.SimpleLog4JLogSystem
2019-12-17 11:58:31,261 - Using logger class org.apache.velocity.runtime.log.SimpleLog4JLogSystem
2019-12-17 11:58:31,263 - Default ResourceManager initializing. (class org.apache.velocity.runtime.resource.ResourceManagerImpl)
2019-12-17 11:58:31,264 - Resource Loader Instantiated: org.apache.velocity.runtime.resource.loader.ClasspathResourceLoader
2019-12-17 11:58:31,264 - ClasspathResourceLoader : initialization starting.
2019-12-17 11:58:31,264 - ClasspathResourceLoader : initialization complete.
2019-12-17 11:58:31,265 - ResourceCache : initialized. (class org.apache.velocity.runtime.resource.ResourceCacheImpl)
2019-12-17 11:58:31,265 - Default ResourceManager initialization complete.
2019-12-17 11:58:31,266 - Loaded System Directive: org.apache.velocity.runtime.directive.Literal
2019-12-17 11:58:31,267 - Loaded System Directive: org.apache.velocity.runtime.directive.Macro
2019-12-17 11:58:31,269 - Loaded System Directive: org.apache.velocity.runtime.directive.Parse
2019-12-17 11:58:31,270 - Loaded System Directive: org.apache.velocity.runtime.directive.Include
2019-12-17 11:58:31,271 - Loaded System Directive: org.apache.velocity.runtime.directive.Foreach
2019-12-17 11:58:31,292 - Created: 20 parsers.
2019-12-17 11:58:31,294 - Velocimacro : initialization starting.
2019-12-17 11:58:31,294 - Velocimacro : adding VMs from VM library template : VM_global_library.vm
2019-12-17 11:58:31,296 - ResourceManager : unable to find resource 'VM_global_library.vm' in any resource loader.
2019-12-17 11:58:31,296 - Velocimacro : error using  VM library template VM_global_library.vm : org.apache.velocity.exception.ResourceNotFoundException: Unable to find resource 'VM_global_library.vm'
2019-12-17 11:58:31,296 - Velocimacro :  VM library template macro registration complete.
2019-12-17 11:58:31,296 - Velocimacro : allowInline = true : VMs can be defined inline in templates
2019-12-17 11:58:31,296 - Velocimacro : allowInlineToOverride = false : VMs defined inline may NOT replace previous VM definitions
2019-12-17 11:58:31,296 - Velocimacro : allowInlineLocal = false : VMs defined inline will be  global in scope if allowed.
2019-12-17 11:58:31,296 - Velocimacro : messages on  : VM system will output logging messages
2019-12-17 11:58:31,296 - Velocimacro : autoload off  : VM system will not automatically reload global library macros
2019-12-17 11:58:31,296 - Velocimacro : initialization complete.
2019-12-17 11:58:31,296 - Velocity successfully started.
2019-12-17 12:07:05,498 - SimpleLog4JLogSystem initialized using logfile 'velocity.log'
2019-12-17 12:07:05,498 - ************************************************************** 
2019-12-17 12:07:05,498 - Starting Jakarta Velocity v1.4
2019-12-17 12:07:05,499 - RuntimeInstance initializing.
2019-12-17 12:07:05,499 - Default Properties File: org/apache/velocity/runtime/defaults/velocity.properties
2019-12-17 12:07:05,499 - Trying to use logger class org.apache.velocity.runtime.log.SimpleLog4JLogSystem
2019-12-17 12:07:05,499 - Using logger class org.apache.velocity.runtime.log.SimpleLog4JLogSystem
2019-12-17 12:07:05,500 - Default ResourceManager initializing. (class org.apache.velocity.runtime.resource.ResourceManagerImpl)
2019-12-17 12:07:05,501 - Resource Loader Instantiated: org.apache.velocity.runtime.resource.loader.ClasspathResourceLoader
2019-12-17 12:07:05,501 - ClasspathResourceLoader : initialization starting.
2019-12-17 12:07:05,501 - ClasspathResourceLoader : initialization complete.
2019-12-17 12:07:05,502 - ResourceCache : initialized. (class org.apache.velocity.runtime.resource.ResourceCacheImpl)
2019-12-17 12:07:05,502 - Default ResourceManager initialization complete.
2019-12-17 12:07:05,504 - Loaded System Directive: org.apache.velocity.runtime.directive.Literal
2019-12-17 12:07:05,505 - Loaded System Directive: org.apache.velocity.runtime.directive.Macro
2019-12-17 12:07:05,507 - Loaded System Directive: org.apache.velocity.runtime.directive.Parse
2019-12-17 12:07:05,508 - Loaded System Directive: org.apache.velocity.runtime.directive.Include
2019-12-17 12:07:05,508 - Loaded System Directive: org.apache.velocity.runtime.directive.Foreach
2019-12-17 12:07:05,527 - Created: 20 parsers.
2019-12-17 12:07:05,531 - Velocimacro : initialization starting.
2019-12-17 12:07:05,531 - Velocimacro : adding VMs from VM library template : VM_global_library.vm
2019-12-17 12:07:05,533 - ResourceManager : unable to find resource 'VM_global_library.vm' in any resource loader.
2019-12-17 12:07:05,533 - Velocimacro : error using  VM library template VM_global_library.vm : org.apache.velocity.exception.ResourceNotFoundException: Unable to find resource 'VM_global_library.vm'
2019-12-17 12:07:05,533 - Velocimacro :  VM library template macro registration complete.
2019-12-17 12:07:05,533 - Velocimacro : allowInline = true : VMs can be defined inline in templates
2019-12-17 12:07:05,533 - Velocimacro : allowInlineToOverride = false : VMs defined inline may NOT replace previous VM definitions
2019-12-17 12:07:05,533 - Velocimacro : allowInlineLocal = false : VMs defined inline will be  global in scope if allowed.
2019-12-17 12:07:05,533 - Velocimacro : messages on  : VM system will output logging messages
2019-12-17 12:07:05,533 - Velocimacro : autoload off  : VM system will not automatically reload global library macros
2019-12-17 12:07:05,533 - Velocimacro : initialization complete.
2019-12-17 12:07:05,533 - Velocity successfully started.
2019-12-17 13:14:40,033 - SimpleLog4JLogSystem initialized using logfile 'velocity.log'
2019-12-17 13:14:40,034 - ************************************************************** 
2019-12-17 13:14:40,034 - Starting Jakarta Velocity v1.4
2019-12-17 13:14:40,034 - RuntimeInstance initializing.
2019-12-17 13:14:40,034 - Default Properties File: org/apache/velocity/runtime/defaults/velocity.properties
2019-12-17 13:14:40,034 - Trying to use logger class org.apache.velocity.runtime.log.SimpleLog4JLogSystem
2019-12-17 13:14:40,034 - Using logger class org.apache.velocity.runtime.log.SimpleLog4JLogSystem
2019-12-17 13:14:40,036 - Default ResourceManager initializing. (class org.apache.velocity.runtime.resource.ResourceManagerImpl)
2019-12-17 13:14:40,037 - Resource Loader Instantiated: org.apache.velocity.runtime.resource.loader.ClasspathResourceLoader
2019-12-17 13:14:40,037 - ClasspathResourceLoader : initialization starting.
2019-12-17 13:14:40,037 - ClasspathResourceLoader : initialization complete.
2019-12-17 13:14:40,038 - ResourceCache : initialized. (class org.apache.velocity.runtime.resource.ResourceCacheImpl)
2019-12-17 13:14:40,038 - Default ResourceManager initialization complete.
2019-12-17 13:14:40,039 - Loaded System Directive: org.apache.velocity.runtime.directive.Literal
2019-12-17 13:14:40,040 - Loaded System Directive: org.apache.velocity.runtime.directive.Macro
2019-12-17 13:14:40,042 - Loaded System Directive: org.apache.velocity.runtime.directive.Parse
2019-12-17 13:14:40,043 - Loaded System Directive: org.apache.velocity.runtime.directive.Include
2019-12-17 13:14:40,044 - Loaded System Directive: org.apache.velocity.runtime.directive.Foreach
2019-12-17 13:14:40,063 - Created: 20 parsers.
2019-12-17 13:14:40,066 - Velocimacro : initialization starting.
2019-12-17 13:14:40,066 - Velocimacro : adding VMs from VM library template : VM_global_library.vm
2019-12-17 13:14:40,068 - ResourceManager : unable to find resource 'VM_global_library.vm' in any resource loader.
2019-12-17 13:14:40,068 - Velocimacro : error using  VM library template VM_global_library.vm : org.apache.velocity.exception.ResourceNotFoundException: Unable to find resource 'VM_global_library.vm'
2019-12-17 13:14:40,068 - Velocimacro :  VM library template macro registration complete.
2019-12-17 13:14:40,068 - Velocimacro : allowInline = true : VMs can be defined inline in templates
2019-12-17 13:14:40,068 - Velocimacro : allowInlineToOverride = false : VMs defined inline may NOT replace previous VM definitions
2019-12-17 13:14:40,068 - Velocimacro : allowInlineLocal = false : VMs defined inline will be  global in scope if allowed.
2019-12-17 13:14:40,068 - Velocimacro : messages on  : VM system will output logging messages
2019-12-17 13:14:40,069 - Velocimacro : autoload off  : VM system will not automatically reload global library macros
2019-12-17 13:14:40,069 - Velocimacro : initialization complete.
2019-12-17 13:14:40,069 - Velocity successfully started.
2019-12-17 13:16:47,833 - SimpleLog4JLogSystem initialized using logfile 'velocity.log'
2019-12-17 13:16:47,833 - ************************************************************** 
2019-12-17 13:16:47,833 - Starting Jakarta Velocity v1.4
2019-12-17 13:16:47,833 - RuntimeInstance initializing.
2019-12-17 13:16:47,833 - Default Properties File: org/apache/velocity/runtime/defaults/velocity.properties
2019-12-17 13:16:47,833 - Trying to use logger class org.apache.velocity.runtime.log.SimpleLog4JLogSystem
2019-12-17 13:16:47,833 - Using logger class org.apache.velocity.runtime.log.SimpleLog4JLogSystem
2019-12-17 13:16:47,835 - Default ResourceManager initializing. (class org.apache.velocity.runtime.resource.ResourceManagerImpl)
2019-12-17 13:16:47,836 - Resource Loader Instantiated: org.apache.velocity.runtime.resource.loader.ClasspathResourceLoader
2019-12-17 13:16:47,836 - ClasspathResourceLoader : initialization starting.
2019-12-17 13:16:47,836 - ClasspathResourceLoader : initialization complete.
2019-12-17 13:16:47,836 - ResourceCache : initialized. (class org.apache.velocity.runtime.resource.ResourceCacheImpl)
2019-12-17 13:16:47,836 - Default ResourceManager initialization complete.
2019-12-17 13:16:47,837 - Loaded System Directive: org.apache.velocity.runtime.directive.Literal
2019-12-17 13:16:47,839 - Loaded System Directive: org.apache.velocity.runtime.directive.Macro
2019-12-17 13:16:47,840 - Loaded System Directive: org.apache.velocity.runtime.directive.Parse
2019-12-17 13:16:47,841 - Loaded System Directive: org.apache.velocity.runtime.directive.Include
2019-12-17 13:16:47,842 - Loaded System Directive: org.apache.velocity.runtime.directive.Foreach
2019-12-17 13:16:47,858 - Created: 20 parsers.
2019-12-17 13:16:47,861 - Velocimacro : initialization starting.
2019-12-17 13:16:47,861 - Velocimacro : adding VMs from VM library template : VM_global_library.vm
2019-12-17 13:16:47,863 - ResourceManager : unable to find resource 'VM_global_library.vm' in any resource loader.
2019-12-17 13:16:47,863 - Velocimacro : error using  VM library template VM_global_library.vm : org.apache.velocity.exception.ResourceNotFoundException: Unable to find resource 'VM_global_library.vm'
2019-12-17 13:16:47,863 - Velocimacro :  VM library template macro registration complete.
2019-12-17 13:16:47,863 - Velocimacro : allowInline = true : VMs can be defined inline in templates
2019-12-17 13:16:47,863 - Velocimacro : allowInlineToOverride = false : VMs defined inline may NOT replace previous VM definitions
2019-12-17 13:16:47,863 - Velocimacro : allowInlineLocal = false : VMs defined inline will be  global in scope if allowed.
2019-12-17 13:16:47,863 - Velocimacro : messages on  : VM system will output logging messages
2019-12-17 13:16:47,863 - Velocimacro : autoload off  : VM system will not automatically reload global library macros
2019-12-17 13:16:47,863 - Velocimacro : initialization complete.
2019-12-17 13:16:47,863 - Velocity successfully started.
2019-12-17 13:29:48,422 - SimpleLog4JLogSystem initialized using logfile 'velocity.log'
2019-12-17 13:29:48,423 - ************************************************************** 
2019-12-17 13:29:48,423 - Starting Jakarta Velocity v1.4
2019-12-17 13:29:48,423 - RuntimeInstance initializing.
2019-12-17 13:29:48,423 - Default Properties File: org/apache/velocity/runtime/defaults/velocity.properties
2019-12-17 13:29:48,423 - Trying to use logger class org.apache.velocity.runtime.log.SimpleLog4JLogSystem
2019-12-17 13:29:48,423 - Using logger class org.apache.velocity.runtime.log.SimpleLog4JLogSystem
2019-12-17 13:29:48,425 - Default ResourceManager initializing. (class org.apache.velocity.runtime.resource.ResourceManagerImpl)
2019-12-17 13:29:48,426 - Resource Loader Instantiated: org.apache.velocity.runtime.resource.loader.ClasspathResourceLoader
2019-12-17 13:29:48,427 - ClasspathResourceLoader : initialization starting.
2019-12-17 13:29:48,427 - ClasspathResourceLoader : initialization complete.
2019-12-17 13:29:48,427 - ResourceCache : initialized. (class org.apache.velocity.runtime.resource.ResourceCacheImpl)
2019-12-17 13:29:48,427 - Default ResourceManager initialization complete.
2019-12-17 13:29:48,429 - Loaded System Directive: org.apache.velocity.runtime.directive.Literal
2019-12-17 13:29:48,430 - Loaded System Directive: org.apache.velocity.runtime.directive.Macro
2019-12-17 13:29:48,432 - Loaded System Directive: org.apache.velocity.runtime.directive.Parse
2019-12-17 13:29:48,433 - Loaded System Directive: org.apache.velocity.runtime.directive.Include
2019-12-17 13:29:48,434 - Loaded System Directive: org.apache.velocity.runtime.directive.Foreach
2019-12-17 13:29:48,455 - Created: 20 parsers.
2019-12-17 13:29:48,458 - Velocimacro : initialization starting.
2019-12-17 13:29:48,459 - Velocimacro : adding VMs from VM library template : VM_global_library.vm
2019-12-17 13:29:48,461 - ResourceManager : unable to find resource 'VM_global_library.vm' in any resource loader.
2019-12-17 13:29:48,461 - Velocimacro : error using  VM library template VM_global_library.vm : org.apache.velocity.exception.ResourceNotFoundException: Unable to find resource 'VM_global_library.vm'
2019-12-17 13:29:48,461 - Velocimacro :  VM library template macro registration complete.
2019-12-17 13:29:48,461 - Velocimacro : allowInline = true : VMs can be defined inline in templates
2019-12-17 13:29:48,461 - Velocimacro : allowInlineToOverride = false : VMs defined inline may NOT replace previous VM definitions
2019-12-17 13:29:48,461 - Velocimacro : allowInlineLocal = false : VMs defined inline will be  global in scope if allowed.
2019-12-17 13:29:48,462 - Velocimacro : messages on  : VM system will output logging messages
2019-12-17 13:29:48,462 - Velocimacro : autoload off  : VM system will not automatically reload global library macros
2019-12-17 13:29:48,462 - Velocimacro : initialization complete.
2019-12-17 13:29:48,462 - Velocity successfully started.
2019-12-17 14:08:50,986 - SimpleLog4JLogSystem initialized using logfile 'velocity.log'
2019-12-17 14:08:50,986 - ************************************************************** 
2019-12-17 14:08:50,986 - Starting Jakarta Velocity v1.4
2019-12-17 14:08:50,986 - RuntimeInstance initializing.
2019-12-17 14:08:50,986 - Default Properties File: org/apache/velocity/runtime/defaults/velocity.properties
2019-12-17 14:08:50,987 - Trying to use logger class org.apache.velocity.runtime.log.SimpleLog4JLogSystem
2019-12-17 14:08:50,987 - Using logger class org.apache.velocity.runtime.log.SimpleLog4JLogSystem
2019-12-17 14:08:50,988 - Default ResourceManager initializing. (class org.apache.velocity.runtime.resource.ResourceManagerImpl)
2019-12-17 14:08:50,989 - Resource Loader Instantiated: org.apache.velocity.runtime.resource.loader.ClasspathResourceLoader
2019-12-17 14:08:50,989 - ClasspathResourceLoader : initialization starting.
2019-12-17 14:08:50,989 - ClasspathResourceLoader : initialization complete.
2019-12-17 14:08:50,990 - ResourceCache : initialized. (class org.apache.velocity.runtime.resource.ResourceCacheImpl)
2019-12-17 14:08:50,990 - Default ResourceManager initialization complete.
2019-12-17 14:08:50,991 - Loaded System Directive: org.apache.velocity.runtime.directive.Literal
2019-12-17 14:08:50,991 - Loaded System Directive: org.apache.velocity.runtime.directive.Macro
2019-12-17 14:08:50,993 - Loaded System Directive: org.apache.velocity.runtime.directive.Parse
2019-12-17 14:08:50,993 - Loaded System Directive: org.apache.velocity.runtime.directive.Include
2019-12-17 14:08:50,994 - Loaded System Directive: org.apache.velocity.runtime.directive.Foreach
2019-12-17 14:08:51,015 - Created: 20 parsers.
2019-12-17 14:08:51,017 - Velocimacro : initialization starting.
2019-12-17 14:08:51,017 - Velocimacro : adding VMs from VM library template : VM_global_library.vm
2019-12-17 14:08:51,019 - ResourceManager : unable to find resource 'VM_global_library.vm' in any resource loader.
2019-12-17 14:08:51,019 - Velocimacro : error using  VM library template VM_global_library.vm : org.apache.velocity.exception.ResourceNotFoundException: Unable to find resource 'VM_global_library.vm'
2019-12-17 14:08:51,019 - Velocimacro :  VM library template macro registration complete.
2019-12-17 14:08:51,019 - Velocimacro : allowInline = true : VMs can be defined inline in templates
2019-12-17 14:08:51,019 - Velocimacro : allowInlineToOverride = false : VMs defined inline may NOT replace previous VM definitions
2019-12-17 14:08:51,019 - Velocimacro : allowInlineLocal = false : VMs defined inline will be  global in scope if allowed.
2019-12-17 14:08:51,019 - Velocimacro : messages on  : VM system will output logging messages
2019-12-17 14:08:51,019 - Velocimacro : autoload off  : VM system will not automatically reload global library macros
2019-12-17 14:08:51,019 - Velocimacro : initialization complete.
2019-12-17 14:08:51,019 - Velocity successfully started.
2019-12-17 14:15:47,591 - SimpleLog4JLogSystem initialized using logfile 'velocity.log'
2019-12-17 14:15:47,592 - ************************************************************** 
2019-12-17 14:15:47,592 - Starting Jakarta Velocity v1.4
2019-12-17 14:15:47,592 - RuntimeInstance initializing.
2019-12-17 14:15:47,592 - Default Properties File: org/apache/velocity/runtime/defaults/velocity.properties
2019-12-17 14:15:47,592 - Trying to use logger class org.apache.velocity.runtime.log.SimpleLog4JLogSystem
2019-12-17 14:15:47,592 - Using logger class org.apache.velocity.runtime.log.SimpleLog4JLogSystem
2019-12-17 14:15:47,594 - Default ResourceManager initializing. (class org.apache.velocity.runtime.resource.ResourceManagerImpl)
2019-12-17 14:15:47,595 - Resource Loader Instantiated: org.apache.velocity.runtime.resource.loader.ClasspathResourceLoader
2019-12-17 14:15:47,595 - ClasspathResourceLoader : initialization starting.
2019-12-17 14:15:47,595 - ClasspathResourceLoader : initialization complete.
2019-12-17 14:15:47,595 - ResourceCache : initialized. (class org.apache.velocity.runtime.resource.ResourceCacheImpl)
2019-12-17 14:15:47,595 - Default ResourceManager initialization complete.
2019-12-17 14:15:47,596 - Loaded System Directive: org.apache.velocity.runtime.directive.Literal
2019-12-17 14:15:47,597 - Loaded System Directive: org.apache.velocity.runtime.directive.Macro
2019-12-17 14:15:47,599 - Loaded System Directive: org.apache.velocity.runtime.directive.Parse
2019-12-17 14:15:47,600 - Loaded System Directive: org.apache.velocity.runtime.directive.Include
2019-12-17 14:15:47,600 - Loaded System Directive: org.apache.velocity.runtime.directive.Foreach
2019-12-17 14:15:47,618 - Created: 20 parsers.
2019-12-17 14:15:47,621 - Velocimacro : initialization starting.
2019-12-17 14:15:47,621 - Velocimacro : adding VMs from VM library template : VM_global_library.vm
2019-12-17 14:15:47,622 - ResourceManager : unable to find resource 'VM_global_library.vm' in any resource loader.
2019-12-17 14:15:47,622 - Velocimacro : error using  VM library template VM_global_library.vm : org.apache.velocity.exception.ResourceNotFoundException: Unable to find resource 'VM_global_library.vm'
2019-12-17 14:15:47,622 - Velocimacro :  VM library template macro registration complete.
2019-12-17 14:15:47,622 - Velocimacro : allowInline = true : VMs can be defined inline in templates
2019-12-17 14:15:47,622 - Velocimacro : allowInlineToOverride = false : VMs defined inline may NOT replace previous VM definitions
2019-12-17 14:15:47,622 - Velocimacro : allowInlineLocal = false : VMs defined inline will be  global in scope if allowed.
2019-12-17 14:15:47,623 - Velocimacro : messages on  : VM system will output logging messages
2019-12-17 14:15:47,623 - Velocimacro : autoload off  : VM system will not automatically reload global library macros
2019-12-17 14:15:47,623 - Velocimacro : initialization complete.
2019-12-17 14:15:47,623 - Velocity successfully started.
2019-12-17 14:17:46,405 - SimpleLog4JLogSystem initialized using logfile 'velocity.log'
2019-12-17 14:17:46,406 - ************************************************************** 
2019-12-17 14:17:46,406 - Starting Jakarta Velocity v1.4
2019-12-17 14:17:46,406 - RuntimeInstance initializing.
2019-12-17 14:17:46,406 - Default Properties File: org/apache/velocity/runtime/defaults/velocity.properties
2019-12-17 14:17:46,406 - Trying to use logger class org.apache.velocity.runtime.log.SimpleLog4JLogSystem
2019-12-17 14:17:46,406 - Using logger class org.apache.velocity.runtime.log.SimpleLog4JLogSystem
2019-12-17 14:17:46,407 - Default ResourceManager initializing. (class org.apache.velocity.runtime.resource.ResourceManagerImpl)
2019-12-17 14:17:46,408 - Resource Loader Instantiated: org.apache.velocity.runtime.resource.loader.ClasspathResourceLoader
2019-12-17 14:17:46,408 - ClasspathResourceLoader : initialization starting.
2019-12-17 14:17:46,408 - ClasspathResourceLoader : initialization complete.
2019-12-17 14:17:46,409 - ResourceCache : initialized. (class org.apache.velocity.runtime.resource.ResourceCacheImpl)
2019-12-17 14:17:46,409 - Default ResourceManager initialization complete.
2019-12-17 14:17:46,410 - Loaded System Directive: org.apache.velocity.runtime.directive.Literal
2019-12-17 14:17:46,411 - Loaded System Directive: org.apache.velocity.runtime.directive.Macro
2019-12-17 14:17:46,412 - Loaded System Directive: org.apache.velocity.runtime.directive.Parse
2019-12-17 14:17:46,413 - Loaded System Directive: org.apache.velocity.runtime.directive.Include
2019-12-17 14:17:46,413 - Loaded System Directive: org.apache.velocity.runtime.directive.Foreach
2019-12-17 14:17:46,439 - Created: 20 parsers.
2019-12-17 14:17:46,443 - Velocimacro : initialization starting.
2019-12-17 14:17:46,443 - Velocimacro : adding VMs from VM library template : VM_global_library.vm
2019-12-17 14:17:46,445 - ResourceManager : unable to find resource 'VM_global_library.vm' in any resource loader.
2019-12-17 14:17:46,445 - Velocimacro : error using  VM library template VM_global_library.vm : org.apache.velocity.exception.ResourceNotFoundException: Unable to find resource 'VM_global_library.vm'
2019-12-17 14:17:46,445 - Velocimacro :  VM library template macro registration complete.
2019-12-17 14:17:46,446 - Velocimacro : allowInline = true : VMs can be defined inline in templates
2019-12-17 14:17:46,446 - Velocimacro : allowInlineToOverride = false : VMs defined inline may NOT replace previous VM definitions
2019-12-17 14:17:46,446 - Velocimacro : allowInlineLocal = false : VMs defined inline will be  global in scope if allowed.
2019-12-17 14:17:46,446 - Velocimacro : messages on  : VM system will output logging messages
2019-12-17 14:17:46,446 - Velocimacro : autoload off  : VM system will not automatically reload global library macros
2019-12-17 14:17:46,446 - Velocimacro : initialization complete.
2019-12-17 14:17:46,446 - Velocity successfully started.
2019-12-17 14:20:28,946 - SimpleLog4JLogSystem initialized using logfile 'velocity.log'
2019-12-17 14:20:28,947 - ************************************************************** 
2019-12-17 14:20:28,947 - Starting Jakarta Velocity v1.4
2019-12-17 14:20:28,947 - RuntimeInstance initializing.
2019-12-17 14:20:28,947 - Default Properties File: org/apache/velocity/runtime/defaults/velocity.properties
2019-12-17 14:20:28,947 - Trying to use logger class org.apache.velocity.runtime.log.SimpleLog4JLogSystem
2019-12-17 14:20:28,947 - Using logger class org.apache.velocity.runtime.log.SimpleLog4JLogSystem
2019-12-17 14:20:28,949 - Default ResourceManager initializing. (class org.apache.velocity.runtime.resource.ResourceManagerImpl)
2019-12-17 14:20:28,950 - Resource Loader Instantiated: org.apache.velocity.runtime.resource.loader.ClasspathResourceLoader
2019-12-17 14:20:28,951 - ClasspathResourceLoader : initialization starting.
2019-12-17 14:20:28,951 - ClasspathResourceLoader : initialization complete.
2019-12-17 14:20:28,951 - ResourceCache : initialized. (class org.apache.velocity.runtime.resource.ResourceCacheImpl)
2019-12-17 14:20:28,951 - Default ResourceManager initialization complete.
2019-12-17 14:20:28,954 - Loaded System Directive: org.apache.velocity.runtime.directive.Literal
2019-12-17 14:20:28,955 - Loaded System Directive: org.apache.velocity.runtime.directive.Macro
2019-12-17 14:20:28,958 - Loaded System Directive: org.apache.velocity.runtime.directive.Parse
2019-12-17 14:20:28,961 - Loaded System Directive: org.apache.velocity.runtime.directive.Include
2019-12-17 14:20:28,962 - Loaded System Directive: org.apache.velocity.runtime.directive.Foreach
2019-12-17 14:20:28,996 - Created: 20 parsers.
2019-12-17 14:20:28,999 - Velocimacro : initialization starting.
2019-12-17 14:20:29,000 - Velocimacro : adding VMs from VM library template : VM_global_library.vm
2019-12-17 14:20:29,002 - ResourceManager : unable to find resource 'VM_global_library.vm' in any resource loader.
2019-12-17 14:20:29,002 - Velocimacro : error using  VM library template VM_global_library.vm : org.apache.velocity.exception.ResourceNotFoundException: Unable to find resource 'VM_global_library.vm'
2019-12-17 14:20:29,002 - Velocimacro :  VM library template macro registration complete.
2019-12-17 14:20:29,002 - Velocimacro : allowInline = true : VMs can be defined inline in templates
2019-12-17 14:20:29,002 - Velocimacro : allowInlineToOverride = false : VMs defined inline may NOT replace previous VM definitions
2019-12-17 14:20:29,002 - Velocimacro : allowInlineLocal = false : VMs defined inline will be  global in scope if allowed.
2019-12-17 14:20:29,002 - Velocimacro : messages on  : VM system will output logging messages
2019-12-17 14:20:29,002 - Velocimacro : autoload off  : VM system will not automatically reload global library macros
2019-12-17 14:20:29,002 - Velocimacro : initialization complete.
2019-12-17 14:20:29,002 - Velocity successfully started.
2020-01-05 05:57:31,670 - SimpleLog4JLogSystem initialized using logfile 'velocity.log'
2020-01-05 05:57:31,671 - ************************************************************** 
2020-01-05 05:57:31,672 - Starting Jakarta Velocity v1.4
2020-01-05 05:57:31,672 - RuntimeInstance initializing.
2020-01-05 05:57:31,672 - Default Properties File: org/apache/velocity/runtime/defaults/velocity.properties
2020-01-05 05:57:31,672 - Trying to use logger class org.apache.velocity.runtime.log.SimpleLog4JLogSystem
2020-01-05 05:57:31,672 - Using logger class org.apache.velocity.runtime.log.SimpleLog4JLogSystem
2020-01-05 05:57:31,675 - Default ResourceManager initializing. (class org.apache.velocity.runtime.resource.ResourceManagerImpl)
2020-01-05 05:57:31,677 - Resource Loader Instantiated: org.apache.velocity.runtime.resource.loader.ClasspathResourceLoader
2020-01-05 05:57:31,677 - ClasspathResourceLoader : initialization starting.
2020-01-05 05:57:31,677 - ClasspathResourceLoader : initialization complete.
2020-01-05 05:57:31,678 - ResourceCache : initialized. (class org.apache.velocity.runtime.resource.ResourceCacheImpl)
2020-01-05 05:57:31,679 - Default ResourceManager initialization complete.
2020-01-05 05:57:31,680 - Loaded System Directive: org.apache.velocity.runtime.directive.Literal
2020-01-05 05:57:31,682 - Loaded System Directive: org.apache.velocity.runtime.directive.Macro
2020-01-05 05:57:31,684 - Loaded System Directive: org.apache.velocity.runtime.directive.Parse
2020-01-05 05:57:31,686 - Loaded System Directive: org.apache.velocity.runtime.directive.Include
2020-01-05 05:57:31,687 - Loaded System Directive: org.apache.velocity.runtime.directive.Foreach
2020-01-05 05:57:31,733 - Created: 20 parsers.
2020-01-05 05:57:31,739 - Velocimacro : initialization starting.
2020-01-05 05:57:31,739 - Velocimacro : adding VMs from VM library template : VM_global_library.vm
2020-01-05 05:57:31,742 - ResourceManager : unable to find resource 'VM_global_library.vm' in any resource loader.
2020-01-05 05:57:31,742 - Velocimacro : error using  VM library template VM_global_library.vm : org.apache.velocity.exception.ResourceNotFoundException: Unable to find resource 'VM_global_library.vm'
2020-01-05 05:57:31,742 - Velocimacro :  VM library template macro registration complete.
2020-01-05 05:57:31,742 - Velocimacro : allowInline = true : VMs can be defined inline in templates
2020-01-05 05:57:31,743 - Velocimacro : allowInlineToOverride = false : VMs defined inline may NOT replace previous VM definitions
2020-01-05 05:57:31,743 - Velocimacro : allowInlineLocal = false : VMs defined inline will be  global in scope if allowed.
2020-01-05 05:57:31,743 - Velocimacro : messages on  : VM system will output logging messages
2020-01-05 05:57:31,743 - Velocimacro : autoload off  : VM system will not automatically reload global library macros
2020-01-05 05:57:31,743 - Velocimacro : initialization complete.
2020-01-05 05:57:31,743 - Velocity successfully started.
2020-01-05 15:37:43,927 - SimpleLog4JLogSystem initialized using logfile 'velocity.log'
2020-01-05 15:37:43,927 - ************************************************************** 
2020-01-05 15:37:43,927 - Starting Jakarta Velocity v1.4
2020-01-05 15:37:43,927 - RuntimeInstance initializing.
2020-01-05 15:37:43,927 - Default Properties File: org/apache/velocity/runtime/defaults/velocity.properties
2020-01-05 15:37:43,927 - Trying to use logger class org.apache.velocity.runtime.log.SimpleLog4JLogSystem
2020-01-05 15:37:43,927 - Using logger class org.apache.velocity.runtime.log.SimpleLog4JLogSystem
2020-01-05 15:37:43,929 - Default ResourceManager initializing. (class org.apache.velocity.runtime.resource.ResourceManagerImpl)
2020-01-05 15:37:43,930 - Resource Loader Instantiated: org.apache.velocity.runtime.resource.loader.ClasspathResourceLoader
2020-01-05 15:37:43,930 - ClasspathResourceLoader : initialization starting.
2020-01-05 15:37:43,930 - ClasspathResourceLoader : initialization complete.
2020-01-05 15:37:43,931 - ResourceCache : initialized. (class org.apache.velocity.runtime.resource.ResourceCacheImpl)
2020-01-05 15:37:43,931 - Default ResourceManager initialization complete.
2020-01-05 15:37:43,932 - Loaded System Directive: org.apache.velocity.runtime.directive.Literal
2020-01-05 15:37:43,933 - Loaded System Directive: org.apache.velocity.runtime.directive.Macro
2020-01-05 15:37:43,935 - Loaded System Directive: org.apache.velocity.runtime.directive.Parse
2020-01-05 15:37:43,936 - Loaded System Directive: org.apache.velocity.runtime.directive.Include
2020-01-05 15:37:43,937 - Loaded System Directive: org.apache.velocity.runtime.directive.Foreach
2020-01-05 15:37:43,955 - Created: 20 parsers.
2020-01-05 15:37:43,959 - Velocimacro : initialization starting.
2020-01-05 15:37:43,959 - Velocimacro : adding VMs from VM library template : VM_global_library.vm
2020-01-05 15:37:43,960 - ResourceManager : unable to find resource 'VM_global_library.vm' in any resource loader.
2020-01-05 15:37:43,961 - Velocimacro : error using  VM library template VM_global_library.vm : org.apache.velocity.exception.ResourceNotFoundException: Unable to find resource 'VM_global_library.vm'
2020-01-05 15:37:43,961 - Velocimacro :  VM library template macro registration complete.
2020-01-05 15:37:43,961 - Velocimacro : allowInline = true : VMs can be defined inline in templates
2020-01-05 15:37:43,961 - Velocimacro : allowInlineToOverride = false : VMs defined inline may NOT replace previous VM definitions
2020-01-05 15:37:43,961 - Velocimacro : allowInlineLocal = false : VMs defined inline will be  global in scope if allowed.
2020-01-05 15:37:43,961 - Velocimacro : messages on  : VM system will output logging messages
2020-01-05 15:37:43,961 - Velocimacro : autoload off  : VM system will not automatically reload global library macros
2020-01-05 15:37:43,961 - Velocimacro : initialization complete.
2020-01-05 15:37:43,961 - Velocity successfully started.
