2019-11-24 21:57:16,157 - Velocimacro :  VM library template macro registration complete.
2019-11-24 21:57:16,157 - Velocimacro : allowInline = true : VMs can be defined inline in templates
2019-11-24 21:57:16,157 - Velocimacro : allowInlineToOverride = false : VMs defined inline may NOT replace previous VM definitions
2019-11-24 21:57:16,158 - Velocimacro : allowInlineLocal = false : VMs defined inline will be  global in scope if allowed.
2019-11-24 21:57:16,158 - Velocimacro : messages on  : VM system will output logging messages
2019-11-24 21:57:16,158 - Velocimacro : autoload off  : VM system will not automatically reload global library macros
2019-11-24 21:57:16,158 - Velocimacro : initialization complete.
2019-11-24 21:57:16,165 - Velocity successfully started.
2019-11-25 21:46:41,909 - SimpleLog4JLogSystem initialized using logfile 'velocity.log'
2019-11-25 21:46:41,910 - ************************************************************** 
2019-11-25 21:46:41,910 - Starting Jakarta Velocity v1.4
2019-11-25 21:46:41,910 - RuntimeInstance initializing.
2019-11-25 21:46:41,910 - Default Properties File: org\apache\velocity\runtime\defaults\velocity.properties
2019-11-25 21:46:41,910 - Trying to use logger class org.apache.velocity.runtime.log.SimpleLog4JLogSystem
2019-11-25 21:46:41,910 - Using logger class org.apache.velocity.runtime.log.SimpleLog4JLogSystem
2019-11-25 21:46:41,912 - Default ResourceManager initializing. (class org.apache.velocity.runtime.resource.ResourceManagerImpl)
2019-11-25 21:46:41,915 - Resource Loader Instantiated: org.apache.velocity.runtime.resource.loader.ClasspathResourceLoader
2019-11-25 21:46:41,915 - ClasspathResourceLoader : initialization starting.
2019-11-25 21:46:41,915 - ClasspathResourceLoader : initialization complete.
2019-11-25 21:46:41,917 - ResourceCache : initialized. (class org.apache.velocity.runtime.resource.ResourceCacheImpl)
2019-11-25 21:46:41,917 - Default ResourceManager initialization complete.
2019-11-25 21:46:41,918 - Loaded System Directive: org.apache.velocity.runtime.directive.Literal
2019-11-25 21:46:41,919 - Loaded System Directive: org.apache.velocity.runtime.directive.Macro
2019-11-25 21:46:41,921 - Loaded System Directive: org.apache.velocity.runtime.directive.Parse
2019-11-25 21:46:41,923 - Loaded System Directive: org.apache.velocity.runtime.directive.Include
2019-11-25 21:46:41,923 - Loaded System Directive: org.apache.velocity.runtime.directive.Foreach
2019-11-25 21:46:41,950 - Created: 20 parsers.
2019-11-25 21:46:41,954 - Velocimacro : initialization starting.
2019-11-25 21:46:41,954 - Velocimacro : adding VMs from VM library template : VM_global_library.vm
2019-11-25 21:46:41,958 - ResourceManager : unable to find resource 'VM_global_library.vm' in any resource loader.
2019-11-25 21:46:41,958 - Velocimacro : error using  VM library template VM_global_library.vm : org.apache.velocity.exception.ResourceNotFoundException: Unable to find resource 'VM_global_library.vm'
2019-11-25 21:46:41,958 - Velocimacro :  VM library template macro registration complete.
2019-11-25 21:46:41,958 - Velocimacro : allowInline = true : VMs can be defined inline in templates
2019-11-25 21:46:41,958 - Velocimacro : allowInlineToOverride = false : VMs defined inline may NOT replace previous VM definitions
2019-11-25 21:46:41,958 - Velocimacro : allowInlineLocal = false : VMs defined inline will be  global in scope if allowed.
2019-11-25 21:46:41,958 - Velocimacro : messages on  : VM system will output logging messages
2019-11-25 21:46:41,958 - Velocimacro : autoload off  : VM system will not automatically reload global library macros
2019-11-25 21:46:41,958 - Velocimacro : initialization complete.
2019-11-25 21:46:41,958 - Velocity successfully started.
2019-11-26 17:21:26,603 - SimpleLog4JLogSystem initialized using logfile 'velocity.log'
2019-11-26 17:21:26,603 - ************************************************************** 
2019-11-26 17:21:26,603 - Starting Jakarta Velocity v1.4
2019-11-26 17:21:26,603 - RuntimeInstance initializing.
2019-11-26 17:21:26,603 - Default Properties File: org\apache\velocity\runtime\defaults\velocity.properties
2019-11-26 17:21:26,604 - Trying to use logger class org.apache.velocity.runtime.log.SimpleLog4JLogSystem
2019-11-26 17:21:26,604 - Using logger class org.apache.velocity.runtime.log.SimpleLog4JLogSystem
2019-11-26 17:21:26,605 - Default ResourceManager initializing. (class org.apache.velocity.runtime.resource.ResourceManagerImpl)
2019-11-26 17:21:26,607 - Resource Loader Instantiated: org.apache.velocity.runtime.resource.loader.ClasspathResourceLoader
2019-11-26 17:21:26,607 - ClasspathResourceLoader : initialization starting.
2019-11-26 17:21:26,607 - ClasspathResourceLoader : initialization complete.
2019-11-26 17:21:26,608 - ResourceCache : initialized. (class org.apache.velocity.runtime.resource.ResourceCacheImpl)
2019-11-26 17:21:26,608 - Default ResourceManager initialization complete.
2019-11-26 17:21:26,609 - Loaded System Directive: org.apache.velocity.runtime.directive.Literal
2019-11-26 17:21:26,609 - Loaded System Directive: org.apache.velocity.runtime.directive.Macro
2019-11-26 17:21:26,611 - Loaded System Directive: org.apache.velocity.runtime.directive.Parse
2019-11-26 17:21:26,612 - Loaded System Directive: org.apache.velocity.runtime.directive.Include
2019-11-26 17:21:26,612 - Loaded System Directive: org.apache.velocity.runtime.directive.Foreach
2019-11-26 17:21:26,628 - Created: 20 parsers.
2019-11-26 17:21:26,632 - Velocimacro : initialization starting.
2019-11-26 17:21:26,632 - Velocimacro : adding VMs from VM library template : VM_global_library.vm
2019-11-26 17:21:26,634 - ResourceManager : unable to find resource 'VM_global_library.vm' in any resource loader.
2019-11-26 17:21:26,634 - Velocimacro : error using  VM library template VM_global_library.vm : org.apache.velocity.exception.ResourceNotFoundException: Unable to find resource 'VM_global_library.vm'
2019-11-26 17:21:26,634 - Velocimacro :  VM library template macro registration complete.
2019-11-26 17:21:26,634 - Velocimacro : allowInline = true : VMs can be defined inline in templates
2019-11-26 17:21:26,634 - Velocimacro : allowInlineToOverride = false : VMs defined inline may NOT replace previous VM definitions
2019-11-26 17:21:26,634 - Velocimacro : allowInlineLocal = false : VMs defined inline will be  global in scope if allowed.
2019-11-26 17:21:26,634 - Velocimacro : messages on  : VM system will output logging messages
2019-11-26 17:21:26,634 - Velocimacro : autoload off  : VM system will not automatically reload global library macros
2019-11-26 17:21:26,634 - Velocimacro : initialization complete.
2019-11-26 17:21:26,634 - Velocity successfully started.
2019-11-27 11:51:48,329 - SimpleLog4JLogSystem initialized using logfile 'velocity.log'
2019-11-27 11:51:48,330 - ************************************************************** 
2019-11-27 11:51:48,330 - Starting Jakarta Velocity v1.4
2019-11-27 11:51:48,330 - RuntimeInstance initializing.
2019-11-27 11:51:48,330 - Default Properties File: org\apache\velocity\runtime\defaults\velocity.properties
2019-11-27 11:51:48,330 - Trying to use logger class org.apache.velocity.runtime.log.SimpleLog4JLogSystem
2019-11-27 11:51:48,330 - Using logger class org.apache.velocity.runtime.log.SimpleLog4JLogSystem
2019-11-27 11:51:48,333 - Default ResourceManager initializing. (class org.apache.velocity.runtime.resource.ResourceManagerImpl)
2019-11-27 11:51:48,337 - Resource Loader Instantiated: org.apache.velocity.runtime.resource.loader.ClasspathResourceLoader
2019-11-27 11:51:48,337 - ClasspathResourceLoader : initialization starting.
2019-11-27 11:51:48,337 - ClasspathResourceLoader : initialization complete.
2019-11-27 11:51:48,339 - ResourceCache : initialized. (class org.apache.velocity.runtime.resource.ResourceCacheImpl)
2019-11-27 11:51:48,339 - Default ResourceManager initialization complete.
2019-11-27 11:51:48,341 - Loaded System Directive: org.apache.velocity.runtime.directive.Literal
2019-11-27 11:51:48,342 - Loaded System Directive: org.apache.velocity.runtime.directive.Macro
2019-11-27 11:51:48,344 - Loaded System Directive: org.apache.velocity.runtime.directive.Parse
2019-11-27 11:51:48,346 - Loaded System Directive: org.apache.velocity.runtime.directive.Include
2019-11-27 11:51:48,347 - Loaded System Directive: org.apache.velocity.runtime.directive.Foreach
2019-11-27 11:51:48,371 - Created: 20 parsers.
2019-11-27 11:51:48,376 - Velocimacro : initialization starting.
2019-11-27 11:51:48,376 - Velocimacro : adding VMs from VM library template : VM_global_library.vm
2019-11-27 11:51:48,379 - ResourceManager : unable to find resource 'VM_global_library.vm' in any resource loader.
2019-11-27 11:51:48,379 - Velocimacro : error using  VM library template VM_global_library.vm : org.apache.velocity.exception.ResourceNotFoundException: Unable to find resource 'VM_global_library.vm'
2019-11-27 11:51:48,379 - Velocimacro :  VM library template macro registration complete.
2019-11-27 11:51:48,379 - Velocimacro : allowInline = true : VMs can be defined inline in templates
2019-11-27 11:51:48,379 - Velocimacro : allowInlineToOverride = false : VMs defined inline may NOT replace previous VM definitions
2019-11-27 11:51:48,379 - Velocimacro : allowInlineLocal = false : VMs defined inline will be  global in scope if allowed.
2019-11-27 11:51:48,379 - Velocimacro : messages on  : VM system will output logging messages
2019-11-27 11:51:48,379 - Velocimacro : autoload off  : VM system will not automatically reload global library macros
2019-11-27 11:51:48,379 - Velocimacro : initialization complete.
2019-11-27 11:51:48,379 - Velocity successfully started.
2019-11-27 11:52:43,954 - SimpleLog4JLogSystem initialized using logfile 'velocity.log'
2019-11-27 11:52:43,954 - ************************************************************** 
2019-11-27 11:52:43,954 - Starting Jakarta Velocity v1.4
2019-11-27 11:52:43,954 - RuntimeInstance initializing.
2019-11-27 11:52:43,954 - Default Properties File: org\apache\velocity\runtime\defaults\velocity.properties
2019-11-27 11:52:43,954 - Trying to use logger class org.apache.velocity.runtime.log.SimpleLog4JLogSystem
2019-11-27 11:52:43,954 - Using logger class org.apache.velocity.runtime.log.SimpleLog4JLogSystem
2019-11-27 11:52:43,958 - Default ResourceManager initializing. (class org.apache.velocity.runtime.resource.ResourceManagerImpl)
2019-11-27 11:52:43,960 - Resource Loader Instantiated: org.apache.velocity.runtime.resource.loader.ClasspathResourceLoader
2019-11-27 11:52:43,960 - ClasspathResourceLoader : initialization starting.
2019-11-27 11:52:43,960 - ClasspathResourceLoader : initialization complete.
2019-11-27 11:52:43,962 - ResourceCache : initialized. (class org.apache.velocity.runtime.resource.ResourceCacheImpl)
2019-11-27 11:52:43,962 - Default ResourceManager initialization complete.
2019-11-27 11:52:43,963 - Loaded System Directive: org.apache.velocity.runtime.directive.Literal
2019-11-27 11:52:43,965 - Loaded System Directive: org.apache.velocity.runtime.directive.Macro
2019-11-27 11:52:43,967 - Loaded System Directive: org.apache.velocity.runtime.directive.Parse
2019-11-27 11:52:43,969 - Loaded System Directive: org.apache.velocity.runtime.directive.Include
2019-11-27 11:52:43,970 - Loaded System Directive: org.apache.velocity.runtime.directive.Foreach
2019-11-27 11:52:43,997 - Created: 20 parsers.
2019-11-27 11:52:44,003 - Velocimacro : initialization starting.
2019-11-27 11:52:44,003 - Velocimacro : adding VMs from VM library template : VM_global_library.vm
2019-11-27 11:52:44,007 - ResourceManager : unable to find resource 'VM_global_library.vm' in any resource loader.
2019-11-27 11:52:44,007 - Velocimacro : error using  VM library template VM_global_library.vm : org.apache.velocity.exception.ResourceNotFoundException: Unable to find resource 'VM_global_library.vm'
2019-11-27 11:52:44,007 - Velocimacro :  VM library template macro registration complete.
2019-11-27 11:52:44,007 - Velocimacro : allowInline = true : VMs can be defined inline in templates
2019-11-27 11:52:44,007 - Velocimacro : allowInlineToOverride = false : VMs defined inline may NOT replace previous VM definitions
2019-11-27 11:52:44,007 - Velocimacro : allowInlineLocal = false : VMs defined inline will be  global in scope if allowed.
2019-11-27 11:52:44,007 - Velocimacro : messages on  : VM system will output logging messages
2019-11-27 11:52:44,007 - Velocimacro : autoload off  : VM system will not automatically reload global library macros
2019-11-27 11:52:44,007 - Velocimacro : initialization complete.
2019-11-27 11:52:44,007 - Velocity successfully started.
2019-11-27 11:55:03,516 - SimpleLog4JLogSystem initialized using logfile 'velocity.log'
2019-11-27 11:55:03,516 - ************************************************************** 
2019-11-27 11:55:03,516 - Starting Jakarta Velocity v1.4
2019-11-27 11:55:03,516 - RuntimeInstance initializing.
2019-11-27 11:55:03,516 - Default Properties File: org\apache\velocity\runtime\defaults\velocity.properties
2019-11-27 11:55:03,516 - Trying to use logger class org.apache.velocity.runtime.log.SimpleLog4JLogSystem
2019-11-27 11:55:03,516 - Using logger class org.apache.velocity.runtime.log.SimpleLog4JLogSystem
2019-11-27 11:55:03,519 - Default ResourceManager initializing. (class org.apache.velocity.runtime.resource.ResourceManagerImpl)
2019-11-27 11:55:03,522 - Resource Loader Instantiated: org.apache.velocity.runtime.resource.loader.ClasspathResourceLoader
2019-11-27 11:55:03,522 - ClasspathResourceLoader : initialization starting.
2019-11-27 11:55:03,522 - ClasspathResourceLoader : initialization complete.
2019-11-27 11:55:03,523 - ResourceCache : initialized. (class org.apache.velocity.runtime.resource.ResourceCacheImpl)
2019-11-27 11:55:03,523 - Default ResourceManager initialization complete.
2019-11-27 11:55:03,525 - Loaded System Directive: org.apache.velocity.runtime.directive.Literal
2019-11-27 11:55:03,527 - Loaded System Directive: org.apache.velocity.runtime.directive.Macro
2019-11-27 11:55:03,530 - Loaded System Directive: org.apache.velocity.runtime.directive.Parse
2019-11-27 11:55:03,531 - Loaded System Directive: org.apache.velocity.runtime.directive.Include
2019-11-27 11:55:03,533 - Loaded System Directive: org.apache.velocity.runtime.directive.Foreach
2019-11-27 11:55:03,556 - Created: 20 parsers.
2019-11-27 11:55:03,562 - Velocimacro : initialization starting.
2019-11-27 11:55:03,562 - Velocimacro : adding VMs from VM library template : VM_global_library.vm
2019-11-27 11:55:03,565 - ResourceManager : unable to find resource 'VM_global_library.vm' in any resource loader.
2019-11-27 11:55:03,565 - Velocimacro : error using  VM library template VM_global_library.vm : org.apache.velocity.exception.ResourceNotFoundException: Unable to find resource 'VM_global_library.vm'
2019-11-27 11:55:03,565 - Velocimacro :  VM library template macro registration complete.
2019-11-27 11:55:03,565 - Velocimacro : allowInline = true : VMs can be defined inline in templates
2019-11-27 11:55:03,565 - Velocimacro : allowInlineToOverride = false : VMs defined inline may NOT replace previous VM definitions
2019-11-27 11:55:03,565 - Velocimacro : allowInlineLocal = false : VMs defined inline will be  global in scope if allowed.
2019-11-27 11:55:03,565 - Velocimacro : messages on  : VM system will output logging messages
2019-11-27 11:55:03,565 - Velocimacro : autoload off  : VM system will not automatically reload global library macros
2019-11-27 11:55:03,565 - Velocimacro : initialization complete.
2019-11-27 11:55:03,565 - Velocity successfully started.
2019-11-27 11:55:35,952 - SimpleLog4JLogSystem initialized using logfile 'velocity.log'
2019-11-27 11:55:35,953 - ************************************************************** 
2019-11-27 11:55:35,953 - Starting Jakarta Velocity v1.4
2019-11-27 11:55:35,953 - RuntimeInstance initializing.
2019-11-27 11:55:35,953 - Default Properties File: org\apache\velocity\runtime\defaults\velocity.properties
2019-11-27 11:55:35,953 - Trying to use logger class org.apache.velocity.runtime.log.SimpleLog4JLogSystem
2019-11-27 11:55:35,953 - Using logger class org.apache.velocity.runtime.log.SimpleLog4JLogSystem
2019-11-27 11:55:35,956 - Default ResourceManager initializing. (class org.apache.velocity.runtime.resource.ResourceManagerImpl)
2019-11-27 11:55:35,958 - Resource Loader Instantiated: org.apache.velocity.runtime.resource.loader.ClasspathResourceLoader
2019-11-27 11:55:35,959 - ClasspathResourceLoader : initialization starting.
2019-11-27 11:55:35,959 - ClasspathResourceLoader : initialization complete.
2019-11-27 11:55:35,960 - ResourceCache : initialized. (class org.apache.velocity.runtime.resource.ResourceCacheImpl)
2019-11-27 11:55:35,960 - Default ResourceManager initialization complete.
2019-11-27 11:55:35,962 - Loaded System Directive: org.apache.velocity.runtime.directive.Literal
2019-11-27 11:55:35,964 - Loaded System Directive: org.apache.velocity.runtime.directive.Macro
2019-11-27 11:55:35,967 - Loaded System Directive: org.apache.velocity.runtime.directive.Parse
2019-11-27 11:55:35,967 - Loaded System Directive: org.apache.velocity.runtime.directive.Include
2019-11-27 11:55:35,969 - Loaded System Directive: org.apache.velocity.runtime.directive.Foreach
2019-11-27 11:55:35,992 - Created: 20 parsers.
2019-11-27 11:55:35,996 - Velocimacro : initialization starting.
2019-11-27 11:55:35,996 - Velocimacro : adding VMs from VM library template : VM_global_library.vm
2019-11-27 11:55:35,999 - ResourceManager : unable to find resource 'VM_global_library.vm' in any resource loader.
2019-11-27 11:55:35,999 - Velocimacro : error using  VM library template VM_global_library.vm : org.apache.velocity.exception.ResourceNotFoundException: Unable to find resource 'VM_global_library.vm'
2019-11-27 11:55:35,999 - Velocimacro :  VM library template macro registration complete.
2019-11-27 11:55:35,999 - Velocimacro : allowInline = true : VMs can be defined inline in templates
2019-11-27 11:55:35,999 - Velocimacro : allowInlineToOverride = false : VMs defined inline may NOT replace previous VM definitions
2019-11-27 11:55:36,000 - Velocimacro : allowInlineLocal = false : VMs defined inline will be  global in scope if allowed.
2019-11-27 11:55:36,000 - Velocimacro : messages on  : VM system will output logging messages
2019-11-27 11:55:36,000 - Velocimacro : autoload off  : VM system will not automatically reload global library macros
2019-11-27 11:55:36,000 - Velocimacro : initialization complete.
2019-11-27 11:55:36,000 - Velocity successfully started.
2019-11-27 12:40:37,136 - SimpleLog4JLogSystem initialized using logfile 'velocity.log'
2019-11-27 12:40:37,136 - ************************************************************** 
2019-11-27 12:40:37,136 - Starting Jakarta Velocity v1.4
2019-11-27 12:40:37,136 - RuntimeInstance initializing.
2019-11-27 12:40:37,136 - Default Properties File: org\apache\velocity\runtime\defaults\velocity.properties
2019-11-27 12:40:37,137 - Trying to use logger class org.apache.velocity.runtime.log.SimpleLog4JLogSystem
2019-11-27 12:40:37,137 - Using logger class org.apache.velocity.runtime.log.SimpleLog4JLogSystem
2019-11-27 12:40:37,138 - Default ResourceManager initializing. (class org.apache.velocity.runtime.resource.ResourceManagerImpl)
2019-11-27 12:40:37,140 - Resource Loader Instantiated: org.apache.velocity.runtime.resource.loader.ClasspathResourceLoader
2019-11-27 12:40:37,140 - ClasspathResourceLoader : initialization starting.
2019-11-27 12:40:37,140 - ClasspathResourceLoader : initialization complete.
2019-11-27 12:40:37,141 - ResourceCache : initialized. (class org.apache.velocity.runtime.resource.ResourceCacheImpl)
2019-11-27 12:40:37,141 - Default ResourceManager initialization complete.
2019-11-27 12:40:37,142 - Loaded System Directive: org.apache.velocity.runtime.directive.Literal
2019-11-27 12:40:37,143 - Loaded System Directive: org.apache.velocity.runtime.directive.Macro
2019-11-27 12:40:37,145 - Loaded System Directive: org.apache.velocity.runtime.directive.Parse
2019-11-27 12:40:37,146 - Loaded System Directive: org.apache.velocity.runtime.directive.Include
2019-11-27 12:40:37,147 - Loaded System Directive: org.apache.velocity.runtime.directive.Foreach
2019-11-27 12:40:37,166 - Created: 20 parsers.
2019-11-27 12:40:37,170 - Velocimacro : initialization starting.
2019-11-27 12:40:37,171 - Velocimacro : adding VMs from VM library template : VM_global_library.vm
2019-11-27 12:40:37,173 - ResourceManager : unable to find resource 'VM_global_library.vm' in any resource loader.
2019-11-27 12:40:37,173 - Velocimacro : error using  VM library template VM_global_library.vm : org.apache.velocity.exception.ResourceNotFoundException: Unable to find resource 'VM_global_library.vm'
2019-11-27 12:40:37,173 - Velocimacro :  VM library template macro registration complete.
2019-11-27 12:40:37,173 - Velocimacro : allowInline = true : VMs can be defined inline in templates
2019-11-27 12:40:37,173 - Velocimacro : allowInlineToOverride = false : VMs defined inline may NOT replace previous VM definitions
2019-11-27 12:40:37,173 - Velocimacro : allowInlineLocal = false : VMs defined inline will be  global in scope if allowed.
2019-11-27 12:40:37,173 - Velocimacro : messages on  : VM system will output logging messages
2019-11-27 12:40:37,173 - Velocimacro : autoload off  : VM system will not automatically reload global library macros
2019-11-27 12:40:37,174 - Velocimacro : initialization complete.
2019-11-27 12:40:37,174 - Velocity successfully started.
