2020-01-05 16:33:39,596 - Velocimacro : initialization starting.
2020-01-05 16:33:39,596 - Velocimacro : adding VMs from VM library template : VM_global_library.vm
2020-01-05 16:33:39,598 - ResourceManager : unable to find resource 'VM_global_library.vm' in any resource loader.
2020-01-05 16:33:39,598 - Velocimacro : error using  VM library template VM_global_library.vm : org.apache.velocity.exception.ResourceNotFoundException: Unable to find resource 'VM_global_library.vm'
2020-01-05 16:33:39,598 - Velocimacro :  VM library template macro registration complete.
2020-01-05 16:33:39,598 - Velocimacro : allowInline = true : VMs can be defined inline in templates
2020-01-05 16:33:39,598 - Velocimacro : allowInlineToOverride = false : VMs defined inline may NOT replace previous VM definitions
2020-01-05 16:33:39,598 - Velocimacro : allowInlineLocal = false : VMs defined inline will be  global in scope if allowed.
2020-01-05 16:33:39,598 - Velocimacro : messages on  : VM system will output logging messages
2020-01-05 16:33:39,598 - Velocimacro : autoload off  : VM system will not automatically reload global library macros
2020-01-05 16:33:39,598 - Velocimacro : initialization complete.
2020-01-05 16:33:39,598 - Velocity successfully started.
2020-01-05 16:35:20,348 - SimpleLog4JLogSystem initialized using logfile 'velocity.log'
2020-01-05 16:35:20,348 - ************************************************************** 
2020-01-05 16:35:20,348 - Starting Jakarta Velocity v1.4
2020-01-05 16:35:20,348 - RuntimeInstance initializing.
2020-01-05 16:35:20,348 - Default Properties File: org/apache/velocity/runtime/defaults/velocity.properties
2020-01-05 16:35:20,348 - Trying to use logger class org.apache.velocity.runtime.log.SimpleLog4JLogSystem
2020-01-05 16:35:20,348 - Using logger class org.apache.velocity.runtime.log.SimpleLog4JLogSystem
2020-01-05 16:35:20,350 - Default ResourceManager initializing. (class org.apache.velocity.runtime.resource.ResourceManagerImpl)
2020-01-05 16:35:20,352 - Resource Loader Instantiated: org.apache.velocity.runtime.resource.loader.ClasspathResourceLoader
2020-01-05 16:35:20,352 - ClasspathResourceLoader : initialization starting.
2020-01-05 16:35:20,352 - ClasspathResourceLoader : initialization complete.
2020-01-05 16:35:20,353 - ResourceCache : initialized. (class org.apache.velocity.runtime.resource.ResourceCacheImpl)
2020-01-05 16:35:20,353 - Default ResourceManager initialization complete.
2020-01-05 16:35:20,354 - Loaded System Directive: org.apache.velocity.runtime.directive.Literal
2020-01-05 16:35:20,356 - Loaded System Directive: org.apache.velocity.runtime.directive.Macro
2020-01-05 16:35:20,358 - Loaded System Directive: org.apache.velocity.runtime.directive.Parse
2020-01-05 16:35:20,359 - Loaded System Directive: org.apache.velocity.runtime.directive.Include
2020-01-05 16:35:20,359 - Loaded System Directive: org.apache.velocity.runtime.directive.Foreach
2020-01-05 16:35:20,375 - Created: 20 parsers.
2020-01-05 16:35:20,377 - Velocimacro : initialization starting.
2020-01-05 16:35:20,377 - Velocimacro : adding VMs from VM library template : VM_global_library.vm
2020-01-05 16:35:20,378 - ResourceManager : unable to find resource 'VM_global_library.vm' in any resource loader.
2020-01-05 16:35:20,378 - Velocimacro : error using  VM library template VM_global_library.vm : org.apache.velocity.exception.ResourceNotFoundException: Unable to find resource 'VM_global_library.vm'
2020-01-05 16:35:20,379 - Velocimacro :  VM library template macro registration complete.
2020-01-05 16:35:20,379 - Velocimacro : allowInline = true : VMs can be defined inline in templates
2020-01-05 16:35:20,379 - Velocimacro : allowInlineToOverride = false : VMs defined inline may NOT replace previous VM definitions
2020-01-05 16:35:20,379 - Velocimacro : allowInlineLocal = false : VMs defined inline will be  global in scope if allowed.
2020-01-05 16:35:20,379 - Velocimacro : messages on  : VM system will output logging messages
2020-01-05 16:35:20,379 - Velocimacro : autoload off  : VM system will not automatically reload global library macros
2020-01-05 16:35:20,379 - Velocimacro : initialization complete.
2020-01-05 16:35:20,379 - Velocity successfully started.
2020-01-05 16:36:58,256 - SimpleLog4JLogSystem initialized using logfile 'velocity.log'
2020-01-05 16:36:58,257 - ************************************************************** 
2020-01-05 16:36:58,257 - Starting Jakarta Velocity v1.4
2020-01-05 16:36:58,257 - RuntimeInstance initializing.
2020-01-05 16:36:58,257 - Default Properties File: org/apache/velocity/runtime/defaults/velocity.properties
2020-01-05 16:36:58,257 - Trying to use logger class org.apache.velocity.runtime.log.SimpleLog4JLogSystem
2020-01-05 16:36:58,257 - Using logger class org.apache.velocity.runtime.log.SimpleLog4JLogSystem
2020-01-05 16:36:58,258 - Default ResourceManager initializing. (class org.apache.velocity.runtime.resource.ResourceManagerImpl)
2020-01-05 16:36:58,260 - Resource Loader Instantiated: org.apache.velocity.runtime.resource.loader.ClasspathResourceLoader
2020-01-05 16:36:58,260 - ClasspathResourceLoader : initialization starting.
2020-01-05 16:36:58,260 - ClasspathResourceLoader : initialization complete.
2020-01-05 16:36:58,260 - ResourceCache : initialized. (class org.apache.velocity.runtime.resource.ResourceCacheImpl)
2020-01-05 16:36:58,260 - Default ResourceManager initialization complete.
2020-01-05 16:36:58,261 - Loaded System Directive: org.apache.velocity.runtime.directive.Literal
2020-01-05 16:36:58,262 - Loaded System Directive: org.apache.velocity.runtime.directive.Macro
2020-01-05 16:36:58,263 - Loaded System Directive: org.apache.velocity.runtime.directive.Parse
2020-01-05 16:36:58,264 - Loaded System Directive: org.apache.velocity.runtime.directive.Include
2020-01-05 16:36:58,265 - Loaded System Directive: org.apache.velocity.runtime.directive.Foreach
2020-01-05 16:36:58,280 - Created: 20 parsers.
2020-01-05 16:36:58,282 - Velocimacro : initialization starting.
2020-01-05 16:36:58,282 - Velocimacro : adding VMs from VM library template : VM_global_library.vm
2020-01-05 16:36:58,283 - ResourceManager : unable to find resource 'VM_global_library.vm' in any resource loader.
2020-01-05 16:36:58,283 - Velocimacro : error using  VM library template VM_global_library.vm : org.apache.velocity.exception.ResourceNotFoundException: Unable to find resource 'VM_global_library.vm'
2020-01-05 16:36:58,283 - Velocimacro :  VM library template macro registration complete.
2020-01-05 16:36:58,283 - Velocimacro : allowInline = true : VMs can be defined inline in templates
2020-01-05 16:36:58,283 - Velocimacro : allowInlineToOverride = false : VMs defined inline may NOT replace previous VM definitions
2020-01-05 16:36:58,284 - Velocimacro : allowInlineLocal = false : VMs defined inline will be  global in scope if allowed.
2020-01-05 16:36:58,284 - Velocimacro : messages on  : VM system will output logging messages
2020-01-05 16:36:58,284 - Velocimacro : autoload off  : VM system will not automatically reload global library macros
2020-01-05 16:36:58,284 - Velocimacro : initialization complete.
2020-01-05 16:36:58,284 - Velocity successfully started.
2020-01-05 16:41:30,483 - SimpleLog4JLogSystem initialized using logfile 'velocity.log'
2020-01-05 16:41:30,484 - ************************************************************** 
2020-01-05 16:41:30,484 - Starting Jakarta Velocity v1.4
2020-01-05 16:41:30,484 - RuntimeInstance initializing.
2020-01-05 16:41:30,484 - Default Properties File: org/apache/velocity/runtime/defaults/velocity.properties
2020-01-05 16:41:30,484 - Trying to use logger class org.apache.velocity.runtime.log.SimpleLog4JLogSystem
2020-01-05 16:41:30,484 - Using logger class org.apache.velocity.runtime.log.SimpleLog4JLogSystem
2020-01-05 16:41:30,485 - Default ResourceManager initializing. (class org.apache.velocity.runtime.resource.ResourceManagerImpl)
2020-01-05 16:41:30,486 - Resource Loader Instantiated: org.apache.velocity.runtime.resource.loader.ClasspathResourceLoader
2020-01-05 16:41:30,486 - ClasspathResourceLoader : initialization starting.
2020-01-05 16:41:30,486 - ClasspathResourceLoader : initialization complete.
2020-01-05 16:41:30,486 - ResourceCache : initialized. (class org.apache.velocity.runtime.resource.ResourceCacheImpl)
2020-01-05 16:41:30,486 - Default ResourceManager initialization complete.
2020-01-05 16:41:30,487 - Loaded System Directive: org.apache.velocity.runtime.directive.Literal
2020-01-05 16:41:30,487 - Loaded System Directive: org.apache.velocity.runtime.directive.Macro
2020-01-05 16:41:30,488 - Loaded System Directive: org.apache.velocity.runtime.directive.Parse
2020-01-05 16:41:30,489 - Loaded System Directive: org.apache.velocity.runtime.directive.Include
2020-01-05 16:41:30,489 - Loaded System Directive: org.apache.velocity.runtime.directive.Foreach
2020-01-05 16:41:30,504 - Created: 20 parsers.
2020-01-05 16:41:30,506 - Velocimacro : initialization starting.
2020-01-05 16:41:30,507 - Velocimacro : adding VMs from VM library template : VM_global_library.vm
2020-01-05 16:41:30,508 - ResourceManager : unable to find resource 'VM_global_library.vm' in any resource loader.
2020-01-05 16:41:30,508 - Velocimacro : error using  VM library template VM_global_library.vm : org.apache.velocity.exception.ResourceNotFoundException: Unable to find resource 'VM_global_library.vm'
2020-01-05 16:41:30,508 - Velocimacro :  VM library template macro registration complete.
2020-01-05 16:41:30,508 - Velocimacro : allowInline = true : VMs can be defined inline in templates
2020-01-05 16:41:30,508 - Velocimacro : allowInlineToOverride = false : VMs defined inline may NOT replace previous VM definitions
2020-01-05 16:41:30,508 - Velocimacro : allowInlineLocal = false : VMs defined inline will be  global in scope if allowed.
2020-01-05 16:41:30,508 - Velocimacro : messages on  : VM system will output logging messages
2020-01-05 16:41:30,508 - Velocimacro : autoload off  : VM system will not automatically reload global library macros
2020-01-05 16:41:30,508 - Velocimacro : initialization complete.
2020-01-05 16:41:30,508 - Velocity successfully started.
2020-01-05 16:58:58,925 - SimpleLog4JLogSystem initialized using logfile 'velocity.log'
2020-01-05 16:58:58,926 - ************************************************************** 
2020-01-05 16:58:58,926 - Starting Jakarta Velocity v1.4
2020-01-05 16:58:58,926 - RuntimeInstance initializing.
2020-01-05 16:58:58,926 - Default Properties File: org/apache/velocity/runtime/defaults/velocity.properties
2020-01-05 16:58:58,926 - Trying to use logger class org.apache.velocity.runtime.log.SimpleLog4JLogSystem
2020-01-05 16:58:58,926 - Using logger class org.apache.velocity.runtime.log.SimpleLog4JLogSystem
2020-01-05 16:58:58,927 - Default ResourceManager initializing. (class org.apache.velocity.runtime.resource.ResourceManagerImpl)
2020-01-05 16:58:58,929 - Resource Loader Instantiated: org.apache.velocity.runtime.resource.loader.ClasspathResourceLoader
2020-01-05 16:58:58,929 - ClasspathResourceLoader : initialization starting.
2020-01-05 16:58:58,929 - ClasspathResourceLoader : initialization complete.
2020-01-05 16:58:58,929 - ResourceCache : initialized. (class org.apache.velocity.runtime.resource.ResourceCacheImpl)
2020-01-05 16:58:58,929 - Default ResourceManager initialization complete.
2020-01-05 16:58:58,930 - Loaded System Directive: org.apache.velocity.runtime.directive.Literal
2020-01-05 16:58:58,931 - Loaded System Directive: org.apache.velocity.runtime.directive.Macro
2020-01-05 16:58:58,931 - Loaded System Directive: org.apache.velocity.runtime.directive.Parse
2020-01-05 16:58:58,932 - Loaded System Directive: org.apache.velocity.runtime.directive.Include
2020-01-05 16:58:58,933 - Loaded System Directive: org.apache.velocity.runtime.directive.Foreach
2020-01-05 16:58:58,952 - Created: 20 parsers.
2020-01-05 16:58:58,955 - Velocimacro : initialization starting.
2020-01-05 16:58:58,955 - Velocimacro : adding VMs from VM library template : VM_global_library.vm
2020-01-05 16:58:58,956 - ResourceManager : unable to find resource 'VM_global_library.vm' in any resource loader.
2020-01-05 16:58:58,956 - Velocimacro : error using  VM library template VM_global_library.vm : org.apache.velocity.exception.ResourceNotFoundException: Unable to find resource 'VM_global_library.vm'
2020-01-05 16:58:58,956 - Velocimacro :  VM library template macro registration complete.
2020-01-05 16:58:58,957 - Velocimacro : allowInline = true : VMs can be defined inline in templates
2020-01-05 16:58:58,957 - Velocimacro : allowInlineToOverride = false : VMs defined inline may NOT replace previous VM definitions
2020-01-05 16:58:58,957 - Velocimacro : allowInlineLocal = false : VMs defined inline will be  global in scope if allowed.
2020-01-05 16:58:58,957 - Velocimacro : messages on  : VM system will output logging messages
2020-01-05 16:58:58,957 - Velocimacro : autoload off  : VM system will not automatically reload global library macros
2020-01-05 16:58:58,957 - Velocimacro : initialization complete.
2020-01-05 16:58:58,957 - Velocity successfully started.
2020-01-05 17:31:28,456 - SimpleLog4JLogSystem initialized using logfile 'velocity.log'
2020-01-05 17:31:28,457 - ************************************************************** 
2020-01-05 17:31:28,457 - Starting Jakarta Velocity v1.4
2020-01-05 17:31:28,457 - RuntimeInstance initializing.
2020-01-05 17:31:28,457 - Default Properties File: org/apache/velocity/runtime/defaults/velocity.properties
2020-01-05 17:31:28,457 - Trying to use logger class org.apache.velocity.runtime.log.SimpleLog4JLogSystem
2020-01-05 17:31:28,457 - Using logger class org.apache.velocity.runtime.log.SimpleLog4JLogSystem
2020-01-05 17:31:28,459 - Default ResourceManager initializing. (class org.apache.velocity.runtime.resource.ResourceManagerImpl)
2020-01-05 17:31:28,462 - Resource Loader Instantiated: org.apache.velocity.runtime.resource.loader.ClasspathResourceLoader
2020-01-05 17:31:28,462 - ClasspathResourceLoader : initialization starting.
2020-01-05 17:31:28,462 - ClasspathResourceLoader : initialization complete.
2020-01-05 17:31:28,462 - ResourceCache : initialized. (class org.apache.velocity.runtime.resource.ResourceCacheImpl)
2020-01-05 17:31:28,463 - Default ResourceManager initialization complete.
2020-01-05 17:31:28,466 - Loaded System Directive: org.apache.velocity.runtime.directive.Literal
2020-01-05 17:31:28,467 - Loaded System Directive: org.apache.velocity.runtime.directive.Macro
2020-01-05 17:31:28,468 - Loaded System Directive: org.apache.velocity.runtime.directive.Parse
2020-01-05 17:31:28,469 - Loaded System Directive: org.apache.velocity.runtime.directive.Include
2020-01-05 17:31:28,470 - Loaded System Directive: org.apache.velocity.runtime.directive.Foreach
2020-01-05 17:31:28,493 - Created: 20 parsers.
2020-01-05 17:31:28,496 - Velocimacro : initialization starting.
2020-01-05 17:31:28,496 - Velocimacro : adding VMs from VM library template : VM_global_library.vm
2020-01-05 17:31:28,498 - ResourceManager : unable to find resource 'VM_global_library.vm' in any resource loader.
2020-01-05 17:31:28,498 - Velocimacro : error using  VM library template VM_global_library.vm : org.apache.velocity.exception.ResourceNotFoundException: Unable to find resource 'VM_global_library.vm'
2020-01-05 17:31:28,498 - Velocimacro :  VM library template macro registration complete.
2020-01-05 17:31:28,498 - Velocimacro : allowInline = true : VMs can be defined inline in templates
2020-01-05 17:31:28,498 - Velocimacro : allowInlineToOverride = false : VMs defined inline may NOT replace previous VM definitions
2020-01-05 17:31:28,498 - Velocimacro : allowInlineLocal = false : VMs defined inline will be  global in scope if allowed.
2020-01-05 17:31:28,498 - Velocimacro : messages on  : VM system will output logging messages
2020-01-05 17:31:28,498 - Velocimacro : autoload off  : VM system will not automatically reload global library macros
2020-01-05 17:31:28,498 - Velocimacro : initialization complete.
2020-01-05 17:31:28,498 - Velocity successfully started.
2020-01-05 17:37:18,205 - SimpleLog4JLogSystem initialized using logfile 'velocity.log'
2020-01-05 17:37:18,206 - ************************************************************** 
2020-01-05 17:37:18,206 - Starting Jakarta Velocity v1.4
2020-01-05 17:37:18,206 - RuntimeInstance initializing.
2020-01-05 17:37:18,206 - Default Properties File: org/apache/velocity/runtime/defaults/velocity.properties
2020-01-05 17:37:18,206 - Trying to use logger class org.apache.velocity.runtime.log.SimpleLog4JLogSystem
2020-01-05 17:37:18,206 - Using logger class org.apache.velocity.runtime.log.SimpleLog4JLogSystem
2020-01-05 17:37:18,207 - Default ResourceManager initializing. (class org.apache.velocity.runtime.resource.ResourceManagerImpl)
2020-01-05 17:37:18,208 - Resource Loader Instantiated: org.apache.velocity.runtime.resource.loader.ClasspathResourceLoader
2020-01-05 17:37:18,208 - ClasspathResourceLoader : initialization starting.
2020-01-05 17:37:18,208 - ClasspathResourceLoader : initialization complete.
2020-01-05 17:37:18,209 - ResourceCache : initialized. (class org.apache.velocity.runtime.resource.ResourceCacheImpl)
2020-01-05 17:37:18,209 - Default ResourceManager initialization complete.
2020-01-05 17:37:18,209 - Loaded System Directive: org.apache.velocity.runtime.directive.Literal
2020-01-05 17:37:18,210 - Loaded System Directive: org.apache.velocity.runtime.directive.Macro
2020-01-05 17:37:18,211 - Loaded System Directive: org.apache.velocity.runtime.directive.Parse
2020-01-05 17:37:18,211 - Loaded System Directive: org.apache.velocity.runtime.directive.Include
2020-01-05 17:37:18,212 - Loaded System Directive: org.apache.velocity.runtime.directive.Foreach
2020-01-05 17:37:18,226 - Created: 20 parsers.
2020-01-05 17:37:18,228 - Velocimacro : initialization starting.
2020-01-05 17:37:18,228 - Velocimacro : adding VMs from VM library template : VM_global_library.vm
2020-01-05 17:37:18,229 - ResourceManager : unable to find resource 'VM_global_library.vm' in any resource loader.
2020-01-05 17:37:18,229 - Velocimacro : error using  VM library template VM_global_library.vm : org.apache.velocity.exception.ResourceNotFoundException: Unable to find resource 'VM_global_library.vm'
2020-01-05 17:37:18,229 - Velocimacro :  VM library template macro registration complete.
2020-01-05 17:37:18,229 - Velocimacro : allowInline = true : VMs can be defined inline in templates
2020-01-05 17:37:18,229 - Velocimacro : allowInlineToOverride = false : VMs defined inline may NOT replace previous VM definitions
2020-01-05 17:37:18,229 - Velocimacro : allowInlineLocal = false : VMs defined inline will be  global in scope if allowed.
2020-01-05 17:37:18,229 - Velocimacro : messages on  : VM system will output logging messages
2020-01-05 17:37:18,230 - Velocimacro : autoload off  : VM system will not automatically reload global library macros
2020-01-05 17:37:18,230 - Velocimacro : initialization complete.
2020-01-05 17:37:18,230 - Velocity successfully started.
2020-01-05 17:38:06,911 - SimpleLog4JLogSystem initialized using logfile 'velocity.log'
2020-01-05 17:38:06,912 - ************************************************************** 
2020-01-05 17:38:06,912 - Starting Jakarta Velocity v1.4
2020-01-05 17:38:06,912 - RuntimeInstance initializing.
2020-01-05 17:38:06,912 - Default Properties File: org/apache/velocity/runtime/defaults/velocity.properties
2020-01-05 17:38:06,912 - Trying to use logger class org.apache.velocity.runtime.log.SimpleLog4JLogSystem
2020-01-05 17:38:06,912 - Using logger class org.apache.velocity.runtime.log.SimpleLog4JLogSystem
2020-01-05 17:38:06,914 - Default ResourceManager initializing. (class org.apache.velocity.runtime.resource.ResourceManagerImpl)
2020-01-05 17:38:06,915 - Resource Loader Instantiated: org.apache.velocity.runtime.resource.loader.ClasspathResourceLoader
2020-01-05 17:38:06,915 - ClasspathResourceLoader : initialization starting.
2020-01-05 17:38:06,915 - ClasspathResourceLoader : initialization complete.
2020-01-05 17:38:06,916 - ResourceCache : initialized. (class org.apache.velocity.runtime.resource.ResourceCacheImpl)
2020-01-05 17:38:06,916 - Default ResourceManager initialization complete.
2020-01-05 17:38:06,917 - Loaded System Directive: org.apache.velocity.runtime.directive.Literal
2020-01-05 17:38:06,918 - Loaded System Directive: org.apache.velocity.runtime.directive.Macro
2020-01-05 17:38:06,919 - Loaded System Directive: org.apache.velocity.runtime.directive.Parse
2020-01-05 17:38:06,920 - Loaded System Directive: org.apache.velocity.runtime.directive.Include
2020-01-05 17:38:06,920 - Loaded System Directive: org.apache.velocity.runtime.directive.Foreach
2020-01-05 17:38:06,939 - Created: 20 parsers.
2020-01-05 17:38:06,942 - Velocimacro : initialization starting.
2020-01-05 17:38:06,942 - Velocimacro : adding VMs from VM library template : VM_global_library.vm
2020-01-05 17:38:06,944 - ResourceManager : unable to find resource 'VM_global_library.vm' in any resource loader.
2020-01-05 17:38:06,944 - Velocimacro : error using  VM library template VM_global_library.vm : org.apache.velocity.exception.ResourceNotFoundException: Unable to find resource 'VM_global_library.vm'
2020-01-05 17:38:06,944 - Velocimacro :  VM library template macro registration complete.
2020-01-05 17:38:06,944 - Velocimacro : allowInline = true : VMs can be defined inline in templates
2020-01-05 17:38:06,944 - Velocimacro : allowInlineToOverride = false : VMs defined inline may NOT replace previous VM definitions
2020-01-05 17:38:06,944 - Velocimacro : allowInlineLocal = false : VMs defined inline will be  global in scope if allowed.
2020-01-05 17:38:06,944 - Velocimacro : messages on  : VM system will output logging messages
2020-01-05 17:38:06,944 - Velocimacro : autoload off  : VM system will not automatically reload global library macros
2020-01-05 17:38:06,944 - Velocimacro : initialization complete.
2020-01-05 17:38:06,944 - Velocity successfully started.
2020-01-05 17:41:48,790 - SimpleLog4JLogSystem initialized using logfile 'velocity.log'
2020-01-05 17:41:48,790 - ************************************************************** 
2020-01-05 17:41:48,790 - Starting Jakarta Velocity v1.4
2020-01-05 17:41:48,790 - RuntimeInstance initializing.
2020-01-05 17:41:48,790 - Default Properties File: org/apache/velocity/runtime/defaults/velocity.properties
2020-01-05 17:41:48,790 - Trying to use logger class org.apache.velocity.runtime.log.SimpleLog4JLogSystem
2020-01-05 17:41:48,790 - Using logger class org.apache.velocity.runtime.log.SimpleLog4JLogSystem
2020-01-05 17:41:48,791 - Default ResourceManager initializing. (class org.apache.velocity.runtime.resource.ResourceManagerImpl)
2020-01-05 17:41:48,792 - Resource Loader Instantiated: org.apache.velocity.runtime.resource.loader.ClasspathResourceLoader
2020-01-05 17:41:48,792 - ClasspathResourceLoader : initialization starting.
2020-01-05 17:41:48,792 - ClasspathResourceLoader : initialization complete.
2020-01-05 17:41:48,793 - ResourceCache : initialized. (class org.apache.velocity.runtime.resource.ResourceCacheImpl)
2020-01-05 17:41:48,793 - Default ResourceManager initialization complete.
2020-01-05 17:41:48,793 - Loaded System Directive: org.apache.velocity.runtime.directive.Literal
2020-01-05 17:41:48,794 - Loaded System Directive: org.apache.velocity.runtime.directive.Macro
2020-01-05 17:41:48,795 - Loaded System Directive: org.apache.velocity.runtime.directive.Parse
2020-01-05 17:41:48,796 - Loaded System Directive: org.apache.velocity.runtime.directive.Include
2020-01-05 17:41:48,796 - Loaded System Directive: org.apache.velocity.runtime.directive.Foreach
2020-01-05 17:41:48,816 - Created: 20 parsers.
2020-01-05 17:41:48,818 - Velocimacro : initialization starting.
2020-01-05 17:41:48,818 - Velocimacro : adding VMs from VM library template : VM_global_library.vm
2020-01-05 17:41:48,819 - ResourceManager : unable to find resource 'VM_global_library.vm' in any resource loader.
2020-01-05 17:41:48,819 - Velocimacro : error using  VM library template VM_global_library.vm : org.apache.velocity.exception.ResourceNotFoundException: Unable to find resource 'VM_global_library.vm'
2020-01-05 17:41:48,819 - Velocimacro :  VM library template macro registration complete.
2020-01-05 17:41:48,819 - Velocimacro : allowInline = true : VMs can be defined inline in templates
2020-01-05 17:41:48,819 - Velocimacro : allowInlineToOverride = false : VMs defined inline may NOT replace previous VM definitions
2020-01-05 17:41:48,819 - Velocimacro : allowInlineLocal = false : VMs defined inline will be  global in scope if allowed.
2020-01-05 17:41:48,819 - Velocimacro : messages on  : VM system will output logging messages
2020-01-05 17:41:48,819 - Velocimacro : autoload off  : VM system will not automatically reload global library macros
2020-01-05 17:41:48,819 - Velocimacro : initialization complete.
2020-01-05 17:41:48,819 - Velocity successfully started.
2020-01-05 17:46:36,797 - SimpleLog4JLogSystem initialized using logfile 'velocity.log'
2020-01-05 17:46:36,798 - ************************************************************** 
2020-01-05 17:46:36,798 - Starting Jakarta Velocity v1.4
2020-01-05 17:46:36,798 - RuntimeInstance initializing.
2020-01-05 17:46:36,798 - Default Properties File: org/apache/velocity/runtime/defaults/velocity.properties
2020-01-05 17:46:36,798 - Trying to use logger class org.apache.velocity.runtime.log.SimpleLog4JLogSystem
2020-01-05 17:46:36,798 - Using logger class org.apache.velocity.runtime.log.SimpleLog4JLogSystem
2020-01-05 17:46:36,799 - Default ResourceManager initializing. (class org.apache.velocity.runtime.resource.ResourceManagerImpl)
2020-01-05 17:46:36,800 - Resource Loader Instantiated: org.apache.velocity.runtime.resource.loader.ClasspathResourceLoader
2020-01-05 17:46:36,801 - ClasspathResourceLoader : initialization starting.
2020-01-05 17:46:36,801 - ClasspathResourceLoader : initialization complete.
2020-01-05 17:46:36,801 - ResourceCache : initialized. (class org.apache.velocity.runtime.resource.ResourceCacheImpl)
2020-01-05 17:46:36,801 - Default ResourceManager initialization complete.
2020-01-05 17:46:36,802 - Loaded System Directive: org.apache.velocity.runtime.directive.Literal
2020-01-05 17:46:36,803 - Loaded System Directive: org.apache.velocity.runtime.directive.Macro
2020-01-05 17:46:36,803 - Loaded System Directive: org.apache.velocity.runtime.directive.Parse
2020-01-05 17:46:36,804 - Loaded System Directive: org.apache.velocity.runtime.directive.Include
2020-01-05 17:46:36,805 - Loaded System Directive: org.apache.velocity.runtime.directive.Foreach
2020-01-05 17:46:36,834 - Created: 20 parsers.
2020-01-05 17:46:36,837 - Velocimacro : initialization starting.
2020-01-05 17:46:36,837 - Velocimacro : adding VMs from VM library template : VM_global_library.vm
2020-01-05 17:46:36,838 - ResourceManager : unable to find resource 'VM_global_library.vm' in any resource loader.
2020-01-05 17:46:36,838 - Velocimacro : error using  VM library template VM_global_library.vm : org.apache.velocity.exception.ResourceNotFoundException: Unable to find resource 'VM_global_library.vm'
2020-01-05 17:46:36,838 - Velocimacro :  VM library template macro registration complete.
2020-01-05 17:46:36,838 - Velocimacro : allowInline = true : VMs can be defined inline in templates
2020-01-05 17:46:36,839 - Velocimacro : allowInlineToOverride = false : VMs defined inline may NOT replace previous VM definitions
2020-01-05 17:46:36,839 - Velocimacro : allowInlineLocal = false : VMs defined inline will be  global in scope if allowed.
2020-01-05 17:46:36,839 - Velocimacro : messages on  : VM system will output logging messages
2020-01-05 17:46:36,839 - Velocimacro : autoload off  : VM system will not automatically reload global library macros
2020-01-05 17:46:36,839 - Velocimacro : initialization complete.
2020-01-05 17:46:36,839 - Velocity successfully started.
2020-01-05 17:51:15,395 - SimpleLog4JLogSystem initialized using logfile 'velocity.log'
2020-01-05 17:51:15,396 - ************************************************************** 
2020-01-05 17:51:15,396 - Starting Jakarta Velocity v1.4
2020-01-05 17:51:15,396 - RuntimeInstance initializing.
2020-01-05 17:51:15,396 - Default Properties File: org/apache/velocity/runtime/defaults/velocity.properties
2020-01-05 17:51:15,396 - Trying to use logger class org.apache.velocity.runtime.log.SimpleLog4JLogSystem
2020-01-05 17:51:15,396 - Using logger class org.apache.velocity.runtime.log.SimpleLog4JLogSystem
2020-01-05 17:51:15,399 - Default ResourceManager initializing. (class org.apache.velocity.runtime.resource.ResourceManagerImpl)
2020-01-05 17:51:15,402 - Resource Loader Instantiated: org.apache.velocity.runtime.resource.loader.ClasspathResourceLoader
2020-01-05 17:51:15,402 - ClasspathResourceLoader : initialization starting.
2020-01-05 17:51:15,402 - ClasspathResourceLoader : initialization complete.
2020-01-05 17:51:15,403 - ResourceCache : initialized. (class org.apache.velocity.runtime.resource.ResourceCacheImpl)
2020-01-05 17:51:15,403 - Default ResourceManager initialization complete.
2020-01-05 17:51:15,404 - Loaded System Directive: org.apache.velocity.runtime.directive.Literal
2020-01-05 17:51:15,405 - Loaded System Directive: org.apache.velocity.runtime.directive.Macro
2020-01-05 17:51:15,407 - Loaded System Directive: org.apache.velocity.runtime.directive.Parse
2020-01-05 17:51:15,409 - Loaded System Directive: org.apache.velocity.runtime.directive.Include
2020-01-05 17:51:15,411 - Loaded System Directive: org.apache.velocity.runtime.directive.Foreach
2020-01-05 17:51:15,436 - Created: 20 parsers.
2020-01-05 17:51:15,440 - Velocimacro : initialization starting.
2020-01-05 17:51:15,440 - Velocimacro : adding VMs from VM library template : VM_global_library.vm
2020-01-05 17:51:15,443 - ResourceManager : unable to find resource 'VM_global_library.vm' in any resource loader.
2020-01-05 17:51:15,443 - Velocimacro : error using  VM library template VM_global_library.vm : org.apache.velocity.exception.ResourceNotFoundException: Unable to find resource 'VM_global_library.vm'
2020-01-05 17:51:15,443 - Velocimacro :  VM library template macro registration complete.
2020-01-05 17:51:15,443 - Velocimacro : allowInline = true : VMs can be defined inline in templates
2020-01-05 17:51:15,443 - Velocimacro : allowInlineToOverride = false : VMs defined inline may NOT replace previous VM definitions
2020-01-05 17:51:15,444 - Velocimacro : allowInlineLocal = false : VMs defined inline will be  global in scope if allowed.
2020-01-05 17:51:15,444 - Velocimacro : messages on  : VM system will output logging messages
2020-01-05 17:51:15,444 - Velocimacro : autoload off  : VM system will not automatically reload global library macros
2020-01-05 17:51:15,444 - Velocimacro : initialization complete.
2020-01-05 17:51:15,444 - Velocity successfully started.
2020-01-05 17:54:31,620 - SimpleLog4JLogSystem initialized using logfile 'velocity.log'
2020-01-05 17:54:31,620 - ************************************************************** 
2020-01-05 17:54:31,620 - Starting Jakarta Velocity v1.4
2020-01-05 17:54:31,620 - RuntimeInstance initializing.
2020-01-05 17:54:31,620 - Default Properties File: org/apache/velocity/runtime/defaults/velocity.properties
2020-01-05 17:54:31,621 - Trying to use logger class org.apache.velocity.runtime.log.SimpleLog4JLogSystem
2020-01-05 17:54:31,621 - Using logger class org.apache.velocity.runtime.log.SimpleLog4JLogSystem
2020-01-05 17:54:31,622 - Default ResourceManager initializing. (class org.apache.velocity.runtime.resource.ResourceManagerImpl)
2020-01-05 17:54:31,623 - Resource Loader Instantiated: org.apache.velocity.runtime.resource.loader.ClasspathResourceLoader
2020-01-05 17:54:31,623 - ClasspathResourceLoader : initialization starting.
2020-01-05 17:54:31,623 - ClasspathResourceLoader : initialization complete.
2020-01-05 17:54:31,624 - ResourceCache : initialized. (class org.apache.velocity.runtime.resource.ResourceCacheImpl)
2020-01-05 17:54:31,624 - Default ResourceManager initialization complete.
2020-01-05 17:54:31,625 - Loaded System Directive: org.apache.velocity.runtime.directive.Literal
2020-01-05 17:54:31,626 - Loaded System Directive: org.apache.velocity.runtime.directive.Macro
2020-01-05 17:54:31,627 - Loaded System Directive: org.apache.velocity.runtime.directive.Parse
2020-01-05 17:54:31,628 - Loaded System Directive: org.apache.velocity.runtime.directive.Include
2020-01-05 17:54:31,628 - Loaded System Directive: org.apache.velocity.runtime.directive.Foreach
2020-01-05 17:54:31,645 - Created: 20 parsers.
2020-01-05 17:54:31,647 - Velocimacro : initialization starting.
2020-01-05 17:54:31,647 - Velocimacro : adding VMs from VM library template : VM_global_library.vm
2020-01-05 17:54:31,648 - ResourceManager : unable to find resource 'VM_global_library.vm' in any resource loader.
2020-01-05 17:54:31,648 - Velocimacro : error using  VM library template VM_global_library.vm : org.apache.velocity.exception.ResourceNotFoundException: Unable to find resource 'VM_global_library.vm'
2020-01-05 17:54:31,648 - Velocimacro :  VM library template macro registration complete.
2020-01-05 17:54:31,648 - Velocimacro : allowInline = true : VMs can be defined inline in templates
2020-01-05 17:54:31,648 - Velocimacro : allowInlineToOverride = false : VMs defined inline may NOT replace previous VM definitions
2020-01-05 17:54:31,648 - Velocimacro : allowInlineLocal = false : VMs defined inline will be  global in scope if allowed.
2020-01-05 17:54:31,648 - Velocimacro : messages on  : VM system will output logging messages
2020-01-05 17:54:31,648 - Velocimacro : autoload off  : VM system will not automatically reload global library macros
2020-01-05 17:54:31,648 - Velocimacro : initialization complete.
2020-01-05 17:54:31,648 - Velocity successfully started.
2020-01-05 17:58:45,254 - SimpleLog4JLogSystem initialized using logfile 'velocity.log'
2020-01-05 17:58:45,255 - ************************************************************** 
2020-01-05 17:58:45,255 - Starting Jakarta Velocity v1.4
2020-01-05 17:58:45,255 - RuntimeInstance initializing.
2020-01-05 17:58:45,255 - Default Properties File: org/apache/velocity/runtime/defaults/velocity.properties
2020-01-05 17:58:45,255 - Trying to use logger class org.apache.velocity.runtime.log.SimpleLog4JLogSystem
2020-01-05 17:58:45,255 - Using logger class org.apache.velocity.runtime.log.SimpleLog4JLogSystem
2020-01-05 17:58:45,256 - Default ResourceManager initializing. (class org.apache.velocity.runtime.resource.ResourceManagerImpl)
2020-01-05 17:58:45,260 - Resource Loader Instantiated: org.apache.velocity.runtime.resource.loader.ClasspathResourceLoader
2020-01-05 17:58:45,260 - ClasspathResourceLoader : initialization starting.
2020-01-05 17:58:45,260 - ClasspathResourceLoader : initialization complete.
2020-01-05 17:58:45,261 - ResourceCache : initialized. (class org.apache.velocity.runtime.resource.ResourceCacheImpl)
2020-01-05 17:58:45,261 - Default ResourceManager initialization complete.
2020-01-05 17:58:45,262 - Loaded System Directive: org.apache.velocity.runtime.directive.Literal
2020-01-05 17:58:45,263 - Loaded System Directive: org.apache.velocity.runtime.directive.Macro
2020-01-05 17:58:45,264 - Loaded System Directive: org.apache.velocity.runtime.directive.Parse
2020-01-05 17:58:45,265 - Loaded System Directive: org.apache.velocity.runtime.directive.Include
2020-01-05 17:58:45,266 - Loaded System Directive: org.apache.velocity.runtime.directive.Foreach
2020-01-05 17:58:45,291 - Created: 20 parsers.
2020-01-05 17:58:45,293 - Velocimacro : initialization starting.
2020-01-05 17:58:45,293 - Velocimacro : adding VMs from VM library template : VM_global_library.vm
2020-01-05 17:58:45,294 - ResourceManager : unable to find resource 'VM_global_library.vm' in any resource loader.
2020-01-05 17:58:45,294 - Velocimacro : error using  VM library template VM_global_library.vm : org.apache.velocity.exception.ResourceNotFoundException: Unable to find resource 'VM_global_library.vm'
2020-01-05 17:58:45,294 - Velocimacro :  VM library template macro registration complete.
2020-01-05 17:58:45,294 - Velocimacro : allowInline = true : VMs can be defined inline in templates
2020-01-05 17:58:45,294 - Velocimacro : allowInlineToOverride = false : VMs defined inline may NOT replace previous VM definitions
2020-01-05 17:58:45,294 - Velocimacro : allowInlineLocal = false : VMs defined inline will be  global in scope if allowed.
2020-01-05 17:58:45,294 - Velocimacro : messages on  : VM system will output logging messages
2020-01-05 17:58:45,294 - Velocimacro : autoload off  : VM system will not automatically reload global library macros
2020-01-05 17:58:45,294 - Velocimacro : initialization complete.
2020-01-05 17:58:45,294 - Velocity successfully started.
2020-01-05 17:59:19,604 - SimpleLog4JLogSystem initialized using logfile 'velocity.log'
2020-01-05 17:59:19,604 - ************************************************************** 
2020-01-05 17:59:19,604 - Starting Jakarta Velocity v1.4
2020-01-05 17:59:19,604 - RuntimeInstance initializing.
2020-01-05 17:59:19,604 - Default Properties File: org/apache/velocity/runtime/defaults/velocity.properties
2020-01-05 17:59:19,604 - Trying to use logger class org.apache.velocity.runtime.log.SimpleLog4JLogSystem
2020-01-05 17:59:19,604 - Using logger class org.apache.velocity.runtime.log.SimpleLog4JLogSystem
2020-01-05 17:59:19,606 - Default ResourceManager initializing. (class org.apache.velocity.runtime.resource.ResourceManagerImpl)
2020-01-05 17:59:19,607 - Resource Loader Instantiated: org.apache.velocity.runtime.resource.loader.ClasspathResourceLoader
2020-01-05 17:59:19,607 - ClasspathResourceLoader : initialization starting.
2020-01-05 17:59:19,607 - ClasspathResourceLoader : initialization complete.
2020-01-05 17:59:19,608 - ResourceCache : initialized. (class org.apache.velocity.runtime.resource.ResourceCacheImpl)
2020-01-05 17:59:19,608 - Default ResourceManager initialization complete.
2020-01-05 17:59:19,612 - Loaded System Directive: org.apache.velocity.runtime.directive.Literal
2020-01-05 17:59:19,613 - Loaded System Directive: org.apache.velocity.runtime.directive.Macro
2020-01-05 17:59:19,614 - Loaded System Directive: org.apache.velocity.runtime.directive.Parse
2020-01-05 17:59:19,615 - Loaded System Directive: org.apache.velocity.runtime.directive.Include
2020-01-05 17:59:19,616 - Loaded System Directive: org.apache.velocity.runtime.directive.Foreach
2020-01-05 17:59:19,639 - Created: 20 parsers.
2020-01-05 17:59:19,642 - Velocimacro : initialization starting.
2020-01-05 17:59:19,642 - Velocimacro : adding VMs from VM library template : VM_global_library.vm
2020-01-05 17:59:19,644 - ResourceManager : unable to find resource 'VM_global_library.vm' in any resource loader.
2020-01-05 17:59:19,645 - Velocimacro : error using  VM library template VM_global_library.vm : org.apache.velocity.exception.ResourceNotFoundException: Unable to find resource 'VM_global_library.vm'
2020-01-05 17:59:19,645 - Velocimacro :  VM library template macro registration complete.
2020-01-05 17:59:19,645 - Velocimacro : allowInline = true : VMs can be defined inline in templates
2020-01-05 17:59:19,645 - Velocimacro : allowInlineToOverride = false : VMs defined inline may NOT replace previous VM definitions
2020-01-05 17:59:19,645 - Velocimacro : allowInlineLocal = false : VMs defined inline will be  global in scope if allowed.
2020-01-05 17:59:19,645 - Velocimacro : messages on  : VM system will output logging messages
2020-01-05 17:59:19,645 - Velocimacro : autoload off  : VM system will not automatically reload global library macros
2020-01-05 17:59:19,645 - Velocimacro : initialization complete.
2020-01-05 17:59:19,645 - Velocity successfully started.
2020-01-05 18:00:37,560 - SimpleLog4JLogSystem initialized using logfile 'velocity.log'
2020-01-05 18:00:37,561 - ************************************************************** 
2020-01-05 18:00:37,561 - Starting Jakarta Velocity v1.4
2020-01-05 18:00:37,561 - RuntimeInstance initializing.
2020-01-05 18:00:37,561 - Default Properties File: org/apache/velocity/runtime/defaults/velocity.properties
2020-01-05 18:00:37,561 - Trying to use logger class org.apache.velocity.runtime.log.SimpleLog4JLogSystem
2020-01-05 18:00:37,561 - Using logger class org.apache.velocity.runtime.log.SimpleLog4JLogSystem
2020-01-05 18:00:37,562 - Default ResourceManager initializing. (class org.apache.velocity.runtime.resource.ResourceManagerImpl)
2020-01-05 18:00:37,563 - Resource Loader Instantiated: org.apache.velocity.runtime.resource.loader.ClasspathResourceLoader
2020-01-05 18:00:37,564 - ClasspathResourceLoader : initialization starting.
2020-01-05 18:00:37,564 - ClasspathResourceLoader : initialization complete.
2020-01-05 18:00:37,564 - ResourceCache : initialized. (class org.apache.velocity.runtime.resource.ResourceCacheImpl)
2020-01-05 18:00:37,564 - Default ResourceManager initialization complete.
2020-01-05 18:00:37,565 - Loaded System Directive: org.apache.velocity.runtime.directive.Literal
2020-01-05 18:00:37,566 - Loaded System Directive: org.apache.velocity.runtime.directive.Macro
2020-01-05 18:00:37,567 - Loaded System Directive: org.apache.velocity.runtime.directive.Parse
2020-01-05 18:00:37,568 - Loaded System Directive: org.apache.velocity.runtime.directive.Include
2020-01-05 18:00:37,568 - Loaded System Directive: org.apache.velocity.runtime.directive.Foreach
2020-01-05 18:00:37,588 - Created: 20 parsers.
2020-01-05 18:00:37,591 - Velocimacro : initialization starting.
2020-01-05 18:00:37,591 - Velocimacro : adding VMs from VM library template : VM_global_library.vm
2020-01-05 18:00:37,592 - ResourceManager : unable to find resource 'VM_global_library.vm' in any resource loader.
2020-01-05 18:00:37,592 - Velocimacro : error using  VM library template VM_global_library.vm : org.apache.velocity.exception.ResourceNotFoundException: Unable to find resource 'VM_global_library.vm'
2020-01-05 18:00:37,592 - Velocimacro :  VM library template macro registration complete.
2020-01-05 18:00:37,592 - Velocimacro : allowInline = true : VMs can be defined inline in templates
2020-01-05 18:00:37,592 - Velocimacro : allowInlineToOverride = false : VMs defined inline may NOT replace previous VM definitions
2020-01-05 18:00:37,592 - Velocimacro : allowInlineLocal = false : VMs defined inline will be  global in scope if allowed.
2020-01-05 18:00:37,592 - Velocimacro : messages on  : VM system will output logging messages
2020-01-05 18:00:37,592 - Velocimacro : autoload off  : VM system will not automatically reload global library macros
2020-01-05 18:00:37,592 - Velocimacro : initialization complete.
2020-01-05 18:00:37,592 - Velocity successfully started.
2020-01-05 18:04:13,171 - SimpleLog4JLogSystem initialized using logfile 'velocity.log'
2020-01-05 18:04:13,172 - ************************************************************** 
2020-01-05 18:04:13,172 - Starting Jakarta Velocity v1.4
2020-01-05 18:04:13,172 - RuntimeInstance initializing.
2020-01-05 18:04:13,172 - Default Properties File: org/apache/velocity/runtime/defaults/velocity.properties
2020-01-05 18:04:13,172 - Trying to use logger class org.apache.velocity.runtime.log.SimpleLog4JLogSystem
2020-01-05 18:04:13,172 - Using logger class org.apache.velocity.runtime.log.SimpleLog4JLogSystem
2020-01-05 18:04:13,173 - Default ResourceManager initializing. (class org.apache.velocity.runtime.resource.ResourceManagerImpl)
2020-01-05 18:04:13,174 - Resource Loader Instantiated: org.apache.velocity.runtime.resource.loader.ClasspathResourceLoader
2020-01-05 18:04:13,175 - ClasspathResourceLoader : initialization starting.
2020-01-05 18:04:13,175 - ClasspathResourceLoader : initialization complete.
2020-01-05 18:04:13,175 - ResourceCache : initialized. (class org.apache.velocity.runtime.resource.ResourceCacheImpl)
2020-01-05 18:04:13,175 - Default ResourceManager initialization complete.
2020-01-05 18:04:13,176 - Loaded System Directive: org.apache.velocity.runtime.directive.Literal
2020-01-05 18:04:13,176 - Loaded System Directive: org.apache.velocity.runtime.directive.Macro
2020-01-05 18:04:13,177 - Loaded System Directive: org.apache.velocity.runtime.directive.Parse
2020-01-05 18:04:13,178 - Loaded System Directive: org.apache.velocity.runtime.directive.Include
2020-01-05 18:04:13,178 - Loaded System Directive: org.apache.velocity.runtime.directive.Foreach
2020-01-05 18:04:13,195 - Created: 20 parsers.
2020-01-05 18:04:13,197 - Velocimacro : initialization starting.
2020-01-05 18:04:13,198 - Velocimacro : adding VMs from VM library template : VM_global_library.vm
2020-01-05 18:04:13,199 - ResourceManager : unable to find resource 'VM_global_library.vm' in any resource loader.
2020-01-05 18:04:13,199 - Velocimacro : error using  VM library template VM_global_library.vm : org.apache.velocity.exception.ResourceNotFoundException: Unable to find resource 'VM_global_library.vm'
2020-01-05 18:04:13,199 - Velocimacro :  VM library template macro registration complete.
2020-01-05 18:04:13,199 - Velocimacro : allowInline = true : VMs can be defined inline in templates
2020-01-05 18:04:13,199 - Velocimacro : allowInlineToOverride = false : VMs defined inline may NOT replace previous VM definitions
2020-01-05 18:04:13,199 - Velocimacro : allowInlineLocal = false : VMs defined inline will be  global in scope if allowed.
2020-01-05 18:04:13,199 - Velocimacro : messages on  : VM system will output logging messages
2020-01-05 18:04:13,199 - Velocimacro : autoload off  : VM system will not automatically reload global library macros
2020-01-05 18:04:13,199 - Velocimacro : initialization complete.
2020-01-05 18:04:13,199 - Velocity successfully started.
2020-01-05 18:14:27,936 - SimpleLog4JLogSystem initialized using logfile 'velocity.log'
2020-01-05 18:14:27,936 - ************************************************************** 
2020-01-05 18:14:27,936 - Starting Jakarta Velocity v1.4
2020-01-05 18:14:27,936 - RuntimeInstance initializing.
2020-01-05 18:14:27,936 - Default Properties File: org/apache/velocity/runtime/defaults/velocity.properties
2020-01-05 18:14:27,936 - Trying to use logger class org.apache.velocity.runtime.log.SimpleLog4JLogSystem
2020-01-05 18:14:27,936 - Using logger class org.apache.velocity.runtime.log.SimpleLog4JLogSystem
2020-01-05 18:14:27,938 - Default ResourceManager initializing. (class org.apache.velocity.runtime.resource.ResourceManagerImpl)
2020-01-05 18:14:27,939 - Resource Loader Instantiated: org.apache.velocity.runtime.resource.loader.ClasspathResourceLoader
2020-01-05 18:14:27,939 - ClasspathResourceLoader : initialization starting.
2020-01-05 18:14:27,939 - ClasspathResourceLoader : initialization complete.
2020-01-05 18:14:27,940 - ResourceCache : initialized. (class org.apache.velocity.runtime.resource.ResourceCacheImpl)
2020-01-05 18:14:27,940 - Default ResourceManager initialization complete.
2020-01-05 18:14:27,941 - Loaded System Directive: org.apache.velocity.runtime.directive.Literal
2020-01-05 18:14:27,941 - Loaded System Directive: org.apache.velocity.runtime.directive.Macro
2020-01-05 18:14:27,942 - Loaded System Directive: org.apache.velocity.runtime.directive.Parse
2020-01-05 18:14:27,943 - Loaded System Directive: org.apache.velocity.runtime.directive.Include
2020-01-05 18:14:27,944 - Loaded System Directive: org.apache.velocity.runtime.directive.Foreach
2020-01-05 18:14:27,958 - Created: 20 parsers.
2020-01-05 18:14:27,960 - Velocimacro : initialization starting.
2020-01-05 18:14:27,960 - Velocimacro : adding VMs from VM library template : VM_global_library.vm
2020-01-05 18:14:27,962 - ResourceManager : unable to find resource 'VM_global_library.vm' in any resource loader.
2020-01-05 18:14:27,962 - Velocimacro : error using  VM library template VM_global_library.vm : org.apache.velocity.exception.ResourceNotFoundException: Unable to find resource 'VM_global_library.vm'
2020-01-05 18:14:27,962 - Velocimacro :  VM library template macro registration complete.
2020-01-05 18:14:27,962 - Velocimacro : allowInline = true : VMs can be defined inline in templates
2020-01-05 18:14:27,962 - Velocimacro : allowInlineToOverride = false : VMs defined inline may NOT replace previous VM definitions
2020-01-05 18:14:27,962 - Velocimacro : allowInlineLocal = false : VMs defined inline will be  global in scope if allowed.
2020-01-05 18:14:27,962 - Velocimacro : messages on  : VM system will output logging messages
2020-01-05 18:14:27,962 - Velocimacro : autoload off  : VM system will not automatically reload global library macros
2020-01-05 18:14:27,962 - Velocimacro : initialization complete.
2020-01-05 18:14:27,962 - Velocity successfully started.
2020-01-05 18:14:56,485 - SimpleLog4JLogSystem initialized using logfile 'velocity.log'
2020-01-05 18:14:56,485 - ************************************************************** 
2020-01-05 18:14:56,485 - Starting Jakarta Velocity v1.4
2020-01-05 18:14:56,485 - RuntimeInstance initializing.
2020-01-05 18:14:56,485 - Default Properties File: org/apache/velocity/runtime/defaults/velocity.properties
2020-01-05 18:14:56,486 - Trying to use logger class org.apache.velocity.runtime.log.SimpleLog4JLogSystem
2020-01-05 18:14:56,486 - Using logger class org.apache.velocity.runtime.log.SimpleLog4JLogSystem
2020-01-05 18:14:56,487 - Default ResourceManager initializing. (class org.apache.velocity.runtime.resource.ResourceManagerImpl)
2020-01-05 18:14:56,489 - Resource Loader Instantiated: org.apache.velocity.runtime.resource.loader.ClasspathResourceLoader
2020-01-05 18:14:56,489 - ClasspathResourceLoader : initialization starting.
2020-01-05 18:14:56,489 - ClasspathResourceLoader : initialization complete.
2020-01-05 18:14:56,489 - ResourceCache : initialized. (class org.apache.velocity.runtime.resource.ResourceCacheImpl)
2020-01-05 18:14:56,489 - Default ResourceManager initialization complete.
2020-01-05 18:14:56,490 - Loaded System Directive: org.apache.velocity.runtime.directive.Literal
2020-01-05 18:14:56,491 - Loaded System Directive: org.apache.velocity.runtime.directive.Macro
2020-01-05 18:14:56,493 - Loaded System Directive: org.apache.velocity.runtime.directive.Parse
2020-01-05 18:14:56,494 - Loaded System Directive: org.apache.velocity.runtime.directive.Include
2020-01-05 18:14:56,494 - Loaded System Directive: org.apache.velocity.runtime.directive.Foreach
2020-01-05 18:14:56,514 - Created: 20 parsers.
2020-01-05 18:14:56,517 - Velocimacro : initialization starting.
2020-01-05 18:14:56,517 - Velocimacro : adding VMs from VM library template : VM_global_library.vm
2020-01-05 18:14:56,518 - ResourceManager : unable to find resource 'VM_global_library.vm' in any resource loader.
2020-01-05 18:14:56,518 - Velocimacro : error using  VM library template VM_global_library.vm : org.apache.velocity.exception.ResourceNotFoundException: Unable to find resource 'VM_global_library.vm'
2020-01-05 18:14:56,518 - Velocimacro :  VM library template macro registration complete.
2020-01-05 18:14:56,518 - Velocimacro : allowInline = true : VMs can be defined inline in templates
2020-01-05 18:14:56,518 - Velocimacro : allowInlineToOverride = false : VMs defined inline may NOT replace previous VM definitions
2020-01-05 18:14:56,518 - Velocimacro : allowInlineLocal = false : VMs defined inline will be  global in scope if allowed.
2020-01-05 18:14:56,518 - Velocimacro : messages on  : VM system will output logging messages
2020-01-05 18:14:56,518 - Velocimacro : autoload off  : VM system will not automatically reload global library macros
2020-01-05 18:14:56,518 - Velocimacro : initialization complete.
2020-01-05 18:14:56,518 - Velocity successfully started.
2020-01-05 18:19:38,607 - SimpleLog4JLogSystem initialized using logfile 'velocity.log'
2020-01-05 18:19:38,607 - ************************************************************** 
2020-01-05 18:19:38,607 - Starting Jakarta Velocity v1.4
2020-01-05 18:19:38,607 - RuntimeInstance initializing.
2020-01-05 18:19:38,608 - Default Properties File: org/apache/velocity/runtime/defaults/velocity.properties
2020-01-05 18:19:38,608 - Trying to use logger class org.apache.velocity.runtime.log.SimpleLog4JLogSystem
2020-01-05 18:19:38,608 - Using logger class org.apache.velocity.runtime.log.SimpleLog4JLogSystem
2020-01-05 18:19:38,609 - Default ResourceManager initializing. (class org.apache.velocity.runtime.resource.ResourceManagerImpl)
2020-01-05 18:19:38,612 - Resource Loader Instantiated: org.apache.velocity.runtime.resource.loader.ClasspathResourceLoader
2020-01-05 18:19:38,612 - ClasspathResourceLoader : initialization starting.
2020-01-05 18:19:38,612 - ClasspathResourceLoader : initialization complete.
2020-01-05 18:19:38,613 - ResourceCache : initialized. (class org.apache.velocity.runtime.resource.ResourceCacheImpl)
2020-01-05 18:19:38,613 - Default ResourceManager initialization complete.
2020-01-05 18:19:38,615 - Loaded System Directive: org.apache.velocity.runtime.directive.Literal
2020-01-05 18:19:38,616 - Loaded System Directive: org.apache.velocity.runtime.directive.Macro
2020-01-05 18:19:38,618 - Loaded System Directive: org.apache.velocity.runtime.directive.Parse
2020-01-05 18:19:38,619 - Loaded System Directive: org.apache.velocity.runtime.directive.Include
2020-01-05 18:19:38,620 - Loaded System Directive: org.apache.velocity.runtime.directive.Foreach
2020-01-05 18:19:38,644 - Created: 20 parsers.
2020-01-05 18:19:38,647 - Velocimacro : initialization starting.
2020-01-05 18:19:38,647 - Velocimacro : adding VMs from VM library template : VM_global_library.vm
2020-01-05 18:19:38,648 - ResourceManager : unable to find resource 'VM_global_library.vm' in any resource loader.
2020-01-05 18:19:38,648 - Velocimacro : error using  VM library template VM_global_library.vm : org.apache.velocity.exception.ResourceNotFoundException: Unable to find resource 'VM_global_library.vm'
2020-01-05 18:19:38,649 - Velocimacro :  VM library template macro registration complete.
2020-01-05 18:19:38,649 - Velocimacro : allowInline = true : VMs can be defined inline in templates
2020-01-05 18:19:38,649 - Velocimacro : allowInlineToOverride = false : VMs defined inline may NOT replace previous VM definitions
2020-01-05 18:19:38,649 - Velocimacro : allowInlineLocal = false : VMs defined inline will be  global in scope if allowed.
2020-01-05 18:19:38,649 - Velocimacro : messages on  : VM system will output logging messages
2020-01-05 18:19:38,649 - Velocimacro : autoload off  : VM system will not automatically reload global library macros
2020-01-05 18:19:38,649 - Velocimacro : initialization complete.
2020-01-05 18:19:38,649 - Velocity successfully started.
2020-01-05 18:34:11,940 - SimpleLog4JLogSystem initialized using logfile 'velocity.log'
2020-01-05 18:34:11,941 - ************************************************************** 
2020-01-05 18:34:11,941 - Starting Jakarta Velocity v1.4
2020-01-05 18:34:11,941 - RuntimeInstance initializing.
2020-01-05 18:34:11,941 - Default Properties File: org/apache/velocity/runtime/defaults/velocity.properties
2020-01-05 18:34:11,941 - Trying to use logger class org.apache.velocity.runtime.log.SimpleLog4JLogSystem
2020-01-05 18:34:11,941 - Using logger class org.apache.velocity.runtime.log.SimpleLog4JLogSystem
2020-01-05 18:34:11,943 - Default ResourceManager initializing. (class org.apache.velocity.runtime.resource.ResourceManagerImpl)
2020-01-05 18:34:11,948 - Resource Loader Instantiated: org.apache.velocity.runtime.resource.loader.ClasspathResourceLoader
2020-01-05 18:34:11,948 - ClasspathResourceLoader : initialization starting.
2020-01-05 18:34:11,948 - ClasspathResourceLoader : initialization complete.
2020-01-05 18:34:11,949 - ResourceCache : initialized. (class org.apache.velocity.runtime.resource.ResourceCacheImpl)
2020-01-05 18:34:11,949 - Default ResourceManager initialization complete.
2020-01-05 18:34:11,951 - Loaded System Directive: org.apache.velocity.runtime.directive.Literal
2020-01-05 18:34:11,952 - Loaded System Directive: org.apache.velocity.runtime.directive.Macro
2020-01-05 18:34:11,955 - Loaded System Directive: org.apache.velocity.runtime.directive.Parse
2020-01-05 18:34:11,956 - Loaded System Directive: org.apache.velocity.runtime.directive.Include
2020-01-05 18:34:11,957 - Loaded System Directive: org.apache.velocity.runtime.directive.Foreach
2020-01-05 18:34:11,983 - Created: 20 parsers.
2020-01-05 18:34:11,986 - Velocimacro : initialization starting.
2020-01-05 18:34:11,986 - Velocimacro : adding VMs from VM library template : VM_global_library.vm
2020-01-05 18:34:11,988 - ResourceManager : unable to find resource 'VM_global_library.vm' in any resource loader.
2020-01-05 18:34:11,988 - Velocimacro : error using  VM library template VM_global_library.vm : org.apache.velocity.exception.ResourceNotFoundException: Unable to find resource 'VM_global_library.vm'
2020-01-05 18:34:11,988 - Velocimacro :  VM library template macro registration complete.
2020-01-05 18:34:11,988 - Velocimacro : allowInline = true : VMs can be defined inline in templates
2020-01-05 18:34:11,988 - Velocimacro : allowInlineToOverride = false : VMs defined inline may NOT replace previous VM definitions
2020-01-05 18:34:11,988 - Velocimacro : allowInlineLocal = false : VMs defined inline will be  global in scope if allowed.
2020-01-05 18:34:11,988 - Velocimacro : messages on  : VM system will output logging messages
2020-01-05 18:34:11,988 - Velocimacro : autoload off  : VM system will not automatically reload global library macros
2020-01-05 18:34:11,988 - Velocimacro : initialization complete.
2020-01-05 18:34:11,988 - Velocity successfully started.
2020-01-06 19:57:26,793 - SimpleLog4JLogSystem initialized using logfile 'velocity.log'
2020-01-06 19:57:26,796 - ************************************************************** 
2020-01-06 19:57:26,796 - Starting Jakarta Velocity v1.4
2020-01-06 19:57:26,796 - RuntimeInstance initializing.
2020-01-06 19:57:26,796 - Default Properties File: org/apache/velocity/runtime/defaults/velocity.properties
2020-01-06 19:57:26,796 - Trying to use logger class org.apache.velocity.runtime.log.SimpleLog4JLogSystem
2020-01-06 19:57:26,797 - Using logger class org.apache.velocity.runtime.log.SimpleLog4JLogSystem
2020-01-06 19:57:26,798 - Default ResourceManager initializing. (class org.apache.velocity.runtime.resource.ResourceManagerImpl)
2020-01-06 19:57:26,801 - Resource Loader Instantiated: org.apache.velocity.runtime.resource.loader.ClasspathResourceLoader
2020-01-06 19:57:26,802 - ClasspathResourceLoader : initialization starting.
2020-01-06 19:57:26,802 - ClasspathResourceLoader : initialization complete.
2020-01-06 19:57:26,802 - ResourceCache : initialized. (class org.apache.velocity.runtime.resource.ResourceCacheImpl)
2020-01-06 19:57:26,802 - Default ResourceManager initialization complete.
2020-01-06 19:57:26,804 - Loaded System Directive: org.apache.velocity.runtime.directive.Literal
2020-01-06 19:57:26,805 - Loaded System Directive: org.apache.velocity.runtime.directive.Macro
2020-01-06 19:57:26,806 - Loaded System Directive: org.apache.velocity.runtime.directive.Parse
2020-01-06 19:57:26,807 - Loaded System Directive: org.apache.velocity.runtime.directive.Include
2020-01-06 19:57:26,808 - Loaded System Directive: org.apache.velocity.runtime.directive.Foreach
2020-01-06 19:57:26,828 - Created: 20 parsers.
2020-01-06 19:57:26,831 - Velocimacro : initialization starting.
2020-01-06 19:57:26,831 - Velocimacro : adding VMs from VM library template : VM_global_library.vm
2020-01-06 19:57:26,834 - ResourceManager : unable to find resource 'VM_global_library.vm' in any resource loader.
2020-01-06 19:57:26,834 - Velocimacro : error using  VM library template VM_global_library.vm : org.apache.velocity.exception.ResourceNotFoundException: Unable to find resource 'VM_global_library.vm'
2020-01-06 19:57:26,834 - Velocimacro :  VM library template macro registration complete.
2020-01-06 19:57:26,834 - Velocimacro : allowInline = true : VMs can be defined inline in templates
2020-01-06 19:57:26,834 - Velocimacro : allowInlineToOverride = false : VMs defined inline may NOT replace previous VM definitions
2020-01-06 19:57:26,834 - Velocimacro : allowInlineLocal = false : VMs defined inline will be  global in scope if allowed.
2020-01-06 19:57:26,834 - Velocimacro : messages on  : VM system will output logging messages
2020-01-06 19:57:26,834 - Velocimacro : autoload off  : VM system will not automatically reload global library macros
2020-01-06 19:57:26,834 - Velocimacro : initialization complete.
2020-01-06 19:57:26,834 - Velocity successfully started.
2020-01-07 09:41:28,723 - SimpleLog4JLogSystem initialized using logfile 'velocity.log'
2020-01-07 09:41:28,723 - ************************************************************** 
2020-01-07 09:41:28,723 - Starting Jakarta Velocity v1.4
2020-01-07 09:41:28,723 - RuntimeInstance initializing.
2020-01-07 09:41:28,723 - Default Properties File: org/apache/velocity/runtime/defaults/velocity.properties
2020-01-07 09:41:28,723 - Trying to use logger class org.apache.velocity.runtime.log.SimpleLog4JLogSystem
2020-01-07 09:41:28,723 - Using logger class org.apache.velocity.runtime.log.SimpleLog4JLogSystem
2020-01-07 09:41:28,725 - Default ResourceManager initializing. (class org.apache.velocity.runtime.resource.ResourceManagerImpl)
2020-01-07 09:41:28,726 - Resource Loader Instantiated: org.apache.velocity.runtime.resource.loader.ClasspathResourceLoader
2020-01-07 09:41:28,726 - ClasspathResourceLoader : initialization starting.
2020-01-07 09:41:28,727 - ClasspathResourceLoader : initialization complete.
2020-01-07 09:41:28,727 - ResourceCache : initialized. (class org.apache.velocity.runtime.resource.ResourceCacheImpl)
2020-01-07 09:41:28,727 - Default ResourceManager initialization complete.
2020-01-07 09:41:28,728 - Loaded System Directive: org.apache.velocity.runtime.directive.Literal
2020-01-07 09:41:28,730 - Loaded System Directive: org.apache.velocity.runtime.directive.Macro
2020-01-07 09:41:28,731 - Loaded System Directive: org.apache.velocity.runtime.directive.Parse
2020-01-07 09:41:28,732 - Loaded System Directive: org.apache.velocity.runtime.directive.Include
2020-01-07 09:41:28,733 - Loaded System Directive: org.apache.velocity.runtime.directive.Foreach
2020-01-07 09:41:28,750 - Created: 20 parsers.
2020-01-07 09:41:28,752 - Velocimacro : initialization starting.
2020-01-07 09:41:28,753 - Velocimacro : adding VMs from VM library template : VM_global_library.vm
2020-01-07 09:41:28,754 - ResourceManager : unable to find resource 'VM_global_library.vm' in any resource loader.
2020-01-07 09:41:28,754 - Velocimacro : error using  VM library template VM_global_library.vm : org.apache.velocity.exception.ResourceNotFoundException: Unable to find resource 'VM_global_library.vm'
2020-01-07 09:41:28,754 - Velocimacro :  VM library template macro registration complete.
2020-01-07 09:41:28,754 - Velocimacro : allowInline = true : VMs can be defined inline in templates
2020-01-07 09:41:28,754 - Velocimacro : allowInlineToOverride = false : VMs defined inline may NOT replace previous VM definitions
2020-01-07 09:41:28,754 - Velocimacro : allowInlineLocal = false : VMs defined inline will be  global in scope if allowed.
2020-01-07 09:41:28,754 - Velocimacro : messages on  : VM system will output logging messages
2020-01-07 09:41:28,754 - Velocimacro : autoload off  : VM system will not automatically reload global library macros
2020-01-07 09:41:28,754 - Velocimacro : initialization complete.
2020-01-07 09:41:28,754 - Velocity successfully started.
