2019-11-19 14:59:07,398 - Velocimacro : allowInlineToOverride = false : VMs defined inline may NOT replace previous VM definitions
2019-11-19 14:59:07,398 - Velocimacro : allowInlineLocal = false : VMs defined inline will be  global in scope if allowed.
2019-11-19 14:59:07,398 - Velocimacro : messages on  : VM system will output logging messages
2019-11-19 14:59:07,398 - Velocimacro : autoload off  : VM system will not automatically reload global library macros
2019-11-19 14:59:07,398 - Velocimacro : initialization complete.
2019-11-19 14:59:07,398 - Velocity successfully started.
2019-11-19 15:01:34,876 - SimpleLog4JLogSystem initialized using logfile 'velocity.log'
2019-11-19 15:01:34,876 - ************************************************************** 
2019-11-19 15:01:34,876 - Starting Jakarta Velocity v1.4
2019-11-19 15:01:34,876 - RuntimeInstance initializing.
2019-11-19 15:01:34,876 - Default Properties File: org\apache\velocity\runtime\defaults\velocity.properties
2019-11-19 15:01:34,876 - Trying to use logger class org.apache.velocity.runtime.log.SimpleLog4JLogSystem
2019-11-19 15:01:34,876 - Using logger class org.apache.velocity.runtime.log.SimpleLog4JLogSystem
2019-11-19 15:01:34,876 - Default ResourceManager initializing. (class org.apache.velocity.runtime.resource.ResourceManagerImpl)
2019-11-19 15:01:34,876 - Resource Loader Instantiated: org.apache.velocity.runtime.resource.loader.ClasspathResourceLoader
2019-11-19 15:01:34,876 - ClasspathResourceLoader : initialization starting.
2019-11-19 15:01:34,876 - ClasspathResourceLoader : initialization complete.
2019-11-19 15:01:34,876 - ResourceCache : initialized. (class org.apache.velocity.runtime.resource.ResourceCacheImpl)
2019-11-19 15:01:34,876 - Default ResourceManager initialization complete.
2019-11-19 15:01:34,876 - Loaded System Directive: org.apache.velocity.runtime.directive.Literal
2019-11-19 15:01:34,876 - Loaded System Directive: org.apache.velocity.runtime.directive.Macro
2019-11-19 15:01:34,892 - Loaded System Directive: org.apache.velocity.runtime.directive.Parse
2019-11-19 15:01:34,892 - Loaded System Directive: org.apache.velocity.runtime.directive.Include
2019-11-19 15:01:34,892 - Loaded System Directive: org.apache.velocity.runtime.directive.Foreach
2019-11-19 15:01:34,907 - Created: 20 parsers.
2019-11-19 15:01:34,907 - Velocimacro : initialization starting.
2019-11-19 15:01:34,907 - Velocimacro : adding VMs from VM library template : VM_global_library.vm
2019-11-19 15:01:34,907 - ResourceManager : unable to find resource 'VM_global_library.vm' in any resource loader.
2019-11-19 15:01:34,907 - Velocimacro : error using  VM library template VM_global_library.vm : org.apache.velocity.exception.ResourceNotFoundException: Unable to find resource 'VM_global_library.vm'
2019-11-19 15:01:34,907 - Velocimacro :  VM library template macro registration complete.
2019-11-19 15:01:34,907 - Velocimacro : allowInline = true : VMs can be defined inline in templates
2019-11-19 15:01:34,907 - Velocimacro : allowInlineToOverride = false : VMs defined inline may NOT replace previous VM definitions
2019-11-19 15:01:34,907 - Velocimacro : allowInlineLocal = false : VMs defined inline will be  global in scope if allowed.
2019-11-19 15:01:34,923 - Velocimacro : messages on  : VM system will output logging messages
2019-11-19 15:01:34,923 - Velocimacro : autoload off  : VM system will not automatically reload global library macros
2019-11-19 15:01:34,923 - Velocimacro : initialization complete.
2019-11-19 15:01:34,923 - Velocity successfully started.
2019-11-19 15:19:25,553 - SimpleLog4JLogSystem initialized using logfile 'velocity.log'
2019-11-19 15:19:25,554 - ************************************************************** 
2019-11-19 15:19:25,554 - Starting Jakarta Velocity v1.4
2019-11-19 15:19:25,554 - RuntimeInstance initializing.
2019-11-19 15:19:25,554 - Default Properties File: org\apache\velocity\runtime\defaults\velocity.properties
2019-11-19 15:19:25,554 - Trying to use logger class org.apache.velocity.runtime.log.SimpleLog4JLogSystem
2019-11-19 15:19:25,554 - Using logger class org.apache.velocity.runtime.log.SimpleLog4JLogSystem
2019-11-19 15:19:25,556 - Default ResourceManager initializing. (class org.apache.velocity.runtime.resource.ResourceManagerImpl)
2019-11-19 15:19:25,558 - Resource Loader Instantiated: org.apache.velocity.runtime.resource.loader.ClasspathResourceLoader
2019-11-19 15:19:25,558 - ClasspathResourceLoader : initialization starting.
2019-11-19 15:19:25,558 - ClasspathResourceLoader : initialization complete.
2019-11-19 15:19:25,559 - ResourceCache : initialized. (class org.apache.velocity.runtime.resource.ResourceCacheImpl)
2019-11-19 15:19:25,559 - Default ResourceManager initialization complete.
2019-11-19 15:19:25,561 - Loaded System Directive: org.apache.velocity.runtime.directive.Literal
2019-11-19 15:19:25,562 - Loaded System Directive: org.apache.velocity.runtime.directive.Macro
2019-11-19 15:19:25,564 - Loaded System Directive: org.apache.velocity.runtime.directive.Parse
2019-11-19 15:19:25,565 - Loaded System Directive: org.apache.velocity.runtime.directive.Include
2019-11-19 15:19:25,566 - Loaded System Directive: org.apache.velocity.runtime.directive.Foreach
2019-11-19 15:19:25,588 - Created: 20 parsers.
2019-11-19 15:19:25,592 - Velocimacro : initialization starting.
2019-11-19 15:19:25,592 - Velocimacro : adding VMs from VM library template : VM_global_library.vm
2019-11-19 15:19:25,595 - ResourceManager : unable to find resource 'VM_global_library.vm' in any resource loader.
2019-11-19 15:19:25,595 - Velocimacro : error using  VM library template VM_global_library.vm : org.apache.velocity.exception.ResourceNotFoundException: Unable to find resource 'VM_global_library.vm'
2019-11-19 15:19:25,595 - Velocimacro :  VM library template macro registration complete.
2019-11-19 15:19:25,595 - Velocimacro : allowInline = true : VMs can be defined inline in templates
2019-11-19 15:19:25,595 - Velocimacro : allowInlineToOverride = false : VMs defined inline may NOT replace previous VM definitions
2019-11-19 15:19:25,595 - Velocimacro : allowInlineLocal = false : VMs defined inline will be  global in scope if allowed.
2019-11-19 15:19:25,595 - Velocimacro : messages on  : VM system will output logging messages
2019-11-19 15:19:25,595 - Velocimacro : autoload off  : VM system will not automatically reload global library macros
2019-11-19 15:19:25,595 - Velocimacro : initialization complete.
2019-11-19 15:19:25,595 - Velocity successfully started.
2019-11-19 16:29:17,564 - SimpleLog4JLogSystem initialized using logfile 'velocity.log'
2019-11-19 16:29:17,564 - ************************************************************** 
2019-11-19 16:29:17,564 - Starting Jakarta Velocity v1.4
2019-11-19 16:29:17,564 - RuntimeInstance initializing.
2019-11-19 16:29:17,564 - Default Properties File: org\apache\velocity\runtime\defaults\velocity.properties
2019-11-19 16:29:17,565 - Trying to use logger class org.apache.velocity.runtime.log.SimpleLog4JLogSystem
2019-11-19 16:29:17,565 - Using logger class org.apache.velocity.runtime.log.SimpleLog4JLogSystem
2019-11-19 16:29:17,567 - Default ResourceManager initializing. (class org.apache.velocity.runtime.resource.ResourceManagerImpl)
2019-11-19 16:29:17,569 - Resource Loader Instantiated: org.apache.velocity.runtime.resource.loader.ClasspathResourceLoader
2019-11-19 16:29:17,569 - ClasspathResourceLoader : initialization starting.
2019-11-19 16:29:17,569 - ClasspathResourceLoader : initialization complete.
2019-11-19 16:29:17,570 - ResourceCache : initialized. (class org.apache.velocity.runtime.resource.ResourceCacheImpl)
2019-11-19 16:29:17,570 - Default ResourceManager initialization complete.
2019-11-19 16:29:17,572 - Loaded System Directive: org.apache.velocity.runtime.directive.Literal
2019-11-19 16:29:17,573 - Loaded System Directive: org.apache.velocity.runtime.directive.Macro
2019-11-19 16:29:17,575 - Loaded System Directive: org.apache.velocity.runtime.directive.Parse
2019-11-19 16:29:17,576 - Loaded System Directive: org.apache.velocity.runtime.directive.Include
2019-11-19 16:29:17,577 - Loaded System Directive: org.apache.velocity.runtime.directive.Foreach
2019-11-19 16:29:17,600 - Created: 20 parsers.
2019-11-19 16:29:17,604 - Velocimacro : initialization starting.
2019-11-19 16:29:17,605 - Velocimacro : adding VMs from VM library template : VM_global_library.vm
2019-11-19 16:29:17,607 - ResourceManager : unable to find resource 'VM_global_library.vm' in any resource loader.
2019-11-19 16:29:17,607 - Velocimacro : error using  VM library template VM_global_library.vm : org.apache.velocity.exception.ResourceNotFoundException: Unable to find resource 'VM_global_library.vm'
2019-11-19 16:29:17,607 - Velocimacro :  VM library template macro registration complete.
2019-11-19 16:29:17,607 - Velocimacro : allowInline = true : VMs can be defined inline in templates
2019-11-19 16:29:17,607 - Velocimacro : allowInlineToOverride = false : VMs defined inline may NOT replace previous VM definitions
2019-11-19 16:29:17,607 - Velocimacro : allowInlineLocal = false : VMs defined inline will be  global in scope if allowed.
2019-11-19 16:29:17,607 - Velocimacro : messages on  : VM system will output logging messages
2019-11-19 16:29:17,607 - Velocimacro : autoload off  : VM system will not automatically reload global library macros
2019-11-19 16:29:17,607 - Velocimacro : initialization complete.
2019-11-19 16:29:17,608 - Velocity successfully started.
2019-11-20 09:06:56,393 - SimpleLog4JLogSystem initialized using logfile 'velocity.log'
2019-11-20 09:06:56,394 - ************************************************************** 
2019-11-20 09:06:56,394 - Starting Jakarta Velocity v1.4
2019-11-20 09:06:56,394 - RuntimeInstance initializing.
2019-11-20 09:06:56,394 - Default Properties File: org\apache\velocity\runtime\defaults\velocity.properties
2019-11-20 09:06:56,394 - Trying to use logger class org.apache.velocity.runtime.log.SimpleLog4JLogSystem
2019-11-20 09:06:56,394 - Using logger class org.apache.velocity.runtime.log.SimpleLog4JLogSystem
2019-11-20 09:06:56,397 - Default ResourceManager initializing. (class org.apache.velocity.runtime.resource.ResourceManagerImpl)
2019-11-20 09:06:56,399 - Resource Loader Instantiated: org.apache.velocity.runtime.resource.loader.ClasspathResourceLoader
2019-11-20 09:06:56,399 - ClasspathResourceLoader : initialization starting.
2019-11-20 09:06:56,399 - ClasspathResourceLoader : initialization complete.
2019-11-20 09:06:56,400 - ResourceCache : initialized. (class org.apache.velocity.runtime.resource.ResourceCacheImpl)
2019-11-20 09:06:56,400 - Default ResourceManager initialization complete.
2019-11-20 09:06:56,402 - Loaded System Directive: org.apache.velocity.runtime.directive.Literal
2019-11-20 09:06:56,403 - Loaded System Directive: org.apache.velocity.runtime.directive.Macro
2019-11-20 09:06:56,406 - Loaded System Directive: org.apache.velocity.runtime.directive.Parse
2019-11-20 09:06:56,408 - Loaded System Directive: org.apache.velocity.runtime.directive.Include
2019-11-20 09:06:56,409 - Loaded System Directive: org.apache.velocity.runtime.directive.Foreach
2019-11-20 09:06:56,442 - Created: 20 parsers.
2019-11-20 09:06:56,450 - Velocimacro : initialization starting.
2019-11-20 09:06:56,450 - Velocimacro : adding VMs from VM library template : VM_global_library.vm
2019-11-20 09:06:56,454 - ResourceManager : unable to find resource 'VM_global_library.vm' in any resource loader.
2019-11-20 09:06:56,454 - Velocimacro : error using  VM library template VM_global_library.vm : org.apache.velocity.exception.ResourceNotFoundException: Unable to find resource 'VM_global_library.vm'
2019-11-20 09:06:56,454 - Velocimacro :  VM library template macro registration complete.
2019-11-20 09:06:56,454 - Velocimacro : allowInline = true : VMs can be defined inline in templates
2019-11-20 09:06:56,455 - Velocimacro : allowInlineToOverride = false : VMs defined inline may NOT replace previous VM definitions
2019-11-20 09:06:56,455 - Velocimacro : allowInlineLocal = false : VMs defined inline will be  global in scope if allowed.
2019-11-20 09:06:56,455 - Velocimacro : messages on  : VM system will output logging messages
2019-11-20 09:06:56,455 - Velocimacro : autoload off  : VM system will not automatically reload global library macros
2019-11-20 09:06:56,455 - Velocimacro : initialization complete.
2019-11-20 09:06:56,455 - Velocity successfully started.
2019-11-20 09:10:00,632 - SimpleLog4JLogSystem initialized using logfile 'velocity.log'
2019-11-20 09:10:00,632 - ************************************************************** 
2019-11-20 09:10:00,632 - Starting Jakarta Velocity v1.4
2019-11-20 09:10:00,632 - RuntimeInstance initializing.
2019-11-20 09:10:00,632 - Default Properties File: org\apache\velocity\runtime\defaults\velocity.properties
2019-11-20 09:10:00,633 - Trying to use logger class org.apache.velocity.runtime.log.SimpleLog4JLogSystem
2019-11-20 09:10:00,633 - Using logger class org.apache.velocity.runtime.log.SimpleLog4JLogSystem
2019-11-20 09:10:00,635 - Default ResourceManager initializing. (class org.apache.velocity.runtime.resource.ResourceManagerImpl)
2019-11-20 09:10:00,637 - Resource Loader Instantiated: org.apache.velocity.runtime.resource.loader.ClasspathResourceLoader
2019-11-20 09:10:00,637 - ClasspathResourceLoader : initialization starting.
2019-11-20 09:10:00,637 - ClasspathResourceLoader : initialization complete.
2019-11-20 09:10:00,638 - ResourceCache : initialized. (class org.apache.velocity.runtime.resource.ResourceCacheImpl)
2019-11-20 09:10:00,638 - Default ResourceManager initialization complete.
2019-11-20 09:10:00,640 - Loaded System Directive: org.apache.velocity.runtime.directive.Literal
2019-11-20 09:10:00,642 - Loaded System Directive: org.apache.velocity.runtime.directive.Macro
2019-11-20 09:10:00,644 - Loaded System Directive: org.apache.velocity.runtime.directive.Parse
2019-11-20 09:10:00,645 - Loaded System Directive: org.apache.velocity.runtime.directive.Include
2019-11-20 09:10:00,646 - Loaded System Directive: org.apache.velocity.runtime.directive.Foreach
2019-11-20 09:10:00,672 - Created: 20 parsers.
2019-11-20 09:10:00,677 - Velocimacro : initialization starting.
2019-11-20 09:10:00,677 - Velocimacro : adding VMs from VM library template : VM_global_library.vm
2019-11-20 09:10:00,681 - ResourceManager : unable to find resource 'VM_global_library.vm' in any resource loader.
2019-11-20 09:10:00,681 - Velocimacro : error using  VM library template VM_global_library.vm : org.apache.velocity.exception.ResourceNotFoundException: Unable to find resource 'VM_global_library.vm'
2019-11-20 09:10:00,681 - Velocimacro :  VM library template macro registration complete.
2019-11-20 09:10:00,681 - Velocimacro : allowInline = true : VMs can be defined inline in templates
2019-11-20 09:10:00,682 - Velocimacro : allowInlineToOverride = false : VMs defined inline may NOT replace previous VM definitions
2019-11-20 09:10:00,682 - Velocimacro : allowInlineLocal = false : VMs defined inline will be  global in scope if allowed.
2019-11-20 09:10:00,682 - Velocimacro : messages on  : VM system will output logging messages
2019-11-20 09:10:00,682 - Velocimacro : autoload off  : VM system will not automatically reload global library macros
2019-11-20 09:10:00,682 - Velocimacro : initialization complete.
2019-11-20 09:10:00,682 - Velocity successfully started.
2019-11-20 09:14:49,144 - SimpleLog4JLogSystem initialized using logfile 'velocity.log'
2019-11-20 09:14:49,145 - ************************************************************** 
2019-11-20 09:14:49,145 - Starting Jakarta Velocity v1.4
2019-11-20 09:14:49,145 - RuntimeInstance initializing.
2019-11-20 09:14:49,145 - Default Properties File: org\apache\velocity\runtime\defaults\velocity.properties
2019-11-20 09:14:49,145 - Trying to use logger class org.apache.velocity.runtime.log.SimpleLog4JLogSystem
2019-11-20 09:14:49,145 - Using logger class org.apache.velocity.runtime.log.SimpleLog4JLogSystem
2019-11-20 09:14:49,147 - Default ResourceManager initializing. (class org.apache.velocity.runtime.resource.ResourceManagerImpl)
2019-11-20 09:14:49,149 - Resource Loader Instantiated: org.apache.velocity.runtime.resource.loader.ClasspathResourceLoader
2019-11-20 09:14:49,149 - ClasspathResourceLoader : initialization starting.
2019-11-20 09:14:49,149 - ClasspathResourceLoader : initialization complete.
2019-11-20 09:14:49,150 - ResourceCache : initialized. (class org.apache.velocity.runtime.resource.ResourceCacheImpl)
2019-11-20 09:14:49,150 - Default ResourceManager initialization complete.
2019-11-20 09:14:49,152 - Loaded System Directive: org.apache.velocity.runtime.directive.Literal
2019-11-20 09:14:49,153 - Loaded System Directive: org.apache.velocity.runtime.directive.Macro
2019-11-20 09:14:49,155 - Loaded System Directive: org.apache.velocity.runtime.directive.Parse
2019-11-20 09:14:49,156 - Loaded System Directive: org.apache.velocity.runtime.directive.Include
2019-11-20 09:14:49,157 - Loaded System Directive: org.apache.velocity.runtime.directive.Foreach
2019-11-20 09:14:49,181 - Created: 20 parsers.
2019-11-20 09:14:49,185 - Velocimacro : initialization starting.
2019-11-20 09:14:49,185 - Velocimacro : adding VMs from VM library template : VM_global_library.vm
2019-11-20 09:14:49,188 - ResourceManager : unable to find resource 'VM_global_library.vm' in any resource loader.
2019-11-20 09:14:49,188 - Velocimacro : error using  VM library template VM_global_library.vm : org.apache.velocity.exception.ResourceNotFoundException: Unable to find resource 'VM_global_library.vm'
2019-11-20 09:14:49,188 - Velocimacro :  VM library template macro registration complete.
2019-11-20 09:14:49,188 - Velocimacro : allowInline = true : VMs can be defined inline in templates
2019-11-20 09:14:49,188 - Velocimacro : allowInlineToOverride = false : VMs defined inline may NOT replace previous VM definitions
2019-11-20 09:14:49,188 - Velocimacro : allowInlineLocal = false : VMs defined inline will be  global in scope if allowed.
2019-11-20 09:14:49,188 - Velocimacro : messages on  : VM system will output logging messages
2019-11-20 09:14:49,188 - Velocimacro : autoload off  : VM system will not automatically reload global library macros
2019-11-20 09:14:49,188 - Velocimacro : initialization complete.
2019-11-20 09:14:49,188 - Velocity successfully started.
2019-11-20 09:18:28,134 - SimpleLog4JLogSystem initialized using logfile 'velocity.log'
2019-11-20 09:18:28,134 - ************************************************************** 
2019-11-20 09:18:28,135 - Starting Jakarta Velocity v1.4
2019-11-20 09:18:28,135 - RuntimeInstance initializing.
2019-11-20 09:18:28,135 - Default Properties File: org\apache\velocity\runtime\defaults\velocity.properties
2019-11-20 09:18:28,135 - Trying to use logger class org.apache.velocity.runtime.log.SimpleLog4JLogSystem
2019-11-20 09:18:28,135 - Using logger class org.apache.velocity.runtime.log.SimpleLog4JLogSystem
2019-11-20 09:18:28,139 - Default ResourceManager initializing. (class org.apache.velocity.runtime.resource.ResourceManagerImpl)
2019-11-20 09:18:28,142 - Resource Loader Instantiated: org.apache.velocity.runtime.resource.loader.ClasspathResourceLoader
2019-11-20 09:18:28,142 - ClasspathResourceLoader : initialization starting.
2019-11-20 09:18:28,142 - ClasspathResourceLoader : initialization complete.
2019-11-20 09:18:28,144 - ResourceCache : initialized. (class org.apache.velocity.runtime.resource.ResourceCacheImpl)
2019-11-20 09:18:28,144 - Default ResourceManager initialization complete.
2019-11-20 09:18:28,146 - Loaded System Directive: org.apache.velocity.runtime.directive.Literal
2019-11-20 09:18:28,148 - Loaded System Directive: org.apache.velocity.runtime.directive.Macro
2019-11-20 09:18:28,151 - Loaded System Directive: org.apache.velocity.runtime.directive.Parse
2019-11-20 09:18:28,154 - Loaded System Directive: org.apache.velocity.runtime.directive.Include
2019-11-20 09:18:28,155 - Loaded System Directive: org.apache.velocity.runtime.directive.Foreach
2019-11-20 09:18:28,185 - Created: 20 parsers.
2019-11-20 09:18:28,190 - Velocimacro : initialization starting.
2019-11-20 09:18:28,191 - Velocimacro : adding VMs from VM library template : VM_global_library.vm
2019-11-20 09:18:28,194 - ResourceManager : unable to find resource 'VM_global_library.vm' in any resource loader.
2019-11-20 09:18:28,194 - Velocimacro : error using  VM library template VM_global_library.vm : org.apache.velocity.exception.ResourceNotFoundException: Unable to find resource 'VM_global_library.vm'
2019-11-20 09:18:28,194 - Velocimacro :  VM library template macro registration complete.
2019-11-20 09:18:28,194 - Velocimacro : allowInline = true : VMs can be defined inline in templates
2019-11-20 09:18:28,194 - Velocimacro : allowInlineToOverride = false : VMs defined inline may NOT replace previous VM definitions
2019-11-20 09:18:28,194 - Velocimacro : allowInlineLocal = false : VMs defined inline will be  global in scope if allowed.
2019-11-20 09:18:28,194 - Velocimacro : messages on  : VM system will output logging messages
2019-11-20 09:18:28,194 - Velocimacro : autoload off  : VM system will not automatically reload global library macros
2019-11-20 09:18:28,194 - Velocimacro : initialization complete.
2019-11-20 09:18:28,194 - Velocity successfully started.
2019-11-20 11:37:14,670 - SimpleLog4JLogSystem initialized using logfile 'velocity.log'
2019-11-20 11:37:14,670 - ************************************************************** 
2019-11-20 11:37:14,670 - Starting Jakarta Velocity v1.4
2019-11-20 11:37:14,670 - RuntimeInstance initializing.
2019-11-20 11:37:14,671 - Default Properties File: org\apache\velocity\runtime\defaults\velocity.properties
2019-11-20 11:37:14,671 - Trying to use logger class org.apache.velocity.runtime.log.SimpleLog4JLogSystem
2019-11-20 11:37:14,671 - Using logger class org.apache.velocity.runtime.log.SimpleLog4JLogSystem
2019-11-20 11:37:14,673 - Default ResourceManager initializing. (class org.apache.velocity.runtime.resource.ResourceManagerImpl)
2019-11-20 11:37:14,675 - Resource Loader Instantiated: org.apache.velocity.runtime.resource.loader.ClasspathResourceLoader
2019-11-20 11:37:14,675 - ClasspathResourceLoader : initialization starting.
2019-11-20 11:37:14,675 - ClasspathResourceLoader : initialization complete.
2019-11-20 11:37:14,676 - ResourceCache : initialized. (class org.apache.velocity.runtime.resource.ResourceCacheImpl)
2019-11-20 11:37:14,677 - Default ResourceManager initialization complete.
2019-11-20 11:37:14,679 - Loaded System Directive: org.apache.velocity.runtime.directive.Literal
2019-11-20 11:37:14,681 - Loaded System Directive: org.apache.velocity.runtime.directive.Macro
2019-11-20 11:37:14,683 - Loaded System Directive: org.apache.velocity.runtime.directive.Parse
2019-11-20 11:37:14,685 - Loaded System Directive: org.apache.velocity.runtime.directive.Include
2019-11-20 11:37:14,686 - Loaded System Directive: org.apache.velocity.runtime.directive.Foreach
2019-11-20 11:37:14,711 - Created: 20 parsers.
2019-11-20 11:37:14,717 - Velocimacro : initialization starting.
2019-11-20 11:37:14,717 - Velocimacro : adding VMs from VM library template : VM_global_library.vm
2019-11-20 11:37:14,720 - ResourceManager : unable to find resource 'VM_global_library.vm' in any resource loader.
2019-11-20 11:37:14,720 - Velocimacro : error using  VM library template VM_global_library.vm : org.apache.velocity.exception.ResourceNotFoundException: Unable to find resource 'VM_global_library.vm'
2019-11-20 11:37:14,720 - Velocimacro :  VM library template macro registration complete.
2019-11-20 11:37:14,720 - Velocimacro : allowInline = true : VMs can be defined inline in templates
2019-11-20 11:37:14,720 - Velocimacro : allowInlineToOverride = false : VMs defined inline may NOT replace previous VM definitions
2019-11-20 11:37:14,720 - Velocimacro : allowInlineLocal = false : VMs defined inline will be  global in scope if allowed.
2019-11-20 11:37:14,721 - Velocimacro : messages on  : VM system will output logging messages
2019-11-20 11:37:14,721 - Velocimacro : autoload off  : VM system will not automatically reload global library macros
2019-11-20 11:37:14,721 - Velocimacro : initialization complete.
2019-11-20 11:37:14,721 - Velocity successfully started.
2019-11-20 11:44:01,151 - SimpleLog4JLogSystem initialized using logfile 'velocity.log'
2019-11-20 11:44:01,151 - ************************************************************** 
2019-11-20 11:44:01,151 - Starting Jakarta Velocity v1.4
2019-11-20 11:44:01,151 - RuntimeInstance initializing.
2019-11-20 11:44:01,151 - Default Properties File: org\apache\velocity\runtime\defaults\velocity.properties
2019-11-20 11:44:01,151 - Trying to use logger class org.apache.velocity.runtime.log.SimpleLog4JLogSystem
2019-11-20 11:44:01,151 - Using logger class org.apache.velocity.runtime.log.SimpleLog4JLogSystem
2019-11-20 11:44:01,166 - Default ResourceManager initializing. (class org.apache.velocity.runtime.resource.ResourceManagerImpl)
2019-11-20 11:44:01,166 - Resource Loader Instantiated: org.apache.velocity.runtime.resource.loader.ClasspathResourceLoader
2019-11-20 11:44:01,166 - ClasspathResourceLoader : initialization starting.
2019-11-20 11:44:01,166 - ClasspathResourceLoader : initialization complete.
2019-11-20 11:44:01,166 - ResourceCache : initialized. (class org.apache.velocity.runtime.resource.ResourceCacheImpl)
2019-11-20 11:44:01,166 - Default ResourceManager initialization complete.
2019-11-20 11:44:01,166 - Loaded System Directive: org.apache.velocity.runtime.directive.Literal
2019-11-20 11:44:01,166 - Loaded System Directive: org.apache.velocity.runtime.directive.Macro
2019-11-20 11:44:01,166 - Loaded System Directive: org.apache.velocity.runtime.directive.Parse
2019-11-20 11:44:01,166 - Loaded System Directive: org.apache.velocity.runtime.directive.Include
2019-11-20 11:44:01,166 - Loaded System Directive: org.apache.velocity.runtime.directive.Foreach
2019-11-20 11:44:01,198 - Created: 20 parsers.
2019-11-20 11:44:01,213 - Velocimacro : initialization starting.
2019-11-20 11:44:01,213 - Velocimacro : adding VMs from VM library template : VM_global_library.vm
2019-11-20 11:44:01,213 - ResourceManager : unable to find resource 'VM_global_library.vm' in any resource loader.
2019-11-20 11:44:01,213 - Velocimacro : error using  VM library template VM_global_library.vm : org.apache.velocity.exception.ResourceNotFoundException: Unable to find resource 'VM_global_library.vm'
2019-11-20 11:44:01,213 - Velocimacro :  VM library template macro registration complete.
2019-11-20 11:44:01,213 - Velocimacro : allowInline = true : VMs can be defined inline in templates
2019-11-20 11:44:01,213 - Velocimacro : allowInlineToOverride = false : VMs defined inline may NOT replace previous VM definitions
2019-11-20 11:44:01,213 - Velocimacro : allowInlineLocal = false : VMs defined inline will be  global in scope if allowed.
2019-11-20 11:44:01,213 - Velocimacro : messages on  : VM system will output logging messages
2019-11-20 11:44:01,213 - Velocimacro : autoload off  : VM system will not automatically reload global library macros
2019-11-20 11:44:01,213 - Velocimacro : initialization complete.
2019-11-20 11:44:01,213 - Velocity successfully started.
2019-11-20 11:44:51,611 - SimpleLog4JLogSystem initialized using logfile 'velocity.log'
2019-11-20 11:44:51,626 - ************************************************************** 
2019-11-20 11:44:51,626 - Starting Jakarta Velocity v1.4
2019-11-20 11:44:51,626 - RuntimeInstance initializing.
2019-11-20 11:44:51,626 - Default Properties File: org\apache\velocity\runtime\defaults\velocity.properties
2019-11-20 11:44:51,626 - Trying to use logger class org.apache.velocity.runtime.log.SimpleLog4JLogSystem
2019-11-20 11:44:51,626 - Using logger class org.apache.velocity.runtime.log.SimpleLog4JLogSystem
2019-11-20 11:44:51,626 - Default ResourceManager initializing. (class org.apache.velocity.runtime.resource.ResourceManagerImpl)
2019-11-20 11:44:51,626 - Resource Loader Instantiated: org.apache.velocity.runtime.resource.loader.ClasspathResourceLoader
2019-11-20 11:44:51,626 - ClasspathResourceLoader : initialization starting.
2019-11-20 11:44:51,626 - ClasspathResourceLoader : initialization complete.
2019-11-20 11:44:51,626 - ResourceCache : initialized. (class org.apache.velocity.runtime.resource.ResourceCacheImpl)
2019-11-20 11:44:51,626 - Default ResourceManager initialization complete.
2019-11-20 11:44:51,626 - Loaded System Directive: org.apache.velocity.runtime.directive.Literal
2019-11-20 11:44:51,626 - Loaded System Directive: org.apache.velocity.runtime.directive.Macro
2019-11-20 11:44:51,626 - Loaded System Directive: org.apache.velocity.runtime.directive.Parse
2019-11-20 11:44:51,642 - Loaded System Directive: org.apache.velocity.runtime.directive.Include
2019-11-20 11:44:51,642 - Loaded System Directive: org.apache.velocity.runtime.directive.Foreach
2019-11-20 11:44:51,673 - Created: 20 parsers.
2019-11-20 11:44:51,673 - Velocimacro : initialization starting.
2019-11-20 11:44:51,673 - Velocimacro : adding VMs from VM library template : VM_global_library.vm
2019-11-20 11:44:51,689 - ResourceManager : unable to find resource 'VM_global_library.vm' in any resource loader.
2019-11-20 11:44:51,689 - Velocimacro : error using  VM library template VM_global_library.vm : org.apache.velocity.exception.ResourceNotFoundException: Unable to find resource 'VM_global_library.vm'
2019-11-20 11:44:51,689 - Velocimacro :  VM library template macro registration complete.
2019-11-20 11:44:51,689 - Velocimacro : allowInline = true : VMs can be defined inline in templates
2019-11-20 11:44:51,689 - Velocimacro : allowInlineToOverride = false : VMs defined inline may NOT replace previous VM definitions
2019-11-20 11:44:51,689 - Velocimacro : allowInlineLocal = false : VMs defined inline will be  global in scope if allowed.
2019-11-20 11:44:51,689 - Velocimacro : messages on  : VM system will output logging messages
2019-11-20 11:44:51,689 - Velocimacro : autoload off  : VM system will not automatically reload global library macros
2019-11-20 11:44:51,689 - Velocimacro : initialization complete.
2019-11-20 11:44:51,689 - Velocity successfully started.
2019-11-20 11:48:50,061 - SimpleLog4JLogSystem initialized using logfile 'velocity.log'
2019-11-20 11:48:50,061 - ************************************************************** 
2019-11-20 11:48:50,061 - Starting Jakarta Velocity v1.4
2019-11-20 11:48:50,061 - RuntimeInstance initializing.
2019-11-20 11:48:50,061 - Default Properties File: org\apache\velocity\runtime\defaults\velocity.properties
2019-11-20 11:48:50,061 - Trying to use logger class org.apache.velocity.runtime.log.SimpleLog4JLogSystem
2019-11-20 11:48:50,061 - Using logger class org.apache.velocity.runtime.log.SimpleLog4JLogSystem
2019-11-20 11:48:50,061 - Default ResourceManager initializing. (class org.apache.velocity.runtime.resource.ResourceManagerImpl)
2019-11-20 11:48:50,061 - Resource Loader Instantiated: org.apache.velocity.runtime.resource.loader.ClasspathResourceLoader
2019-11-20 11:48:50,061 - ClasspathResourceLoader : initialization starting.
2019-11-20 11:48:50,061 - ClasspathResourceLoader : initialization complete.
2019-11-20 11:48:50,061 - ResourceCache : initialized. (class org.apache.velocity.runtime.resource.ResourceCacheImpl)
2019-11-20 11:48:50,061 - Default ResourceManager initialization complete.
2019-11-20 11:48:50,061 - Loaded System Directive: org.apache.velocity.runtime.directive.Literal
2019-11-20 11:48:50,077 - Loaded System Directive: org.apache.velocity.runtime.directive.Macro
2019-11-20 11:48:50,077 - Loaded System Directive: org.apache.velocity.runtime.directive.Parse
2019-11-20 11:48:50,077 - Loaded System Directive: org.apache.velocity.runtime.directive.Include
2019-11-20 11:48:50,077 - Loaded System Directive: org.apache.velocity.runtime.directive.Foreach
2019-11-20 11:48:50,092 - Created: 20 parsers.
2019-11-20 11:48:50,108 - Velocimacro : initialization starting.
2019-11-20 11:48:50,108 - Velocimacro : adding VMs from VM library template : VM_global_library.vm
2019-11-20 11:48:50,108 - ResourceManager : unable to find resource 'VM_global_library.vm' in any resource loader.
2019-11-20 11:48:50,108 - Velocimacro : error using  VM library template VM_global_library.vm : org.apache.velocity.exception.ResourceNotFoundException: Unable to find resource 'VM_global_library.vm'
2019-11-20 11:48:50,108 - Velocimacro :  VM library template macro registration complete.
2019-11-20 11:48:50,108 - Velocimacro : allowInline = true : VMs can be defined inline in templates
2019-11-20 11:48:50,108 - Velocimacro : allowInlineToOverride = false : VMs defined inline may NOT replace previous VM definitions
2019-11-20 11:48:50,108 - Velocimacro : allowInlineLocal = false : VMs defined inline will be  global in scope if allowed.
2019-11-20 11:48:50,108 - Velocimacro : messages on  : VM system will output logging messages
2019-11-20 11:48:50,108 - Velocimacro : autoload off  : VM system will not automatically reload global library macros
2019-11-20 11:48:50,108 - Velocimacro : initialization complete.
2019-11-20 11:48:50,108 - Velocity successfully started.
2019-11-20 14:39:20,340 - SimpleLog4JLogSystem initialized using logfile 'velocity.log'
2019-11-20 14:39:20,340 - ************************************************************** 
2019-11-20 14:39:20,340 - Starting Jakarta Velocity v1.4
2019-11-20 14:39:20,340 - RuntimeInstance initializing.
2019-11-20 14:39:20,340 - Default Properties File: org\apache\velocity\runtime\defaults\velocity.properties
2019-11-20 14:39:20,340 - Trying to use logger class org.apache.velocity.runtime.log.SimpleLog4JLogSystem
2019-11-20 14:39:20,340 - Using logger class org.apache.velocity.runtime.log.SimpleLog4JLogSystem
2019-11-20 14:39:20,340 - Default ResourceManager initializing. (class org.apache.velocity.runtime.resource.ResourceManagerImpl)
2019-11-20 14:39:20,340 - Resource Loader Instantiated: org.apache.velocity.runtime.resource.loader.ClasspathResourceLoader
2019-11-20 14:39:20,340 - ClasspathResourceLoader : initialization starting.
2019-11-20 14:39:20,340 - ClasspathResourceLoader : initialization complete.
2019-11-20 14:39:20,340 - ResourceCache : initialized. (class org.apache.velocity.runtime.resource.ResourceCacheImpl)
2019-11-20 14:39:20,340 - Default ResourceManager initialization complete.
2019-11-20 14:39:20,340 - Loaded System Directive: org.apache.velocity.runtime.directive.Literal
2019-11-20 14:39:20,340 - Loaded System Directive: org.apache.velocity.runtime.directive.Macro
2019-11-20 14:39:20,340 - Loaded System Directive: org.apache.velocity.runtime.directive.Parse
2019-11-20 14:39:20,340 - Loaded System Directive: org.apache.velocity.runtime.directive.Include
2019-11-20 14:39:20,356 - Loaded System Directive: org.apache.velocity.runtime.directive.Foreach
2019-11-20 14:39:20,372 - Created: 20 parsers.
2019-11-20 14:39:20,372 - Velocimacro : initialization starting.
2019-11-20 14:39:20,372 - Velocimacro : adding VMs from VM library template : VM_global_library.vm
2019-11-20 14:39:20,372 - ResourceManager : unable to find resource 'VM_global_library.vm' in any resource loader.
2019-11-20 14:39:20,372 - Velocimacro : error using  VM library template VM_global_library.vm : org.apache.velocity.exception.ResourceNotFoundException: Unable to find resource 'VM_global_library.vm'
2019-11-20 14:39:20,372 - Velocimacro :  VM library template macro registration complete.
2019-11-20 14:39:20,372 - Velocimacro : allowInline = true : VMs can be defined inline in templates
2019-11-20 14:39:20,372 - Velocimacro : allowInlineToOverride = false : VMs defined inline may NOT replace previous VM definitions
2019-11-20 14:39:20,372 - Velocimacro : allowInlineLocal = false : VMs defined inline will be  global in scope if allowed.
2019-11-20 14:39:20,372 - Velocimacro : messages on  : VM system will output logging messages
2019-11-20 14:39:20,372 - Velocimacro : autoload off  : VM system will not automatically reload global library macros
2019-11-20 14:39:20,372 - Velocimacro : initialization complete.
2019-11-20 14:39:20,372 - Velocity successfully started.
2019-11-20 14:41:31,693 - ResourceManager : found repast/simphony/scenario/Scenario.vt with loader org.apache.velocity.runtime.resource.loader.ClasspathResourceLoader
2019-11-20 14:41:38,322 - SimpleLog4JLogSystem initialized using logfile 'velocity.log'
2019-11-20 14:41:38,322 - ************************************************************** 
2019-11-20 14:41:38,322 - Starting Jakarta Velocity v1.4
2019-11-20 14:41:38,322 - RuntimeInstance initializing.
2019-11-20 14:41:38,322 - Default Properties File: org\apache\velocity\runtime\defaults\velocity.properties
2019-11-20 14:41:38,322 - Trying to use logger class org.apache.velocity.runtime.log.SimpleLog4JLogSystem
2019-11-20 14:41:38,322 - Using logger class org.apache.velocity.runtime.log.SimpleLog4JLogSystem
2019-11-20 14:41:38,337 - Default ResourceManager initializing. (class org.apache.velocity.runtime.resource.ResourceManagerImpl)
2019-11-20 14:41:38,337 - Resource Loader Instantiated: org.apache.velocity.runtime.resource.loader.ClasspathResourceLoader
2019-11-20 14:41:38,337 - ClasspathResourceLoader : initialization starting.
2019-11-20 14:41:38,337 - ClasspathResourceLoader : initialization complete.
2019-11-20 14:41:38,337 - ResourceCache : initialized. (class org.apache.velocity.runtime.resource.ResourceCacheImpl)
2019-11-20 14:41:38,337 - Default ResourceManager initialization complete.
2019-11-20 14:41:38,337 - Loaded System Directive: org.apache.velocity.runtime.directive.Literal
2019-11-20 14:41:38,337 - Loaded System Directive: org.apache.velocity.runtime.directive.Macro
2019-11-20 14:41:38,337 - Loaded System Directive: org.apache.velocity.runtime.directive.Parse
2019-11-20 14:41:38,337 - Loaded System Directive: org.apache.velocity.runtime.directive.Include
2019-11-20 14:41:38,337 - Loaded System Directive: org.apache.velocity.runtime.directive.Foreach
2019-11-20 14:41:38,369 - Created: 20 parsers.
2019-11-20 14:41:38,369 - Velocimacro : initialization starting.
2019-11-20 14:41:38,369 - Velocimacro : adding VMs from VM library template : VM_global_library.vm
2019-11-20 14:41:38,369 - ResourceManager : unable to find resource 'VM_global_library.vm' in any resource loader.
2019-11-20 14:41:38,369 - Velocimacro : error using  VM library template VM_global_library.vm : org.apache.velocity.exception.ResourceNotFoundException: Unable to find resource 'VM_global_library.vm'
2019-11-20 14:41:38,369 - Velocimacro :  VM library template macro registration complete.
2019-11-20 14:41:38,369 - Velocimacro : allowInline = true : VMs can be defined inline in templates
2019-11-20 14:41:38,369 - Velocimacro : allowInlineToOverride = false : VMs defined inline may NOT replace previous VM definitions
2019-11-20 14:41:38,369 - Velocimacro : allowInlineLocal = false : VMs defined inline will be  global in scope if allowed.
2019-11-20 14:41:38,369 - Velocimacro : messages on  : VM system will output logging messages
2019-11-20 14:41:38,369 - Velocimacro : autoload off  : VM system will not automatically reload global library macros
2019-11-20 14:41:38,369 - Velocimacro : initialization complete.
2019-11-20 14:41:38,369 - Velocity successfully started.
2019-11-20 14:43:10,336 - ResourceManager : found repast/simphony/scenario/Scenario.vt with loader org.apache.velocity.runtime.resource.loader.ClasspathResourceLoader
2019-11-20 14:44:01,004 - SimpleLog4JLogSystem initialized using logfile 'velocity.log'
2019-11-20 14:44:01,004 - ************************************************************** 
2019-11-20 14:44:01,004 - Starting Jakarta Velocity v1.4
2019-11-20 14:44:01,004 - RuntimeInstance initializing.
2019-11-20 14:44:01,004 - Default Properties File: org\apache\velocity\runtime\defaults\velocity.properties
2019-11-20 14:44:01,004 - Trying to use logger class org.apache.velocity.runtime.log.SimpleLog4JLogSystem
2019-11-20 14:44:01,004 - Using logger class org.apache.velocity.runtime.log.SimpleLog4JLogSystem
2019-11-20 14:44:01,004 - Default ResourceManager initializing. (class org.apache.velocity.runtime.resource.ResourceManagerImpl)
2019-11-20 14:44:01,020 - Resource Loader Instantiated: org.apache.velocity.runtime.resource.loader.ClasspathResourceLoader
2019-11-20 14:44:01,020 - ClasspathResourceLoader : initialization starting.
2019-11-20 14:44:01,020 - ClasspathResourceLoader : initialization complete.
2019-11-20 14:44:01,020 - ResourceCache : initialized. (class org.apache.velocity.runtime.resource.ResourceCacheImpl)
2019-11-20 14:44:01,020 - Default ResourceManager initialization complete.
2019-11-20 14:44:01,020 - Loaded System Directive: org.apache.velocity.runtime.directive.Literal
2019-11-20 14:44:01,020 - Loaded System Directive: org.apache.velocity.runtime.directive.Macro
2019-11-20 14:44:01,020 - Loaded System Directive: org.apache.velocity.runtime.directive.Parse
2019-11-20 14:44:01,020 - Loaded System Directive: org.apache.velocity.runtime.directive.Include
2019-11-20 14:44:01,020 - Loaded System Directive: org.apache.velocity.runtime.directive.Foreach
2019-11-20 14:44:01,051 - Created: 20 parsers.
2019-11-20 14:44:01,051 - Velocimacro : initialization starting.
2019-11-20 14:44:01,051 - Velocimacro : adding VMs from VM library template : VM_global_library.vm
2019-11-20 14:44:01,067 - ResourceManager : unable to find resource 'VM_global_library.vm' in any resource loader.
2019-11-20 14:44:01,067 - Velocimacro : error using  VM library template VM_global_library.vm : org.apache.velocity.exception.ResourceNotFoundException: Unable to find resource 'VM_global_library.vm'
2019-11-20 14:44:01,067 - Velocimacro :  VM library template macro registration complete.
2019-11-20 14:44:01,067 - Velocimacro : allowInline = true : VMs can be defined inline in templates
2019-11-20 14:44:01,067 - Velocimacro : allowInlineToOverride = false : VMs defined inline may NOT replace previous VM definitions
2019-11-20 14:44:01,067 - Velocimacro : allowInlineLocal = false : VMs defined inline will be  global in scope if allowed.
2019-11-20 14:44:01,067 - Velocimacro : messages on  : VM system will output logging messages
2019-11-20 14:44:01,067 - Velocimacro : autoload off  : VM system will not automatically reload global library macros
2019-11-20 14:44:01,067 - Velocimacro : initialization complete.
2019-11-20 14:44:01,067 - Velocity successfully started.
2019-11-20 14:46:09,597 - SimpleLog4JLogSystem initialized using logfile 'velocity.log'
2019-11-20 14:46:09,597 - ************************************************************** 
2019-11-20 14:46:09,597 - Starting Jakarta Velocity v1.4
2019-11-20 14:46:09,597 - RuntimeInstance initializing.
2019-11-20 14:46:09,597 - Default Properties File: org\apache\velocity\runtime\defaults\velocity.properties
2019-11-20 14:46:09,597 - Trying to use logger class org.apache.velocity.runtime.log.SimpleLog4JLogSystem
2019-11-20 14:46:09,597 - Using logger class org.apache.velocity.runtime.log.SimpleLog4JLogSystem
2019-11-20 14:46:09,597 - Default ResourceManager initializing. (class org.apache.velocity.runtime.resource.ResourceManagerImpl)
2019-11-20 14:46:09,597 - Resource Loader Instantiated: org.apache.velocity.runtime.resource.loader.ClasspathResourceLoader
2019-11-20 14:46:09,597 - ClasspathResourceLoader : initialization starting.
2019-11-20 14:46:09,597 - ClasspathResourceLoader : initialization complete.
2019-11-20 14:46:09,597 - ResourceCache : initialized. (class org.apache.velocity.runtime.resource.ResourceCacheImpl)
2019-11-20 14:46:09,597 - Default ResourceManager initialization complete.
2019-11-20 14:46:09,597 - Loaded System Directive: org.apache.velocity.runtime.directive.Literal
2019-11-20 14:46:09,597 - Loaded System Directive: org.apache.velocity.runtime.directive.Macro
2019-11-20 14:46:09,613 - Loaded System Directive: org.apache.velocity.runtime.directive.Parse
2019-11-20 14:46:09,613 - Loaded System Directive: org.apache.velocity.runtime.directive.Include
2019-11-20 14:46:09,613 - Loaded System Directive: org.apache.velocity.runtime.directive.Foreach
2019-11-20 14:46:09,628 - Created: 20 parsers.
2019-11-20 14:46:09,628 - Velocimacro : initialization starting.
2019-11-20 14:46:09,628 - Velocimacro : adding VMs from VM library template : VM_global_library.vm
2019-11-20 14:46:09,644 - ResourceManager : unable to find resource 'VM_global_library.vm' in any resource loader.
2019-11-20 14:46:09,644 - Velocimacro : error using  VM library template VM_global_library.vm : org.apache.velocity.exception.ResourceNotFoundException: Unable to find resource 'VM_global_library.vm'
2019-11-20 14:46:09,644 - Velocimacro :  VM library template macro registration complete.
2019-11-20 14:46:09,644 - Velocimacro : allowInline = true : VMs can be defined inline in templates
2019-11-20 14:46:09,644 - Velocimacro : allowInlineToOverride = false : VMs defined inline may NOT replace previous VM definitions
2019-11-20 14:46:09,644 - Velocimacro : allowInlineLocal = false : VMs defined inline will be  global in scope if allowed.
2019-11-20 14:46:09,644 - Velocimacro : messages on  : VM system will output logging messages
2019-11-20 14:46:09,644 - Velocimacro : autoload off  : VM system will not automatically reload global library macros
2019-11-20 14:46:09,644 - Velocimacro : initialization complete.
2019-11-20 14:46:09,644 - Velocity successfully started.
2019-11-20 15:40:17,941 - SimpleLog4JLogSystem initialized using logfile 'velocity.log'
2019-11-20 15:40:17,942 - ************************************************************** 
2019-11-20 15:40:17,942 - Starting Jakarta Velocity v1.4
2019-11-20 15:40:17,942 - RuntimeInstance initializing.
2019-11-20 15:40:17,942 - Default Properties File: org\apache\velocity\runtime\defaults\velocity.properties
2019-11-20 15:40:17,942 - Trying to use logger class org.apache.velocity.runtime.log.SimpleLog4JLogSystem
2019-11-20 15:40:17,942 - Using logger class org.apache.velocity.runtime.log.SimpleLog4JLogSystem
2019-11-20 15:40:17,944 - Default ResourceManager initializing. (class org.apache.velocity.runtime.resource.ResourceManagerImpl)
2019-11-20 15:40:17,946 - Resource Loader Instantiated: org.apache.velocity.runtime.resource.loader.ClasspathResourceLoader
2019-11-20 15:40:17,946 - ClasspathResourceLoader : initialization starting.
2019-11-20 15:40:17,946 - ClasspathResourceLoader : initialization complete.
2019-11-20 15:40:17,947 - ResourceCache : initialized. (class org.apache.velocity.runtime.resource.ResourceCacheImpl)
2019-11-20 15:40:17,947 - Default ResourceManager initialization complete.
2019-11-20 15:40:17,948 - Loaded System Directive: org.apache.velocity.runtime.directive.Literal
2019-11-20 15:40:17,950 - Loaded System Directive: org.apache.velocity.runtime.directive.Macro
2019-11-20 15:40:17,952 - Loaded System Directive: org.apache.velocity.runtime.directive.Parse
2019-11-20 15:40:17,953 - Loaded System Directive: org.apache.velocity.runtime.directive.Include
2019-11-20 15:40:17,954 - Loaded System Directive: org.apache.velocity.runtime.directive.Foreach
2019-11-20 15:40:17,977 - Created: 20 parsers.
2019-11-20 15:40:17,982 - Velocimacro : initialization starting.
2019-11-20 15:40:17,982 - Velocimacro : adding VMs from VM library template : VM_global_library.vm
2019-11-20 15:40:17,985 - ResourceManager : unable to find resource 'VM_global_library.vm' in any resource loader.
2019-11-20 15:40:17,985 - Velocimacro : error using  VM library template VM_global_library.vm : org.apache.velocity.exception.ResourceNotFoundException: Unable to find resource 'VM_global_library.vm'
2019-11-20 15:40:17,985 - Velocimacro :  VM library template macro registration complete.
2019-11-20 15:40:17,985 - Velocimacro : allowInline = true : VMs can be defined inline in templates
2019-11-20 15:40:17,986 - Velocimacro : allowInlineToOverride = false : VMs defined inline may NOT replace previous VM definitions
2019-11-20 15:40:17,986 - Velocimacro : allowInlineLocal = false : VMs defined inline will be  global in scope if allowed.
2019-11-20 15:40:17,986 - Velocimacro : messages on  : VM system will output logging messages
2019-11-20 15:40:17,986 - Velocimacro : autoload off  : VM system will not automatically reload global library macros
2019-11-20 15:40:17,986 - Velocimacro : initialization complete.
2019-11-20 15:40:17,986 - Velocity successfully started.
2019-11-21 09:24:38,718 - SimpleLog4JLogSystem initialized using logfile 'velocity.log'
2019-11-21 09:24:38,719 - ************************************************************** 
2019-11-21 09:24:38,719 - Starting Jakarta Velocity v1.4
2019-11-21 09:24:38,719 - RuntimeInstance initializing.
2019-11-21 09:24:38,719 - Default Properties File: org\apache\velocity\runtime\defaults\velocity.properties
2019-11-21 09:24:38,719 - Trying to use logger class org.apache.velocity.runtime.log.SimpleLog4JLogSystem
2019-11-21 09:24:38,719 - Using logger class org.apache.velocity.runtime.log.SimpleLog4JLogSystem
2019-11-21 09:24:38,721 - Default ResourceManager initializing. (class org.apache.velocity.runtime.resource.ResourceManagerImpl)
2019-11-21 09:24:38,724 - Resource Loader Instantiated: org.apache.velocity.runtime.resource.loader.ClasspathResourceLoader
2019-11-21 09:24:38,724 - ClasspathResourceLoader : initialization starting.
2019-11-21 09:24:38,724 - ClasspathResourceLoader : initialization complete.
2019-11-21 09:24:38,725 - ResourceCache : initialized. (class org.apache.velocity.runtime.resource.ResourceCacheImpl)
2019-11-21 09:24:38,725 - Default ResourceManager initialization complete.
2019-11-21 09:24:38,727 - Loaded System Directive: org.apache.velocity.runtime.directive.Literal
2019-11-21 09:24:38,728 - Loaded System Directive: org.apache.velocity.runtime.directive.Macro
2019-11-21 09:24:38,730 - Loaded System Directive: org.apache.velocity.runtime.directive.Parse
2019-11-21 09:24:38,731 - Loaded System Directive: org.apache.velocity.runtime.directive.Include
2019-11-21 09:24:38,732 - Loaded System Directive: org.apache.velocity.runtime.directive.Foreach
2019-11-21 09:24:38,754 - Created: 20 parsers.
2019-11-21 09:24:38,758 - Velocimacro : initialization starting.
2019-11-21 09:24:38,759 - Velocimacro : adding VMs from VM library template : VM_global_library.vm
2019-11-21 09:24:38,761 - ResourceManager : unable to find resource 'VM_global_library.vm' in any resource loader.
2019-11-21 09:24:38,761 - Velocimacro : error using  VM library template VM_global_library.vm : org.apache.velocity.exception.ResourceNotFoundException: Unable to find resource 'VM_global_library.vm'
2019-11-21 09:24:38,761 - Velocimacro :  VM library template macro registration complete.
2019-11-21 09:24:38,761 - Velocimacro : allowInline = true : VMs can be defined inline in templates
2019-11-21 09:24:38,761 - Velocimacro : allowInlineToOverride = false : VMs defined inline may NOT replace previous VM definitions
2019-11-21 09:24:38,761 - Velocimacro : allowInlineLocal = false : VMs defined inline will be  global in scope if allowed.
2019-11-21 09:24:38,762 - Velocimacro : messages on  : VM system will output logging messages
2019-11-21 09:24:38,762 - Velocimacro : autoload off  : VM system will not automatically reload global library macros
2019-11-21 09:24:38,762 - Velocimacro : initialization complete.
2019-11-21 09:24:38,762 - Velocity successfully started.
