2020-01-17 16:50:14,613 - Velocimacro : adding VMs from VM library template : VM_global_library.vm
2020-01-17 16:50:14,617 - ResourceManager : unable to find resource 'VM_global_library.vm' in any resource loader.
2020-01-17 16:50:14,617 - Velocimacro : error using  VM library template VM_global_library.vm : org.apache.velocity.exception.ResourceNotFoundException: Unable to find resource 'VM_global_library.vm'
2020-01-17 16:50:14,617 - Velocimacro :  VM library template macro registration complete.
2020-01-17 16:50:14,617 - Velocimacro : allowInline = true : VMs can be defined inline in templates
2020-01-17 16:50:14,617 - Velocimacro : allowInlineToOverride = false : VMs defined inline may NOT replace previous VM definitions
2020-01-17 16:50:14,617 - Velocimacro : allowInlineLocal = false : VMs defined inline will be  global in scope if allowed.
2020-01-17 16:50:14,617 - Velocimacro : messages on  : VM system will output logging messages
2020-01-17 16:50:14,617 - Velocimacro : autoload off  : VM system will not automatically reload global library macros
2020-01-17 16:50:14,617 - Velocimacro : initialization complete.
2020-01-17 16:50:14,617 - Velocity successfully started.
2020-01-17 16:52:47,479 - SimpleLog4JLogSystem initialized using logfile 'velocity.log'
2020-01-17 16:52:47,479 - ************************************************************** 
2020-01-17 16:52:47,480 - Starting Jakarta Velocity v1.4
2020-01-17 16:52:47,480 - RuntimeInstance initializing.
2020-01-17 16:52:47,480 - Default Properties File: org/apache/velocity/runtime/defaults/velocity.properties
2020-01-17 16:52:47,480 - Trying to use logger class org.apache.velocity.runtime.log.SimpleLog4JLogSystem
2020-01-17 16:52:47,480 - Using logger class org.apache.velocity.runtime.log.SimpleLog4JLogSystem
2020-01-17 16:52:47,482 - Default ResourceManager initializing. (class org.apache.velocity.runtime.resource.ResourceManagerImpl)
2020-01-17 16:52:47,484 - Resource Loader Instantiated: org.apache.velocity.runtime.resource.loader.ClasspathResourceLoader
2020-01-17 16:52:47,484 - ClasspathResourceLoader : initialization starting.
2020-01-17 16:52:47,484 - ClasspathResourceLoader : initialization complete.
2020-01-17 16:52:47,485 - ResourceCache : initialized. (class org.apache.velocity.runtime.resource.ResourceCacheImpl)
2020-01-17 16:52:47,485 - Default ResourceManager initialization complete.
2020-01-17 16:52:47,487 - Loaded System Directive: org.apache.velocity.runtime.directive.Literal
2020-01-17 16:52:47,488 - Loaded System Directive: org.apache.velocity.runtime.directive.Macro
2020-01-17 16:52:47,490 - Loaded System Directive: org.apache.velocity.runtime.directive.Parse
2020-01-17 16:52:47,491 - Loaded System Directive: org.apache.velocity.runtime.directive.Include
2020-01-17 16:52:47,492 - Loaded System Directive: org.apache.velocity.runtime.directive.Foreach
2020-01-17 16:52:47,516 - Created: 20 parsers.
2020-01-17 16:52:47,521 - Velocimacro : initialization starting.
2020-01-17 16:52:47,521 - Velocimacro : adding VMs from VM library template : VM_global_library.vm
2020-01-17 16:52:47,524 - ResourceManager : unable to find resource 'VM_global_library.vm' in any resource loader.
2020-01-17 16:52:47,524 - Velocimacro : error using  VM library template VM_global_library.vm : org.apache.velocity.exception.ResourceNotFoundException: Unable to find resource 'VM_global_library.vm'
2020-01-17 16:52:47,524 - Velocimacro :  VM library template macro registration complete.
2020-01-17 16:52:47,524 - Velocimacro : allowInline = true : VMs can be defined inline in templates
2020-01-17 16:52:47,524 - Velocimacro : allowInlineToOverride = false : VMs defined inline may NOT replace previous VM definitions
2020-01-17 16:52:47,525 - Velocimacro : allowInlineLocal = false : VMs defined inline will be  global in scope if allowed.
2020-01-17 16:52:47,525 - Velocimacro : messages on  : VM system will output logging messages
2020-01-17 16:52:47,525 - Velocimacro : autoload off  : VM system will not automatically reload global library macros
2020-01-17 16:52:47,525 - Velocimacro : initialization complete.
2020-01-17 16:52:47,525 - Velocity successfully started.
2020-01-17 16:57:08,258 - SimpleLog4JLogSystem initialized using logfile 'velocity.log'
2020-01-17 16:57:08,259 - ************************************************************** 
2020-01-17 16:57:08,259 - Starting Jakarta Velocity v1.4
2020-01-17 16:57:08,259 - RuntimeInstance initializing.
2020-01-17 16:57:08,259 - Default Properties File: org/apache/velocity/runtime/defaults/velocity.properties
2020-01-17 16:57:08,259 - Trying to use logger class org.apache.velocity.runtime.log.SimpleLog4JLogSystem
2020-01-17 16:57:08,259 - Using logger class org.apache.velocity.runtime.log.SimpleLog4JLogSystem
2020-01-17 16:57:08,262 - Default ResourceManager initializing. (class org.apache.velocity.runtime.resource.ResourceManagerImpl)
2020-01-17 16:57:08,264 - Resource Loader Instantiated: org.apache.velocity.runtime.resource.loader.ClasspathResourceLoader
2020-01-17 16:57:08,264 - ClasspathResourceLoader : initialization starting.
2020-01-17 16:57:08,265 - ClasspathResourceLoader : initialization complete.
2020-01-17 16:57:08,266 - ResourceCache : initialized. (class org.apache.velocity.runtime.resource.ResourceCacheImpl)
2020-01-17 16:57:08,266 - Default ResourceManager initialization complete.
2020-01-17 16:57:08,268 - Loaded System Directive: org.apache.velocity.runtime.directive.Literal
2020-01-17 16:57:08,270 - Loaded System Directive: org.apache.velocity.runtime.directive.Macro
2020-01-17 16:57:08,272 - Loaded System Directive: org.apache.velocity.runtime.directive.Parse
2020-01-17 16:57:08,274 - Loaded System Directive: org.apache.velocity.runtime.directive.Include
2020-01-17 16:57:08,275 - Loaded System Directive: org.apache.velocity.runtime.directive.Foreach
2020-01-17 16:57:08,310 - Created: 20 parsers.
2020-01-17 16:57:08,316 - Velocimacro : initialization starting.
2020-01-17 16:57:08,316 - Velocimacro : adding VMs from VM library template : VM_global_library.vm
2020-01-17 16:57:08,320 - ResourceManager : unable to find resource 'VM_global_library.vm' in any resource loader.
2020-01-17 16:57:08,320 - Velocimacro : error using  VM library template VM_global_library.vm : org.apache.velocity.exception.ResourceNotFoundException: Unable to find resource 'VM_global_library.vm'
2020-01-17 16:57:08,320 - Velocimacro :  VM library template macro registration complete.
2020-01-17 16:57:08,320 - Velocimacro : allowInline = true : VMs can be defined inline in templates
2020-01-17 16:57:08,320 - Velocimacro : allowInlineToOverride = false : VMs defined inline may NOT replace previous VM definitions
2020-01-17 16:57:08,320 - Velocimacro : allowInlineLocal = false : VMs defined inline will be  global in scope if allowed.
2020-01-17 16:57:08,320 - Velocimacro : messages on  : VM system will output logging messages
2020-01-17 16:57:08,320 - Velocimacro : autoload off  : VM system will not automatically reload global library macros
2020-01-17 16:57:08,320 - Velocimacro : initialization complete.
2020-01-17 16:57:08,320 - Velocity successfully started.
2020-01-17 17:58:13,470 - SimpleLog4JLogSystem initialized using logfile 'velocity.log'
2020-01-17 17:58:13,471 - ************************************************************** 
2020-01-17 17:58:13,471 - Starting Jakarta Velocity v1.4
2020-01-17 17:58:13,471 - RuntimeInstance initializing.
2020-01-17 17:58:13,471 - Default Properties File: org/apache/velocity/runtime/defaults/velocity.properties
2020-01-17 17:58:13,471 - Trying to use logger class org.apache.velocity.runtime.log.SimpleLog4JLogSystem
2020-01-17 17:58:13,472 - Using logger class org.apache.velocity.runtime.log.SimpleLog4JLogSystem
2020-01-17 17:58:13,475 - Default ResourceManager initializing. (class org.apache.velocity.runtime.resource.ResourceManagerImpl)
2020-01-17 17:58:13,477 - Resource Loader Instantiated: org.apache.velocity.runtime.resource.loader.ClasspathResourceLoader
2020-01-17 17:58:13,477 - ClasspathResourceLoader : initialization starting.
2020-01-17 17:58:13,477 - ClasspathResourceLoader : initialization complete.
2020-01-17 17:58:13,479 - ResourceCache : initialized. (class org.apache.velocity.runtime.resource.ResourceCacheImpl)
2020-01-17 17:58:13,479 - Default ResourceManager initialization complete.
2020-01-17 17:58:13,481 - Loaded System Directive: org.apache.velocity.runtime.directive.Literal
2020-01-17 17:58:13,483 - Loaded System Directive: org.apache.velocity.runtime.directive.Macro
2020-01-17 17:58:13,485 - Loaded System Directive: org.apache.velocity.runtime.directive.Parse
2020-01-17 17:58:13,487 - Loaded System Directive: org.apache.velocity.runtime.directive.Include
2020-01-17 17:58:13,488 - Loaded System Directive: org.apache.velocity.runtime.directive.Foreach
2020-01-17 17:58:13,525 - Created: 20 parsers.
2020-01-17 17:58:13,530 - Velocimacro : initialization starting.
2020-01-17 17:58:13,531 - Velocimacro : adding VMs from VM library template : VM_global_library.vm
2020-01-17 17:58:13,534 - ResourceManager : unable to find resource 'VM_global_library.vm' in any resource loader.
2020-01-17 17:58:13,534 - Velocimacro : error using  VM library template VM_global_library.vm : org.apache.velocity.exception.ResourceNotFoundException: Unable to find resource 'VM_global_library.vm'
2020-01-17 17:58:13,534 - Velocimacro :  VM library template macro registration complete.
2020-01-17 17:58:13,534 - Velocimacro : allowInline = true : VMs can be defined inline in templates
2020-01-17 17:58:13,535 - Velocimacro : allowInlineToOverride = false : VMs defined inline may NOT replace previous VM definitions
2020-01-17 17:58:13,535 - Velocimacro : allowInlineLocal = false : VMs defined inline will be  global in scope if allowed.
2020-01-17 17:58:13,535 - Velocimacro : messages on  : VM system will output logging messages
2020-01-17 17:58:13,535 - Velocimacro : autoload off  : VM system will not automatically reload global library macros
2020-01-17 17:58:13,535 - Velocimacro : initialization complete.
2020-01-17 17:58:13,535 - Velocity successfully started.
2020-01-17 18:00:11,143 - SimpleLog4JLogSystem initialized using logfile 'velocity.log'
2020-01-17 18:00:11,146 - ************************************************************** 
2020-01-17 18:00:11,146 - Starting Jakarta Velocity v1.4
2020-01-17 18:00:11,146 - RuntimeInstance initializing.
2020-01-17 18:00:11,146 - Default Properties File: org/apache/velocity/runtime/defaults/velocity.properties
2020-01-17 18:00:11,146 - Trying to use logger class org.apache.velocity.runtime.log.SimpleLog4JLogSystem
2020-01-17 18:00:11,146 - Using logger class org.apache.velocity.runtime.log.SimpleLog4JLogSystem
2020-01-17 18:00:11,154 - Default ResourceManager initializing. (class org.apache.velocity.runtime.resource.ResourceManagerImpl)
2020-01-17 18:00:11,157 - Resource Loader Instantiated: org.apache.velocity.runtime.resource.loader.ClasspathResourceLoader
2020-01-17 18:00:11,157 - ClasspathResourceLoader : initialization starting.
2020-01-17 18:00:11,158 - ClasspathResourceLoader : initialization complete.
2020-01-17 18:00:11,159 - ResourceCache : initialized. (class org.apache.velocity.runtime.resource.ResourceCacheImpl)
2020-01-17 18:00:11,159 - Default ResourceManager initialization complete.
2020-01-17 18:00:11,162 - Loaded System Directive: org.apache.velocity.runtime.directive.Literal
2020-01-17 18:00:11,164 - Loaded System Directive: org.apache.velocity.runtime.directive.Macro
2020-01-17 18:00:11,168 - Loaded System Directive: org.apache.velocity.runtime.directive.Parse
2020-01-17 18:00:11,170 - Loaded System Directive: org.apache.velocity.runtime.directive.Include
2020-01-17 18:00:11,172 - Loaded System Directive: org.apache.velocity.runtime.directive.Foreach
2020-01-17 18:00:11,216 - Created: 20 parsers.
2020-01-17 18:00:11,225 - Velocimacro : initialization starting.
2020-01-17 18:00:11,226 - Velocimacro : adding VMs from VM library template : VM_global_library.vm
2020-01-17 18:00:11,229 - ResourceManager : unable to find resource 'VM_global_library.vm' in any resource loader.
2020-01-17 18:00:11,229 - Velocimacro : error using  VM library template VM_global_library.vm : org.apache.velocity.exception.ResourceNotFoundException: Unable to find resource 'VM_global_library.vm'
2020-01-17 18:00:11,229 - Velocimacro :  VM library template macro registration complete.
2020-01-17 18:00:11,229 - Velocimacro : allowInline = true : VMs can be defined inline in templates
2020-01-17 18:00:11,229 - Velocimacro : allowInlineToOverride = false : VMs defined inline may NOT replace previous VM definitions
2020-01-17 18:00:11,229 - Velocimacro : allowInlineLocal = false : VMs defined inline will be  global in scope if allowed.
2020-01-17 18:00:11,229 - Velocimacro : messages on  : VM system will output logging messages
2020-01-17 18:00:11,229 - Velocimacro : autoload off  : VM system will not automatically reload global library macros
2020-01-17 18:00:11,229 - Velocimacro : initialization complete.
2020-01-17 18:00:11,229 - Velocity successfully started.
2020-01-19 12:18:41,560 - SimpleLog4JLogSystem initialized using logfile 'velocity.log'
2020-01-19 12:18:41,561 - ************************************************************** 
2020-01-19 12:18:41,561 - Starting Jakarta Velocity v1.4
2020-01-19 12:18:41,561 - RuntimeInstance initializing.
2020-01-19 12:18:41,561 - Default Properties File: org/apache/velocity/runtime/defaults/velocity.properties
2020-01-19 12:18:41,561 - Trying to use logger class org.apache.velocity.runtime.log.SimpleLog4JLogSystem
2020-01-19 12:18:41,561 - Using logger class org.apache.velocity.runtime.log.SimpleLog4JLogSystem
2020-01-19 12:18:41,563 - Default ResourceManager initializing. (class org.apache.velocity.runtime.resource.ResourceManagerImpl)
2020-01-19 12:18:41,565 - Resource Loader Instantiated: org.apache.velocity.runtime.resource.loader.ClasspathResourceLoader
2020-01-19 12:18:41,565 - ClasspathResourceLoader : initialization starting.
2020-01-19 12:18:41,565 - ClasspathResourceLoader : initialization complete.
2020-01-19 12:18:41,566 - ResourceCache : initialized. (class org.apache.velocity.runtime.resource.ResourceCacheImpl)
2020-01-19 12:18:41,566 - Default ResourceManager initialization complete.
2020-01-19 12:18:41,567 - Loaded System Directive: org.apache.velocity.runtime.directive.Literal
2020-01-19 12:18:41,568 - Loaded System Directive: org.apache.velocity.runtime.directive.Macro
2020-01-19 12:18:41,570 - Loaded System Directive: org.apache.velocity.runtime.directive.Parse
2020-01-19 12:18:41,572 - Loaded System Directive: org.apache.velocity.runtime.directive.Include
2020-01-19 12:18:41,573 - Loaded System Directive: org.apache.velocity.runtime.directive.Foreach
2020-01-19 12:18:41,601 - Created: 20 parsers.
2020-01-19 12:18:41,605 - Velocimacro : initialization starting.
2020-01-19 12:18:41,605 - Velocimacro : adding VMs from VM library template : VM_global_library.vm
2020-01-19 12:18:41,608 - ResourceManager : unable to find resource 'VM_global_library.vm' in any resource loader.
2020-01-19 12:18:41,608 - Velocimacro : error using  VM library template VM_global_library.vm : org.apache.velocity.exception.ResourceNotFoundException: Unable to find resource 'VM_global_library.vm'
2020-01-19 12:18:41,608 - Velocimacro :  VM library template macro registration complete.
2020-01-19 12:18:41,608 - Velocimacro : allowInline = true : VMs can be defined inline in templates
2020-01-19 12:18:41,608 - Velocimacro : allowInlineToOverride = false : VMs defined inline may NOT replace previous VM definitions
2020-01-19 12:18:41,608 - Velocimacro : allowInlineLocal = false : VMs defined inline will be  global in scope if allowed.
2020-01-19 12:18:41,608 - Velocimacro : messages on  : VM system will output logging messages
2020-01-19 12:18:41,608 - Velocimacro : autoload off  : VM system will not automatically reload global library macros
2020-01-19 12:18:41,608 - Velocimacro : initialization complete.
2020-01-19 12:18:41,608 - Velocity successfully started.
2020-01-19 18:08:08,953 - SimpleLog4JLogSystem initialized using logfile 'velocity.log'
2020-01-19 18:08:08,968 - ************************************************************** 
2020-01-19 18:08:08,968 - Starting Jakarta Velocity v1.4
2020-01-19 18:08:08,968 - RuntimeInstance initializing.
2020-01-19 18:08:08,968 - Default Properties File: org/apache/velocity/runtime/defaults/velocity.properties
2020-01-19 18:08:08,969 - Trying to use logger class org.apache.velocity.runtime.log.SimpleLog4JLogSystem
2020-01-19 18:08:08,969 - Using logger class org.apache.velocity.runtime.log.SimpleLog4JLogSystem
2020-01-19 18:08:08,972 - Default ResourceManager initializing. (class org.apache.velocity.runtime.resource.ResourceManagerImpl)
2020-01-19 18:08:08,975 - Resource Loader Instantiated: org.apache.velocity.runtime.resource.loader.ClasspathResourceLoader
2020-01-19 18:08:08,975 - ClasspathResourceLoader : initialization starting.
2020-01-19 18:08:08,975 - ClasspathResourceLoader : initialization complete.
2020-01-19 18:08:08,976 - ResourceCache : initialized. (class org.apache.velocity.runtime.resource.ResourceCacheImpl)
2020-01-19 18:08:08,976 - Default ResourceManager initialization complete.
2020-01-19 18:08:08,979 - Loaded System Directive: org.apache.velocity.runtime.directive.Literal
2020-01-19 18:08:08,980 - Loaded System Directive: org.apache.velocity.runtime.directive.Macro
2020-01-19 18:08:08,983 - Loaded System Directive: org.apache.velocity.runtime.directive.Parse
2020-01-19 18:08:08,984 - Loaded System Directive: org.apache.velocity.runtime.directive.Include
2020-01-19 18:08:08,986 - Loaded System Directive: org.apache.velocity.runtime.directive.Foreach
2020-01-19 18:08:09,011 - Created: 20 parsers.
2020-01-19 18:08:09,016 - Velocimacro : initialization starting.
2020-01-19 18:08:09,017 - Velocimacro : adding VMs from VM library template : VM_global_library.vm
2020-01-19 18:08:09,020 - ResourceManager : unable to find resource 'VM_global_library.vm' in any resource loader.
2020-01-19 18:08:09,020 - Velocimacro : error using  VM library template VM_global_library.vm : org.apache.velocity.exception.ResourceNotFoundException: Unable to find resource 'VM_global_library.vm'
2020-01-19 18:08:09,020 - Velocimacro :  VM library template macro registration complete.
2020-01-19 18:08:09,020 - Velocimacro : allowInline = true : VMs can be defined inline in templates
2020-01-19 18:08:09,020 - Velocimacro : allowInlineToOverride = false : VMs defined inline may NOT replace previous VM definitions
2020-01-19 18:08:09,020 - Velocimacro : allowInlineLocal = false : VMs defined inline will be  global in scope if allowed.
2020-01-19 18:08:09,020 - Velocimacro : messages on  : VM system will output logging messages
2020-01-19 18:08:09,020 - Velocimacro : autoload off  : VM system will not automatically reload global library macros
2020-01-19 18:08:09,021 - Velocimacro : initialization complete.
2020-01-19 18:08:09,021 - Velocity successfully started.
2020-01-19 18:10:10,472 - SimpleLog4JLogSystem initialized using logfile 'velocity.log'
2020-01-19 18:10:10,473 - ************************************************************** 
2020-01-19 18:10:10,473 - Starting Jakarta Velocity v1.4
2020-01-19 18:10:10,473 - RuntimeInstance initializing.
2020-01-19 18:10:10,473 - Default Properties File: org/apache/velocity/runtime/defaults/velocity.properties
2020-01-19 18:10:10,473 - Trying to use logger class org.apache.velocity.runtime.log.SimpleLog4JLogSystem
2020-01-19 18:10:10,473 - Using logger class org.apache.velocity.runtime.log.SimpleLog4JLogSystem
2020-01-19 18:10:10,476 - Default ResourceManager initializing. (class org.apache.velocity.runtime.resource.ResourceManagerImpl)
2020-01-19 18:10:10,479 - Resource Loader Instantiated: org.apache.velocity.runtime.resource.loader.ClasspathResourceLoader
2020-01-19 18:10:10,479 - ClasspathResourceLoader : initialization starting.
2020-01-19 18:10:10,479 - ClasspathResourceLoader : initialization complete.
2020-01-19 18:10:10,480 - ResourceCache : initialized. (class org.apache.velocity.runtime.resource.ResourceCacheImpl)
2020-01-19 18:10:10,481 - Default ResourceManager initialization complete.
2020-01-19 18:10:10,483 - Loaded System Directive: org.apache.velocity.runtime.directive.Literal
2020-01-19 18:10:10,484 - Loaded System Directive: org.apache.velocity.runtime.directive.Macro
2020-01-19 18:10:10,487 - Loaded System Directive: org.apache.velocity.runtime.directive.Parse
2020-01-19 18:10:10,489 - Loaded System Directive: org.apache.velocity.runtime.directive.Include
2020-01-19 18:10:10,490 - Loaded System Directive: org.apache.velocity.runtime.directive.Foreach
2020-01-19 18:10:10,517 - Created: 20 parsers.
2020-01-19 18:10:10,522 - Velocimacro : initialization starting.
2020-01-19 18:10:10,522 - Velocimacro : adding VMs from VM library template : VM_global_library.vm
2020-01-19 18:10:10,525 - ResourceManager : unable to find resource 'VM_global_library.vm' in any resource loader.
2020-01-19 18:10:10,525 - Velocimacro : error using  VM library template VM_global_library.vm : org.apache.velocity.exception.ResourceNotFoundException: Unable to find resource 'VM_global_library.vm'
2020-01-19 18:10:10,525 - Velocimacro :  VM library template macro registration complete.
2020-01-19 18:10:10,526 - Velocimacro : allowInline = true : VMs can be defined inline in templates
2020-01-19 18:10:10,526 - Velocimacro : allowInlineToOverride = false : VMs defined inline may NOT replace previous VM definitions
2020-01-19 18:10:10,526 - Velocimacro : allowInlineLocal = false : VMs defined inline will be  global in scope if allowed.
2020-01-19 18:10:10,526 - Velocimacro : messages on  : VM system will output logging messages
2020-01-19 18:10:10,526 - Velocimacro : autoload off  : VM system will not automatically reload global library macros
2020-01-19 18:10:10,526 - Velocimacro : initialization complete.
2020-01-19 18:10:10,526 - Velocity successfully started.
2020-01-19 18:11:21,658 - SimpleLog4JLogSystem initialized using logfile 'velocity.log'
2020-01-19 18:11:21,659 - ************************************************************** 
2020-01-19 18:11:21,659 - Starting Jakarta Velocity v1.4
2020-01-19 18:11:21,659 - RuntimeInstance initializing.
2020-01-19 18:11:21,659 - Default Properties File: org/apache/velocity/runtime/defaults/velocity.properties
2020-01-19 18:11:21,659 - Trying to use logger class org.apache.velocity.runtime.log.SimpleLog4JLogSystem
2020-01-19 18:11:21,659 - Using logger class org.apache.velocity.runtime.log.SimpleLog4JLogSystem
2020-01-19 18:11:21,662 - Default ResourceManager initializing. (class org.apache.velocity.runtime.resource.ResourceManagerImpl)
2020-01-19 18:11:21,665 - Resource Loader Instantiated: org.apache.velocity.runtime.resource.loader.ClasspathResourceLoader
2020-01-19 18:11:21,665 - ClasspathResourceLoader : initialization starting.
2020-01-19 18:11:21,665 - ClasspathResourceLoader : initialization complete.
2020-01-19 18:11:21,667 - ResourceCache : initialized. (class org.apache.velocity.runtime.resource.ResourceCacheImpl)
2020-01-19 18:11:21,667 - Default ResourceManager initialization complete.
2020-01-19 18:11:21,669 - Loaded System Directive: org.apache.velocity.runtime.directive.Literal
2020-01-19 18:11:21,671 - Loaded System Directive: org.apache.velocity.runtime.directive.Macro
2020-01-19 18:11:21,673 - Loaded System Directive: org.apache.velocity.runtime.directive.Parse
2020-01-19 18:11:21,674 - Loaded System Directive: org.apache.velocity.runtime.directive.Include
2020-01-19 18:11:21,675 - Loaded System Directive: org.apache.velocity.runtime.directive.Foreach
2020-01-19 18:11:21,704 - Created: 20 parsers.
2020-01-19 18:11:21,710 - Velocimacro : initialization starting.
2020-01-19 18:11:21,710 - Velocimacro : adding VMs from VM library template : VM_global_library.vm
2020-01-19 18:11:21,713 - ResourceManager : unable to find resource 'VM_global_library.vm' in any resource loader.
2020-01-19 18:11:21,713 - Velocimacro : error using  VM library template VM_global_library.vm : org.apache.velocity.exception.ResourceNotFoundException: Unable to find resource 'VM_global_library.vm'
2020-01-19 18:11:21,713 - Velocimacro :  VM library template macro registration complete.
2020-01-19 18:11:21,713 - Velocimacro : allowInline = true : VMs can be defined inline in templates
2020-01-19 18:11:21,713 - Velocimacro : allowInlineToOverride = false : VMs defined inline may NOT replace previous VM definitions
2020-01-19 18:11:21,714 - Velocimacro : allowInlineLocal = false : VMs defined inline will be  global in scope if allowed.
2020-01-19 18:11:21,714 - Velocimacro : messages on  : VM system will output logging messages
2020-01-19 18:11:21,714 - Velocimacro : autoload off  : VM system will not automatically reload global library macros
2020-01-19 18:11:21,714 - Velocimacro : initialization complete.
2020-01-19 18:11:21,714 - Velocity successfully started.
2020-01-19 18:12:42,358 - ResourceManager : found repast/simphony/scenario/Scenario.vt with loader org.apache.velocity.runtime.resource.loader.ClasspathResourceLoader
2020-01-19 18:13:11,949 - ResourceManager : found repast/simphony/parameter/parameters.vt with loader org.apache.velocity.runtime.resource.loader.ClasspathResourceLoader
2020-01-19 21:50:12,017 - SimpleLog4JLogSystem initialized using logfile 'velocity.log'
2020-01-19 21:50:12,060 - ************************************************************** 
2020-01-19 21:50:12,060 - Starting Jakarta Velocity v1.4
2020-01-19 21:50:12,061 - RuntimeInstance initializing.
2020-01-19 21:50:12,061 - Default Properties File: org/apache/velocity/runtime/defaults/velocity.properties
2020-01-19 21:50:12,061 - Trying to use logger class org.apache.velocity.runtime.log.SimpleLog4JLogSystem
2020-01-19 21:50:12,061 - Using logger class org.apache.velocity.runtime.log.SimpleLog4JLogSystem
2020-01-19 21:50:12,064 - Default ResourceManager initializing. (class org.apache.velocity.runtime.resource.ResourceManagerImpl)
2020-01-19 21:50:12,068 - Resource Loader Instantiated: org.apache.velocity.runtime.resource.loader.ClasspathResourceLoader
2020-01-19 21:50:12,068 - ClasspathResourceLoader : initialization starting.
2020-01-19 21:50:12,068 - ClasspathResourceLoader : initialization complete.
2020-01-19 21:50:12,070 - ResourceCache : initialized. (class org.apache.velocity.runtime.resource.ResourceCacheImpl)
2020-01-19 21:50:12,070 - Default ResourceManager initialization complete.
2020-01-19 21:50:12,073 - Loaded System Directive: org.apache.velocity.runtime.directive.Literal
2020-01-19 21:50:12,075 - Loaded System Directive: org.apache.velocity.runtime.directive.Macro
2020-01-19 21:50:12,077 - Loaded System Directive: org.apache.velocity.runtime.directive.Parse
2020-01-19 21:50:12,078 - Loaded System Directive: org.apache.velocity.runtime.directive.Include
2020-01-19 21:50:12,079 - Loaded System Directive: org.apache.velocity.runtime.directive.Foreach
2020-01-19 21:50:12,185 - Created: 20 parsers.
2020-01-19 21:50:12,190 - Velocimacro : initialization starting.
2020-01-19 21:50:12,190 - Velocimacro : adding VMs from VM library template : VM_global_library.vm
2020-01-19 21:50:14,634 - ResourceManager : unable to find resource 'VM_global_library.vm' in any resource loader.
2020-01-19 21:50:14,634 - Velocimacro : error using  VM library template VM_global_library.vm : org.apache.velocity.exception.ResourceNotFoundException: Unable to find resource 'VM_global_library.vm'
2020-01-19 21:50:14,634 - Velocimacro :  VM library template macro registration complete.
2020-01-19 21:50:14,634 - Velocimacro : allowInline = true : VMs can be defined inline in templates
2020-01-19 21:50:14,634 - Velocimacro : allowInlineToOverride = false : VMs defined inline may NOT replace previous VM definitions
2020-01-19 21:50:14,635 - Velocimacro : allowInlineLocal = false : VMs defined inline will be  global in scope if allowed.
2020-01-19 21:50:14,635 - Velocimacro : messages on  : VM system will output logging messages
2020-01-19 21:50:14,635 - Velocimacro : autoload off  : VM system will not automatically reload global library macros
2020-01-19 21:50:14,635 - Velocimacro : initialization complete.
2020-01-19 21:50:14,635 - Velocity successfully started.
2020-01-19 22:18:20,794 - SimpleLog4JLogSystem initialized using logfile 'velocity.log'
2020-01-19 22:18:20,808 - ************************************************************** 
2020-01-19 22:18:20,808 - Starting Jakarta Velocity v1.4
2020-01-19 22:18:20,808 - RuntimeInstance initializing.
2020-01-19 22:18:20,808 - Default Properties File: org/apache/velocity/runtime/defaults/velocity.properties
2020-01-19 22:18:20,808 - Trying to use logger class org.apache.velocity.runtime.log.SimpleLog4JLogSystem
2020-01-19 22:18:20,808 - Using logger class org.apache.velocity.runtime.log.SimpleLog4JLogSystem
2020-01-19 22:18:20,812 - Default ResourceManager initializing. (class org.apache.velocity.runtime.resource.ResourceManagerImpl)
2020-01-19 22:18:20,814 - Resource Loader Instantiated: org.apache.velocity.runtime.resource.loader.ClasspathResourceLoader
2020-01-19 22:18:20,815 - ClasspathResourceLoader : initialization starting.
2020-01-19 22:18:20,815 - ClasspathResourceLoader : initialization complete.
2020-01-19 22:18:20,816 - ResourceCache : initialized. (class org.apache.velocity.runtime.resource.ResourceCacheImpl)
2020-01-19 22:18:20,816 - Default ResourceManager initialization complete.
2020-01-19 22:18:20,818 - Loaded System Directive: org.apache.velocity.runtime.directive.Literal
2020-01-19 22:18:20,820 - Loaded System Directive: org.apache.velocity.runtime.directive.Macro
2020-01-19 22:18:20,823 - Loaded System Directive: org.apache.velocity.runtime.directive.Parse
2020-01-19 22:18:20,825 - Loaded System Directive: org.apache.velocity.runtime.directive.Include
2020-01-19 22:18:20,826 - Loaded System Directive: org.apache.velocity.runtime.directive.Foreach
2020-01-19 22:18:20,853 - Created: 20 parsers.
2020-01-19 22:18:20,859 - Velocimacro : initialization starting.
2020-01-19 22:18:20,859 - Velocimacro : adding VMs from VM library template : VM_global_library.vm
2020-01-19 22:18:20,862 - ResourceManager : unable to find resource 'VM_global_library.vm' in any resource loader.
2020-01-19 22:18:20,863 - Velocimacro : error using  VM library template VM_global_library.vm : org.apache.velocity.exception.ResourceNotFoundException: Unable to find resource 'VM_global_library.vm'
2020-01-19 22:18:20,863 - Velocimacro :  VM library template macro registration complete.
2020-01-19 22:18:20,863 - Velocimacro : allowInline = true : VMs can be defined inline in templates
2020-01-19 22:18:20,863 - Velocimacro : allowInlineToOverride = false : VMs defined inline may NOT replace previous VM definitions
2020-01-19 22:18:20,863 - Velocimacro : allowInlineLocal = false : VMs defined inline will be  global in scope if allowed.
2020-01-19 22:18:20,863 - Velocimacro : messages on  : VM system will output logging messages
2020-01-19 22:18:20,863 - Velocimacro : autoload off  : VM system will not automatically reload global library macros
2020-01-19 22:18:20,863 - Velocimacro : initialization complete.
2020-01-19 22:18:20,863 - Velocity successfully started.
2020-01-19 22:25:16,932 - SimpleLog4JLogSystem initialized using logfile 'velocity.log'
2020-01-19 22:25:16,932 - ************************************************************** 
2020-01-19 22:25:16,932 - Starting Jakarta Velocity v1.4
2020-01-19 22:25:16,933 - RuntimeInstance initializing.
2020-01-19 22:25:16,933 - Default Properties File: org/apache/velocity/runtime/defaults/velocity.properties
2020-01-19 22:25:16,933 - Trying to use logger class org.apache.velocity.runtime.log.SimpleLog4JLogSystem
2020-01-19 22:25:16,933 - Using logger class org.apache.velocity.runtime.log.SimpleLog4JLogSystem
2020-01-19 22:25:16,936 - Default ResourceManager initializing. (class org.apache.velocity.runtime.resource.ResourceManagerImpl)
2020-01-19 22:25:16,938 - Resource Loader Instantiated: org.apache.velocity.runtime.resource.loader.ClasspathResourceLoader
2020-01-19 22:25:16,939 - ClasspathResourceLoader : initialization starting.
2020-01-19 22:25:16,939 - ClasspathResourceLoader : initialization complete.
2020-01-19 22:25:16,940 - ResourceCache : initialized. (class org.apache.velocity.runtime.resource.ResourceCacheImpl)
2020-01-19 22:25:16,940 - Default ResourceManager initialization complete.
2020-01-19 22:25:16,942 - Loaded System Directive: org.apache.velocity.runtime.directive.Literal
2020-01-19 22:25:16,944 - Loaded System Directive: org.apache.velocity.runtime.directive.Macro
2020-01-19 22:25:16,946 - Loaded System Directive: org.apache.velocity.runtime.directive.Parse
2020-01-19 22:25:16,948 - Loaded System Directive: org.apache.velocity.runtime.directive.Include
2020-01-19 22:25:16,949 - Loaded System Directive: org.apache.velocity.runtime.directive.Foreach
2020-01-19 22:25:16,973 - Created: 20 parsers.
2020-01-19 22:25:16,979 - Velocimacro : initialization starting.
2020-01-19 22:25:16,979 - Velocimacro : adding VMs from VM library template : VM_global_library.vm
2020-01-19 22:25:16,981 - ResourceManager : unable to find resource 'VM_global_library.vm' in any resource loader.
2020-01-19 22:25:16,982 - Velocimacro : error using  VM library template VM_global_library.vm : org.apache.velocity.exception.ResourceNotFoundException: Unable to find resource 'VM_global_library.vm'
2020-01-19 22:25:16,982 - Velocimacro :  VM library template macro registration complete.
2020-01-19 22:25:16,982 - Velocimacro : allowInline = true : VMs can be defined inline in templates
2020-01-19 22:25:16,982 - Velocimacro : allowInlineToOverride = false : VMs defined inline may NOT replace previous VM definitions
2020-01-19 22:25:16,982 - Velocimacro : allowInlineLocal = false : VMs defined inline will be  global in scope if allowed.
2020-01-19 22:25:16,982 - Velocimacro : messages on  : VM system will output logging messages
2020-01-19 22:25:16,982 - Velocimacro : autoload off  : VM system will not automatically reload global library macros
2020-01-19 22:25:16,982 - Velocimacro : initialization complete.
2020-01-19 22:25:16,982 - Velocity successfully started.
2020-01-19 22:26:16,788 - ResourceManager : found repast/simphony/parameter/parameters.vt with loader org.apache.velocity.runtime.resource.loader.ClasspathResourceLoader
2020-01-19 22:28:05,278 - ResourceManager : found repast/simphony/parameter/parameters.vt with loader org.apache.velocity.runtime.resource.loader.ClasspathResourceLoader
2020-01-19 22:50:38,759 - SimpleLog4JLogSystem initialized using logfile 'velocity.log'
2020-01-19 22:50:38,760 - ************************************************************** 
2020-01-19 22:50:38,760 - Starting Jakarta Velocity v1.4
2020-01-19 22:50:38,760 - RuntimeInstance initializing.
2020-01-19 22:50:38,760 - Default Properties File: org/apache/velocity/runtime/defaults/velocity.properties
2020-01-19 22:50:38,760 - Trying to use logger class org.apache.velocity.runtime.log.SimpleLog4JLogSystem
2020-01-19 22:50:38,760 - Using logger class org.apache.velocity.runtime.log.SimpleLog4JLogSystem
2020-01-19 22:50:38,763 - Default ResourceManager initializing. (class org.apache.velocity.runtime.resource.ResourceManagerImpl)
2020-01-19 22:50:38,765 - Resource Loader Instantiated: org.apache.velocity.runtime.resource.loader.ClasspathResourceLoader
2020-01-19 22:50:38,765 - ClasspathResourceLoader : initialization starting.
2020-01-19 22:50:38,765 - ClasspathResourceLoader : initialization complete.
2020-01-19 22:50:38,767 - ResourceCache : initialized. (class org.apache.velocity.runtime.resource.ResourceCacheImpl)
2020-01-19 22:50:38,767 - Default ResourceManager initialization complete.
2020-01-19 22:50:38,769 - Loaded System Directive: org.apache.velocity.runtime.directive.Literal
2020-01-19 22:50:38,771 - Loaded System Directive: org.apache.velocity.runtime.directive.Macro
2020-01-19 22:50:38,774 - Loaded System Directive: org.apache.velocity.runtime.directive.Parse
2020-01-19 22:50:38,776 - Loaded System Directive: org.apache.velocity.runtime.directive.Include
2020-01-19 22:50:38,777 - Loaded System Directive: org.apache.velocity.runtime.directive.Foreach
2020-01-19 22:50:38,803 - Created: 20 parsers.
2020-01-19 22:50:38,809 - Velocimacro : initialization starting.
2020-01-19 22:50:38,809 - Velocimacro : adding VMs from VM library template : VM_global_library.vm
2020-01-19 22:50:38,813 - ResourceManager : unable to find resource 'VM_global_library.vm' in any resource loader.
2020-01-19 22:50:38,813 - Velocimacro : error using  VM library template VM_global_library.vm : org.apache.velocity.exception.ResourceNotFoundException: Unable to find resource 'VM_global_library.vm'
2020-01-19 22:50:38,813 - Velocimacro :  VM library template macro registration complete.
2020-01-19 22:50:38,813 - Velocimacro : allowInline = true : VMs can be defined inline in templates
2020-01-19 22:50:38,813 - Velocimacro : allowInlineToOverride = false : VMs defined inline may NOT replace previous VM definitions
2020-01-19 22:50:38,813 - Velocimacro : allowInlineLocal = false : VMs defined inline will be  global in scope if allowed.
2020-01-19 22:50:38,814 - Velocimacro : messages on  : VM system will output logging messages
2020-01-19 22:50:38,814 - Velocimacro : autoload off  : VM system will not automatically reload global library macros
2020-01-19 22:50:38,814 - Velocimacro : initialization complete.
2020-01-19 22:50:38,814 - Velocity successfully started.
2020-01-19 22:54:55,994 - SimpleLog4JLogSystem initialized using logfile 'velocity.log'
2020-01-19 22:54:55,994 - ************************************************************** 
2020-01-19 22:54:55,994 - Starting Jakarta Velocity v1.4
2020-01-19 22:54:55,994 - RuntimeInstance initializing.
2020-01-19 22:54:55,994 - Default Properties File: org/apache/velocity/runtime/defaults/velocity.properties
2020-01-19 22:54:55,995 - Trying to use logger class org.apache.velocity.runtime.log.SimpleLog4JLogSystem
2020-01-19 22:54:55,995 - Using logger class org.apache.velocity.runtime.log.SimpleLog4JLogSystem
2020-01-19 22:54:55,998 - Default ResourceManager initializing. (class org.apache.velocity.runtime.resource.ResourceManagerImpl)
2020-01-19 22:54:56,000 - Resource Loader Instantiated: org.apache.velocity.runtime.resource.loader.ClasspathResourceLoader
2020-01-19 22:54:56,000 - ClasspathResourceLoader : initialization starting.
2020-01-19 22:54:56,001 - ClasspathResourceLoader : initialization complete.
2020-01-19 22:54:56,002 - ResourceCache : initialized. (class org.apache.velocity.runtime.resource.ResourceCacheImpl)
2020-01-19 22:54:56,002 - Default ResourceManager initialization complete.
2020-01-19 22:54:56,004 - Loaded System Directive: org.apache.velocity.runtime.directive.Literal
2020-01-19 22:54:56,006 - Loaded System Directive: org.apache.velocity.runtime.directive.Macro
2020-01-19 22:54:56,008 - Loaded System Directive: org.apache.velocity.runtime.directive.Parse
2020-01-19 22:54:56,010 - Loaded System Directive: org.apache.velocity.runtime.directive.Include
2020-01-19 22:54:56,011 - Loaded System Directive: org.apache.velocity.runtime.directive.Foreach
2020-01-19 22:54:56,038 - Created: 20 parsers.
2020-01-19 22:54:56,044 - Velocimacro : initialization starting.
2020-01-19 22:54:56,044 - Velocimacro : adding VMs from VM library template : VM_global_library.vm
2020-01-19 22:54:56,047 - ResourceManager : unable to find resource 'VM_global_library.vm' in any resource loader.
2020-01-19 22:54:56,047 - Velocimacro : error using  VM library template VM_global_library.vm : org.apache.velocity.exception.ResourceNotFoundException: Unable to find resource 'VM_global_library.vm'
2020-01-19 22:54:56,047 - Velocimacro :  VM library template macro registration complete.
2020-01-19 22:54:56,047 - Velocimacro : allowInline = true : VMs can be defined inline in templates
2020-01-19 22:54:56,048 - Velocimacro : allowInlineToOverride = false : VMs defined inline may NOT replace previous VM definitions
2020-01-19 22:54:56,048 - Velocimacro : allowInlineLocal = false : VMs defined inline will be  global in scope if allowed.
2020-01-19 22:54:56,048 - Velocimacro : messages on  : VM system will output logging messages
2020-01-19 22:54:56,048 - Velocimacro : autoload off  : VM system will not automatically reload global library macros
2020-01-19 22:54:56,048 - Velocimacro : initialization complete.
2020-01-19 22:54:56,048 - Velocity successfully started.
2020-01-22 09:55:41,088 - SimpleLog4JLogSystem initialized using logfile 'velocity.log'
2020-01-22 09:55:41,097 - ************************************************************** 
2020-01-22 09:55:41,098 - Starting Jakarta Velocity v1.4
2020-01-22 09:55:41,098 - RuntimeInstance initializing.
2020-01-22 09:55:41,098 - Default Properties File: org/apache/velocity/runtime/defaults/velocity.properties
2020-01-22 09:55:41,098 - Trying to use logger class org.apache.velocity.runtime.log.SimpleLog4JLogSystem
2020-01-22 09:55:41,098 - Using logger class org.apache.velocity.runtime.log.SimpleLog4JLogSystem
2020-01-22 09:55:41,103 - Default ResourceManager initializing. (class org.apache.velocity.runtime.resource.ResourceManagerImpl)
2020-01-22 09:55:41,106 - Resource Loader Instantiated: org.apache.velocity.runtime.resource.loader.ClasspathResourceLoader
2020-01-22 09:55:41,107 - ClasspathResourceLoader : initialization starting.
2020-01-22 09:55:41,107 - ClasspathResourceLoader : initialization complete.
2020-01-22 09:55:41,108 - ResourceCache : initialized. (class org.apache.velocity.runtime.resource.ResourceCacheImpl)
2020-01-22 09:55:41,108 - Default ResourceManager initialization complete.
2020-01-22 09:55:41,110 - Loaded System Directive: org.apache.velocity.runtime.directive.Literal
2020-01-22 09:55:41,112 - Loaded System Directive: org.apache.velocity.runtime.directive.Macro
2020-01-22 09:55:41,114 - Loaded System Directive: org.apache.velocity.runtime.directive.Parse
2020-01-22 09:55:41,116 - Loaded System Directive: org.apache.velocity.runtime.directive.Include
2020-01-22 09:55:41,117 - Loaded System Directive: org.apache.velocity.runtime.directive.Foreach
2020-01-22 09:55:41,146 - Created: 20 parsers.
2020-01-22 09:55:41,152 - Velocimacro : initialization starting.
2020-01-22 09:55:41,152 - Velocimacro : adding VMs from VM library template : VM_global_library.vm
2020-01-22 09:55:41,156 - ResourceManager : unable to find resource 'VM_global_library.vm' in any resource loader.
2020-01-22 09:55:41,156 - Velocimacro : error using  VM library template VM_global_library.vm : org.apache.velocity.exception.ResourceNotFoundException: Unable to find resource 'VM_global_library.vm'
2020-01-22 09:55:41,156 - Velocimacro :  VM library template macro registration complete.
2020-01-22 09:55:41,156 - Velocimacro : allowInline = true : VMs can be defined inline in templates
2020-01-22 09:55:41,156 - Velocimacro : allowInlineToOverride = false : VMs defined inline may NOT replace previous VM definitions
2020-01-22 09:55:41,156 - Velocimacro : allowInlineLocal = false : VMs defined inline will be  global in scope if allowed.
2020-01-22 09:55:41,156 - Velocimacro : messages on  : VM system will output logging messages
2020-01-22 09:55:41,156 - Velocimacro : autoload off  : VM system will not automatically reload global library macros
2020-01-22 09:55:41,156 - Velocimacro : initialization complete.
2020-01-22 09:55:41,156 - Velocity successfully started.
2020-01-22 09:58:04,638 - ResourceManager : found repast/simphony/parameter/parameters.vt with loader org.apache.velocity.runtime.resource.loader.ClasspathResourceLoader
